<?xml version="1.0" encoding="UTF-8"?>
<testsuites name="Report testing" time="4708" tests="30" failures="0" errors="0">
   <testsuite name="Report testing" tests="30" failures="0" errors="0" time="4708" timestamp="2019-03-11 16:15:51" hostname="rkulkarn - 41XHMV1-E6330.callidussoftware.com" id="Test Suites/Report testing">
      <properties>
         <property name="deviceName" value=""/>
         <property name="devicePlatform" value=""/>
         <property name="logFolder" value="C:\\Users\\rkulkarn\\git\\commissionUAT_Jan28\\Reports\\Report testing\\20190311_161542"/>
         <property name="logFiles" value="C:\\Users\\rkulkarn\\git\\commissionUAT_Jan28\\Reports\\Report testing\\20190311_161542\\execution0.log"/>
         <property name="attachments" value=""/>
         <property name="hostName" value="rkulkarn - 41XHMV1-E6330.callidussoftware.com"/>
         <property name="os" value="Windows 10 64bit"/>
         <property name="katalonVersion" value="5.10.1.1"/>
         <property name="browser" value="Chrome 72.0.3626.121"/>
         <property name="hostAddress" value="192.168.241.8"/>
         <property name="sessionId" value="2696518670be7a8ce27b769753526446"/>
         <property name="seleniumVersion" value="3.7.1"/>
         <property name="proxyInformation" value="ProxyInformation{proxyOption=NO_PROXY, proxyServerType=HTTP, password=, proxyServerAddress=, proxyServerPort=0}"/>
         <property name="platform" value="Windows 10"/>
      </properties>
      <testcase name="Test Cases/Compensation_Elements_Workspace/Fixed_Value_exist in the  system" classname="Test Cases/Compensation_Elements_Workspace/Fixed_Value_exist in the  system" status="PASSED">
         <system-out><![CDATA[2019-03-11 16:15:52 - [TEST_CASE][PASSED] - Test Cases/Compensation_Elements_Workspace/Fixed_Value_exist in the  system: Test Cases/Compensation_Elements_Workspace/Fixed_Value_exist in the  system

2019-03-11 16:15:52 - [TEST_STEP][PASSED] - Start listener action : sampleBeforeTestCase: null

2019-03-11 16:15:52 - [TEST_STEP][PASSED] - println(testCaseContext.getTestCaseId()): null

2019-03-11 16:15:52 - [TEST_STEP][PASSED] - println(testCaseContext.getTestCaseVariables()): null

2019-03-11 16:15:53 - [TEST_STEP][PASSED] - callTestCase(findTestCase("Commission Login_Logout/Commission Login"), [:], STOP_ON_FAILURE): Call Test Case 'Test Cases/Commission Login_Logout/Commission Login' successfully

2019-03-11 16:15:53 - [TEST_CASE][PASSED] - Test Cases/Commission Login_Logout/Commission Login: Test Cases/Commission Login_Logout/Commission Login

2019-03-11 16:15:54 - [TEST_STEP][PASSED] - openBrowser(""): Browser is opened with url: ''

2019-03-11 16:15:54 - [MESSAGE][INFO] - Starting 'Chrome' driver

2019-03-11 16:15:54 - [MESSAGE][INFO] - Action delay is set to 1 seconds

2019-03-11 16:16:02 - [MESSAGE][PASSED] - Browser is opened with url: ''

2019-03-11 16:16:02 - [TEST_STEP][PASSED] - navigateToUrl(BecURL): Navigate to 'https://biz3-tst.callidusondemand.com/SalesPortal/#!/' successfully

2019-03-11 16:16:19 - [MESSAGE][PASSED] - Navigate to 'https://biz3-tst.callidusondemand.com/SalesPortal/#!/' successfully

2019-03-11 16:16:19 - [TEST_STEP][PASSED] - maximizeWindow(): Current window maximized

2019-03-11 16:16:21 - [MESSAGE][PASSED] - Current window maximized

2019-03-11 16:16:21 - [TEST_STEP][PASSED] - Assert.assertEquals(getText(findTestObject("LoginPage/Header_homepage")), header_name): Text of object 'Object Repository/LoginPage/Header_homepage' is: 'Sales Performance Home '

2019-03-11 16:16:23 - [MESSAGE][PASSED] - Text of object 'Object Repository/LoginPage/Header_homepage' is: 'Sales Performance Home '

2019-03-11 16:16:23 - [TEST_STEP][PASSED] - setText(findTestObject("LoginPage/input_Username_username"), Bec_UserName): Text 'rkulkarn@calliduscloud.com' is set on object 'Object Repository/LoginPage/input_Username_username'

2019-03-11 16:16:27 - [MESSAGE][PASSED] - Text 'rkulkarn@calliduscloud.com' is set on object 'Object Repository/LoginPage/input_Username_username'

2019-03-11 16:16:27 - [TEST_STEP][PASSED] - setText(findTestObject("LoginPage/input_Password_password"), Bec_Password): Text 'Augg@1234' is set on object 'Object Repository/LoginPage/input_Password_password'

2019-03-11 16:16:32 - [MESSAGE][PASSED] - Text 'Augg@1234' is set on object 'Object Repository/LoginPage/input_Password_password'

2019-03-11 16:16:32 - [TEST_STEP][PASSED] - waitForElementClickable(findTestObject("LoginPage/Login_Button"), 2): Object 'Object Repository/LoginPage/Login_Button' is clickable

2019-03-11 16:16:34 - [MESSAGE][PASSED] - Object 'Object Repository/LoginPage/Login_Button' is clickable

2019-03-11 16:16:34 - [TEST_STEP][PASSED] - click(findTestObject("LoginPage/Login_Button")): Object: 'Object Repository/LoginPage/Login_Button' is clicked on

2019-03-11 16:16:36 - [MESSAGE][PASSED] - Object: 'Object Repository/LoginPage/Login_Button' is clicked on

2019-03-11 16:16:36 - [TEST_STEP][PASSED] - waitForPageLoad(2): Wait for page load successfully

2019-03-11 16:16:37 - [MESSAGE][PASSED] - Wait for page load successfully

2019-03-11 16:16:37 - [TEST_STEP][PASSED] - click(findTestObject("MessagesPage/Icon_Apps")): Object: 'Object Repository/MessagesPage/Icon_Apps' is clicked on

2019-03-11 16:16:41 - [MESSAGE][PASSED] - Object: 'Object Repository/MessagesPage/Icon_Apps' is clicked on

2019-03-11 16:16:41 - [TEST_STEP][PASSED] - mouseOver(findTestObject("MessagesPage/Link_Commissions")): Object: 'Object Repository/MessagesPage/Link_Commissions' is hovered

2019-03-11 16:16:44 - [MESSAGE][PASSED] - Object: 'Object Repository/MessagesPage/Link_Commissions' is hovered

2019-03-11 16:16:44 - [TEST_STEP][PASSED] - scrollToElement(findTestObject("MessagesPage/Link_Commissions"), 1): Scroll to object 'Object Repository/MessagesPage/Link_Commissions' successfully

2019-03-11 16:16:46 - [MESSAGE][PASSED] - Scroll to object 'Object Repository/MessagesPage/Link_Commissions' successfully

2019-03-11 16:16:46 - [TEST_STEP][PASSED] - click(findTestObject("MessagesPage/Link_Commissions")): Object: 'Object Repository/MessagesPage/Link_Commissions' is clicked on

2019-03-11 16:17:12 - [MESSAGE][PASSED] - Object: 'Object Repository/MessagesPage/Link_Commissions' is clicked on

2019-03-11 16:17:12 - [TEST_STEP][PASSED] - click(findTestObject("LoginPage/User_id")): Object: 'Object Repository/LoginPage/User_id' is clicked on

2019-03-11 16:17:15 - [MESSAGE][PASSED] - Object: 'Object Repository/LoginPage/User_id' is clicked on

2019-03-11 16:17:15 - [TEST_STEP][PASSED] - waitForElementVisible(findTestObject("LoginPage/user_name"), 1): Object 'Object Repository/LoginPage/user_name' is visible

2019-03-11 16:17:17 - [MESSAGE][PASSED] - Object 'Object Repository/LoginPage/user_name' is visible

2019-03-11 16:17:17 - [TEST_STEP][PASSED] - Assert.assertEquals(getText(findTestObject("LoginPage/user_name")), User_name): Text of object 'Object Repository/LoginPage/user_name' is: 'rkulkarn@calliduscloud.com'

2019-03-11 16:17:19 - [MESSAGE][PASSED] - Text of object 'Object Repository/LoginPage/user_name' is: 'rkulkarn@calliduscloud.com'

2019-03-11 16:17:19 - [TEST_STEP][PASSED] - waitForPageLoad(3): Wait for page load successfully

2019-03-11 16:17:20 - [MESSAGE][PASSED] - Wait for page load successfully

2019-03-11 16:17:20 - [MESSAGE][PASSED] - Call Test Case 'Test Cases/Commission Login_Logout/Commission Login' successfully

2019-03-11 16:17:20 - [TEST_STEP][PASSED] - mouseOver(findTestObject("HomePage_Commission/Commission_CompensationElements/Icon_Compensationelement")): Object: 'Object Repository/HomePage_Commission/Commission_CompensationElements/Icon_Compensationelement' is hovered

2019-03-11 16:17:23 - [MESSAGE][PASSED] - Object: 'Object Repository/HomePage_Commission/Commission_CompensationElements/Icon_Compensationelement' is hovered

2019-03-11 16:17:23 - [TEST_STEP][PASSED] - waitForElementPresent(findTestObject("HomePage_Commission/Commission_CompensationElements/Icon_Compensationelement"), 3): Object 'Object Repository/HomePage_Commission/Commission_CompensationElements/Icon_Compensationelement' is present

2019-03-11 16:17:24 - [MESSAGE][PASSED] - Object 'Object Repository/HomePage_Commission/Commission_CompensationElements/Icon_Compensationelement' is present

2019-03-11 16:17:24 - [TEST_STEP][PASSED] - click(findTestObject("HomePage_Commission/Commission_CompensationElements/Icon_Compensationelement")): Object: 'Object Repository/HomePage_Commission/Commission_CompensationElements/Icon_Compensationelement' is clicked on

2019-03-11 16:17:26 - [MESSAGE][PASSED] - Object: 'Object Repository/HomePage_Commission/Commission_CompensationElements/Icon_Compensationelement' is clicked on

2019-03-11 16:17:26 - [TEST_STEP][PASSED] - Assert.assertEquals(getText(findTestObject("Assertion_objects/Compensation_elements")), Compensation_ele): Text of object 'Object Repository/Assertion_objects/Compensation_elements' is: 'Compensation Elements'

2019-03-11 16:17:28 - [MESSAGE][PASSED] - Text of object 'Object Repository/Assertion_objects/Compensation_elements' is: 'Compensation Elements'

2019-03-11 16:17:28 - [TEST_STEP][PASSED] - println("User is able to navigate to Plan tab"): null

2019-03-11 16:17:28 - [TEST_STEP][PASSED] - waitForElementVisible(findTestObject("HomePage_Commission/Commission_CompensationElements/Link_Fixed Value"), 1): Object 'Object Repository/HomePage_Commission/Commission_CompensationElements/Link_Fixed Value' is visible

2019-03-11 16:17:30 - [MESSAGE][PASSED] - Object 'Object Repository/HomePage_Commission/Commission_CompensationElements/Link_Fixed Value' is visible

2019-03-11 16:17:30 - [TEST_STEP][PASSED] - mouseOver(findTestObject("HomePage_Commission/Commission_CompensationElements/Link_Fixed Value"), STOP_ON_FAILURE): Object: 'Object Repository/HomePage_Commission/Commission_CompensationElements/Link_Fixed Value' is hovered

2019-03-11 16:17:34 - [MESSAGE][PASSED] - Object: 'Object Repository/HomePage_Commission/Commission_CompensationElements/Link_Fixed Value' is hovered

2019-03-11 16:17:34 - [TEST_STEP][PASSED] - click(findTestObject("HomePage_Commission/Commission_CompensationElements/Link_Fixed Value")): Object: 'Object Repository/HomePage_Commission/Commission_CompensationElements/Link_Fixed Value' is clicked on

2019-03-11 16:17:46 - [MESSAGE][PASSED] - Object: 'Object Repository/HomePage_Commission/Commission_CompensationElements/Link_Fixed Value' is clicked on

2019-03-11 16:17:46 - [TEST_STEP][PASSED] - Assert.assertEquals(getText(findTestObject("Assertion_objects/Fixed_value")), FV_Name): Text of object 'Object Repository/Assertion_objects/Fixed_value' is: 'Fixed Values'

2019-03-11 16:17:49 - [MESSAGE][PASSED] - Text of object 'Object Repository/Assertion_objects/Fixed_value' is: 'Fixed Values'

2019-03-11 16:17:49 - [TEST_STEP][PASSED] - println("User Navigated to Fixed Values screen"): null

2019-03-11 16:17:49 - [TEST_STEP][PASSED] - if (verifyElementClickable(findTestObject("AdvanceSearch_Page/Advanced_searchtext"))): null

2019-03-11 16:17:51 - [MESSAGE][PASSED] - Object 'Object Repository/AdvanceSearch_Page/Advanced_searchtext' is clickable

2019-03-11 16:17:51 - [TEST_STEP][PASSED] - click(findTestObject("AdvanceSearch_Page/Icon_Advanced Search")): Object: 'Object Repository/AdvanceSearch_Page/Icon_Advanced Search' is clicked on

2019-03-11 16:17:54 - [MESSAGE][PASSED] - Object: 'Object Repository/AdvanceSearch_Page/Icon_Advanced Search' is clicked on

2019-03-11 16:17:54 - [TEST_STEP][PASSED] - println("Performing advance search"): null

2019-03-11 16:17:54 - [TEST_STEP][PASSED] - click(findTestObject("AdvanceSearch_Page/FieldName_DropDown")): Object: 'Object Repository/AdvanceSearch_Page/FieldName_DropDown' is clicked on

2019-03-11 16:17:56 - [MESSAGE][PASSED] - Object: 'Object Repository/AdvanceSearch_Page/FieldName_DropDown' is clicked on

2019-03-11 16:17:56 - [TEST_STEP][PASSED] - scrollToElement(findTestObject("AdvanceSearch_Page/option_Compensations Elements"), 4): Scroll to object 'Object Repository/AdvanceSearch_Page/option_Compensations Elements' successfully

2019-03-11 16:17:58 - [MESSAGE][PASSED] - Scroll to object 'Object Repository/AdvanceSearch_Page/option_Compensations Elements' successfully

2019-03-11 16:17:58 - [TEST_STEP][PASSED] - click(findTestObject("AdvanceSearch_Page/option_Compensations Elements")): Object: 'Object Repository/AdvanceSearch_Page/option_Compensations Elements' is clicked on

2019-03-11 16:18:00 - [MESSAGE][PASSED] - Object: 'Object Repository/AdvanceSearch_Page/option_Compensations Elements' is clicked on

2019-03-11 16:18:00 - [TEST_STEP][PASSED] - click(findTestObject("AdvanceSearch_Page/td_Comparision")): Object: 'Object Repository/AdvanceSearch_Page/td_Comparision' is clicked on

2019-03-11 16:18:02 - [MESSAGE][PASSED] - Object: 'Object Repository/AdvanceSearch_Page/td_Comparision' is clicked on

2019-03-11 16:18:02 - [TEST_STEP][PASSED] - scrollToElement(findTestObject("AdvanceSearch_Page/option_Equals"), 2): Scroll to object 'Object Repository/AdvanceSearch_Page/option_Equals' successfully

2019-03-11 16:18:04 - [MESSAGE][PASSED] - Scroll to object 'Object Repository/AdvanceSearch_Page/option_Equals' successfully

2019-03-11 16:18:04 - [TEST_STEP][PASSED] - click(findTestObject("AdvanceSearch_Page/option_Equals")): Object: 'Object Repository/AdvanceSearch_Page/option_Equals' is clicked on

2019-03-11 16:18:07 - [MESSAGE][PASSED] - Object: 'Object Repository/AdvanceSearch_Page/option_Equals' is clicked on

2019-03-11 16:18:07 - [TEST_STEP][PASSED] - setText(findTestObject("AdvanceSearch_Page/td_Value"), FIX_VAL): Text 'HC Target Value_G' is set on object 'Object Repository/AdvanceSearch_Page/td_Value'

2019-03-11 16:18:11 - [MESSAGE][PASSED] - Text 'HC Target Value_G' is set on object 'Object Repository/AdvanceSearch_Page/td_Value'

2019-03-11 16:18:11 - [TEST_STEP][PASSED] - click(findTestObject("AdvanceSearch_Page/AppySearch_button")): Object: 'Object Repository/AdvanceSearch_Page/AppySearch_button' is clicked on

2019-03-11 16:18:14 - [MESSAGE][PASSED] - Object: 'Object Repository/AdvanceSearch_Page/AppySearch_button' is clicked on

2019-03-11 16:18:14 - [TEST_STEP][PASSED] - globalkeywords.record.RecordNotFound(): globalkeywords.record.RecordNotFound is PASSED

2019-03-11 16:18:25 - [MESSAGE][INFO] - Unable to find the element located by 'By.xpath: //td[@class='dataTables_empty']'. Please recheck the objects properties to make sure the desired element is located. 

2019-03-11 16:18:25 - [MESSAGE][WARNING] - Object 'Object Repository/Page_Callidus Cloud Commissions Man/NoRecordsFound' is not present after 10 second(s)

2019-03-11 16:18:25 - [MESSAGE][PASSED] - globalkeywords.record.RecordNotFound is PASSED]]></system-out>
         <system-err><![CDATA[]]></system-err>
      </testcase>
      <testcase name="Test Cases/Compensation_Elements_Workspace/Fixed_Value_Variables_exist_in_the_System" classname="Test Cases/Compensation_Elements_Workspace/Fixed_Value_Variables_exist_in_the_System" status="PASSED">
         <system-out><![CDATA[2019-03-11 16:18:25 - [TEST_CASE][PASSED] - Test Cases/Compensation_Elements_Workspace/Fixed_Value_Variables_exist_in_the_System: Test Cases/Compensation_Elements_Workspace/Fixed_Value_Variables_exist_in_the_System

2019-03-11 16:18:25 - [TEST_STEP][PASSED] - Start listener action : sampleBeforeTestCase: null

2019-03-11 16:18:25 - [TEST_STEP][PASSED] - println(testCaseContext.getTestCaseId()): null

2019-03-11 16:18:25 - [TEST_STEP][PASSED] - println(testCaseContext.getTestCaseVariables()): null

2019-03-11 16:18:25 - [TEST_STEP][PASSED] - callTestCase(findTestCase("Commission Login_Logout/Commission Login"), [:], STOP_ON_FAILURE): Call Test Case 'Test Cases/Commission Login_Logout/Commission Login' successfully

2019-03-11 16:18:26 - [TEST_CASE][PASSED] - Test Cases/Commission Login_Logout/Commission Login: Test Cases/Commission Login_Logout/Commission Login

2019-03-11 16:18:26 - [TEST_STEP][PASSED] - openBrowser(""): Browser is opened with url: ''

2019-03-11 16:18:26 - [MESSAGE][WARNING] - A browser is already opened. Closing browser and opening a new one

2019-03-11 16:18:27 - [MESSAGE][INFO] - Starting 'Chrome' driver

2019-03-11 16:18:32 - [MESSAGE][PASSED] - Browser is opened with url: ''

2019-03-11 16:18:32 - [TEST_STEP][PASSED] - navigateToUrl(BecURL): Navigate to 'https://biz3-tst.callidusondemand.com/SalesPortal/#!/' successfully

2019-03-11 16:18:41 - [MESSAGE][PASSED] - Navigate to 'https://biz3-tst.callidusondemand.com/SalesPortal/#!/' successfully

2019-03-11 16:18:41 - [TEST_STEP][PASSED] - maximizeWindow(): Current window maximized

2019-03-11 16:18:43 - [MESSAGE][PASSED] - Current window maximized

2019-03-11 16:18:43 - [TEST_STEP][PASSED] - Assert.assertEquals(getText(findTestObject("LoginPage/Header_homepage")), header_name): Text of object 'Object Repository/LoginPage/Header_homepage' is: 'Sales Performance Home '

2019-03-11 16:18:45 - [MESSAGE][PASSED] - Text of object 'Object Repository/LoginPage/Header_homepage' is: 'Sales Performance Home '

2019-03-11 16:18:45 - [TEST_STEP][PASSED] - setText(findTestObject("LoginPage/input_Username_username"), Bec_UserName): Text 'rkulkarn@calliduscloud.com' is set on object 'Object Repository/LoginPage/input_Username_username'

2019-03-11 16:18:49 - [MESSAGE][PASSED] - Text 'rkulkarn@calliduscloud.com' is set on object 'Object Repository/LoginPage/input_Username_username'

2019-03-11 16:18:49 - [TEST_STEP][PASSED] - setText(findTestObject("LoginPage/input_Password_password"), Bec_Password): Text 'Augg@1234' is set on object 'Object Repository/LoginPage/input_Password_password'

2019-03-11 16:18:54 - [MESSAGE][PASSED] - Text 'Augg@1234' is set on object 'Object Repository/LoginPage/input_Password_password'

2019-03-11 16:18:54 - [TEST_STEP][PASSED] - waitForElementClickable(findTestObject("LoginPage/Login_Button"), 2): Object 'Object Repository/LoginPage/Login_Button' is clickable

2019-03-11 16:18:56 - [MESSAGE][PASSED] - Object 'Object Repository/LoginPage/Login_Button' is clickable

2019-03-11 16:18:56 - [TEST_STEP][PASSED] - click(findTestObject("LoginPage/Login_Button")): Object: 'Object Repository/LoginPage/Login_Button' is clicked on

2019-03-11 16:18:58 - [MESSAGE][PASSED] - Object: 'Object Repository/LoginPage/Login_Button' is clicked on

2019-03-11 16:18:58 - [TEST_STEP][PASSED] - waitForPageLoad(2): Wait for page load successfully

2019-03-11 16:18:59 - [MESSAGE][PASSED] - Wait for page load successfully

2019-03-11 16:18:59 - [TEST_STEP][PASSED] - click(findTestObject("MessagesPage/Icon_Apps")): Object: 'Object Repository/MessagesPage/Icon_Apps' is clicked on

2019-03-11 16:19:03 - [MESSAGE][PASSED] - Object: 'Object Repository/MessagesPage/Icon_Apps' is clicked on

2019-03-11 16:19:03 - [TEST_STEP][PASSED] - mouseOver(findTestObject("MessagesPage/Link_Commissions")): Object: 'Object Repository/MessagesPage/Link_Commissions' is hovered

2019-03-11 16:19:06 - [MESSAGE][PASSED] - Object: 'Object Repository/MessagesPage/Link_Commissions' is hovered

2019-03-11 16:19:06 - [TEST_STEP][PASSED] - scrollToElement(findTestObject("MessagesPage/Link_Commissions"), 1): Scroll to object 'Object Repository/MessagesPage/Link_Commissions' successfully

2019-03-11 16:19:08 - [MESSAGE][PASSED] - Scroll to object 'Object Repository/MessagesPage/Link_Commissions' successfully

2019-03-11 16:19:08 - [TEST_STEP][PASSED] - click(findTestObject("MessagesPage/Link_Commissions")): Object: 'Object Repository/MessagesPage/Link_Commissions' is clicked on

2019-03-11 16:19:33 - [MESSAGE][PASSED] - Object: 'Object Repository/MessagesPage/Link_Commissions' is clicked on

2019-03-11 16:19:33 - [TEST_STEP][PASSED] - click(findTestObject("LoginPage/User_id")): Object: 'Object Repository/LoginPage/User_id' is clicked on

2019-03-11 16:19:35 - [MESSAGE][PASSED] - Object: 'Object Repository/LoginPage/User_id' is clicked on

2019-03-11 16:19:35 - [TEST_STEP][PASSED] - waitForElementVisible(findTestObject("LoginPage/user_name"), 1): Object 'Object Repository/LoginPage/user_name' is visible

2019-03-11 16:19:37 - [MESSAGE][PASSED] - Object 'Object Repository/LoginPage/user_name' is visible

2019-03-11 16:19:37 - [TEST_STEP][PASSED] - Assert.assertEquals(getText(findTestObject("LoginPage/user_name")), User_name): Text of object 'Object Repository/LoginPage/user_name' is: 'rkulkarn@calliduscloud.com'

2019-03-11 16:19:39 - [MESSAGE][PASSED] - Text of object 'Object Repository/LoginPage/user_name' is: 'rkulkarn@calliduscloud.com'

2019-03-11 16:19:39 - [TEST_STEP][PASSED] - waitForPageLoad(3): Wait for page load successfully

2019-03-11 16:19:40 - [MESSAGE][PASSED] - Wait for page load successfully

2019-03-11 16:19:40 - [MESSAGE][PASSED] - Call Test Case 'Test Cases/Commission Login_Logout/Commission Login' successfully

2019-03-11 16:19:40 - [TEST_STEP][PASSED] - mouseOver(findTestObject("HomePage_Commission/Commission_CompensationElements/Icon_Compensationelement")): Object: 'Object Repository/HomePage_Commission/Commission_CompensationElements/Icon_Compensationelement' is hovered

2019-03-11 16:19:43 - [MESSAGE][PASSED] - Object: 'Object Repository/HomePage_Commission/Commission_CompensationElements/Icon_Compensationelement' is hovered

2019-03-11 16:19:43 - [TEST_STEP][PASSED] - waitForElementPresent(findTestObject("HomePage_Commission/Commission_CompensationElements/Icon_Compensationelement"), 3): Object 'Object Repository/HomePage_Commission/Commission_CompensationElements/Icon_Compensationelement' is present

2019-03-11 16:19:44 - [MESSAGE][PASSED] - Object 'Object Repository/HomePage_Commission/Commission_CompensationElements/Icon_Compensationelement' is present

2019-03-11 16:19:44 - [TEST_STEP][PASSED] - click(findTestObject("HomePage_Commission/Commission_CompensationElements/Icon_Compensationelement")): Object: 'Object Repository/HomePage_Commission/Commission_CompensationElements/Icon_Compensationelement' is clicked on

2019-03-11 16:19:46 - [MESSAGE][PASSED] - Object: 'Object Repository/HomePage_Commission/Commission_CompensationElements/Icon_Compensationelement' is clicked on

2019-03-11 16:19:46 - [TEST_STEP][PASSED] - Assert.assertEquals(getText(findTestObject("Assertion_objects/Compensation_elements")), Compensation_ele): Text of object 'Object Repository/Assertion_objects/Compensation_elements' is: 'Compensation Elements'

2019-03-11 16:19:48 - [MESSAGE][PASSED] - Text of object 'Object Repository/Assertion_objects/Compensation_elements' is: 'Compensation Elements'

2019-03-11 16:19:48 - [TEST_STEP][PASSED] - println("User is able to navigate to Plan tab"): null

2019-03-11 16:19:48 - [TEST_STEP][PASSED] - waitForElementVisible(findTestObject("HomePage_Commission/Commission_CompensationElements/Link_Variables"), 7): Object 'Object Repository/HomePage_Commission/Commission_CompensationElements/Link_Variables' is visible

2019-03-11 16:19:50 - [MESSAGE][PASSED] - Object 'Object Repository/HomePage_Commission/Commission_CompensationElements/Link_Variables' is visible

2019-03-11 16:19:50 - [TEST_STEP][PASSED] - mouseOver(findTestObject("HomePage_Commission/Commission_CompensationElements/Link_Variables"), STOP_ON_FAILURE): Object: 'Object Repository/HomePage_Commission/Commission_CompensationElements/Link_Variables' is hovered

2019-03-11 16:19:54 - [MESSAGE][PASSED] - Object: 'Object Repository/HomePage_Commission/Commission_CompensationElements/Link_Variables' is hovered

2019-03-11 16:19:54 - [TEST_STEP][PASSED] - click(findTestObject("HomePage_Commission/Commission_CompensationElements/Link_Variables")): Object: 'Object Repository/HomePage_Commission/Commission_CompensationElements/Link_Variables' is clicked on

2019-03-11 16:20:08 - [MESSAGE][PASSED] - Object: 'Object Repository/HomePage_Commission/Commission_CompensationElements/Link_Variables' is clicked on

2019-03-11 16:20:08 - [TEST_STEP][PASSED] - Assert.assertEquals(getText(findTestObject("Assertion_objects/Variable")), Var_name): Text of object 'Object Repository/Assertion_objects/Variable' is: 'Variables'

2019-03-11 16:20:11 - [MESSAGE][PASSED] - Text of object 'Object Repository/Assertion_objects/Variable' is: 'Variables'

2019-03-11 16:20:11 - [TEST_STEP][PASSED] - println("User Navigated to Varaible screen"): null

2019-03-11 16:20:11 - [TEST_STEP][PASSED] - if (verifyElementClickable(findTestObject("AdvanceSearch_Page/Advanced_searchtext"))): null

2019-03-11 16:20:13 - [MESSAGE][PASSED] - Object 'Object Repository/AdvanceSearch_Page/Advanced_searchtext' is clickable

2019-03-11 16:20:13 - [TEST_STEP][PASSED] - click(findTestObject("AdvanceSearch_Page/Icon_Advanced Search")): Object: 'Object Repository/AdvanceSearch_Page/Icon_Advanced Search' is clicked on

2019-03-11 16:20:16 - [MESSAGE][PASSED] - Object: 'Object Repository/AdvanceSearch_Page/Icon_Advanced Search' is clicked on

2019-03-11 16:20:16 - [TEST_STEP][PASSED] - println("Performing advance search"): null

2019-03-11 16:20:16 - [TEST_STEP][PASSED] - click(findTestObject("AdvanceSearch_Page/FieldName_DropDown")): Object: 'Object Repository/AdvanceSearch_Page/FieldName_DropDown' is clicked on

2019-03-11 16:20:18 - [MESSAGE][PASSED] - Object: 'Object Repository/AdvanceSearch_Page/FieldName_DropDown' is clicked on

2019-03-11 16:20:18 - [TEST_STEP][PASSED] - scrollToElement(findTestObject("AdvanceSearch_Page/option_Value"), 4): Scroll to object 'Object Repository/AdvanceSearch_Page/option_Value' successfully

2019-03-11 16:20:20 - [MESSAGE][PASSED] - Scroll to object 'Object Repository/AdvanceSearch_Page/option_Value' successfully

2019-03-11 16:20:20 - [TEST_STEP][PASSED] - click(findTestObject("AdvanceSearch_Page/option_Value")): Object: 'Object Repository/AdvanceSearch_Page/option_Value' is clicked on

2019-03-11 16:20:22 - [MESSAGE][PASSED] - Object: 'Object Repository/AdvanceSearch_Page/option_Value' is clicked on

2019-03-11 16:20:22 - [TEST_STEP][PASSED] - click(findTestObject("AdvanceSearch_Page/td_Comparision")): Object: 'Object Repository/AdvanceSearch_Page/td_Comparision' is clicked on

2019-03-11 16:20:24 - [MESSAGE][PASSED] - Object: 'Object Repository/AdvanceSearch_Page/td_Comparision' is clicked on

2019-03-11 16:20:24 - [TEST_STEP][PASSED] - scrollToElement(findTestObject("AdvanceSearch_Page/option_Equals"), 2): Scroll to object 'Object Repository/AdvanceSearch_Page/option_Equals' successfully

2019-03-11 16:20:26 - [MESSAGE][PASSED] - Scroll to object 'Object Repository/AdvanceSearch_Page/option_Equals' successfully

2019-03-11 16:20:26 - [TEST_STEP][PASSED] - click(findTestObject("AdvanceSearch_Page/option_Equals")): Object: 'Object Repository/AdvanceSearch_Page/option_Equals' is clicked on

2019-03-11 16:20:29 - [MESSAGE][PASSED] - Object: 'Object Repository/AdvanceSearch_Page/option_Equals' is clicked on

2019-03-11 16:20:29 - [TEST_STEP][PASSED] - setText(findTestObject("AdvanceSearch_Page/td_Value"), FV_Var): Text 'HC Flat Rate Multiplier Variable_G' is set on object 'Object Repository/AdvanceSearch_Page/td_Value'

2019-03-11 16:20:33 - [MESSAGE][PASSED] - Text 'HC Flat Rate Multiplier Variable_G' is set on object 'Object Repository/AdvanceSearch_Page/td_Value'

2019-03-11 16:20:33 - [TEST_STEP][PASSED] - click(findTestObject("AdvanceSearch_Page/AppySearch_button")): Object: 'Object Repository/AdvanceSearch_Page/AppySearch_button' is clicked on

2019-03-11 16:20:36 - [MESSAGE][PASSED] - Object: 'Object Repository/AdvanceSearch_Page/AppySearch_button' is clicked on

2019-03-11 16:20:36 - [TEST_STEP][PASSED] - globalkeywords.record.RecordNotFound(): globalkeywords.record.RecordNotFound is PASSED

2019-03-11 16:20:47 - [MESSAGE][INFO] - Unable to find the element located by 'By.xpath: //td[@class='dataTables_empty']'. Please recheck the objects properties to make sure the desired element is located. 

2019-03-11 16:20:47 - [MESSAGE][WARNING] - Object 'Object Repository/Page_Callidus Cloud Commissions Man/NoRecordsFound' is not present after 10 second(s)

2019-03-11 16:20:47 - [MESSAGE][PASSED] - globalkeywords.record.RecordNotFound is PASSED]]></system-out>
         <system-err><![CDATA[]]></system-err>
      </testcase>
      <testcase name="Test Cases/Compensation_Elements_Workspace/Formulas exits in the system" classname="Test Cases/Compensation_Elements_Workspace/Formulas exits in the system" status="PASSED">
         <system-out><![CDATA[2019-03-11 16:20:47 - [TEST_CASE][PASSED] - Test Cases/Compensation_Elements_Workspace/Formulas exits in the system: Test Cases/Compensation_Elements_Workspace/Formulas exits in the system

2019-03-11 16:20:47 - [TEST_STEP][PASSED] - Start listener action : sampleBeforeTestCase: null

2019-03-11 16:20:47 - [TEST_STEP][PASSED] - println(testCaseContext.getTestCaseId()): null

2019-03-11 16:20:47 - [TEST_STEP][PASSED] - println(testCaseContext.getTestCaseVariables()): null

2019-03-11 16:20:47 - [TEST_STEP][PASSED] - callTestCase(findTestCase("Commission Login_Logout/Commission Login"), [:], STOP_ON_FAILURE): Call Test Case 'Test Cases/Commission Login_Logout/Commission Login' successfully

2019-03-11 16:20:47 - [TEST_CASE][PASSED] - Test Cases/Commission Login_Logout/Commission Login: Test Cases/Commission Login_Logout/Commission Login

2019-03-11 16:20:47 - [TEST_STEP][PASSED] - openBrowser(""): Browser is opened with url: ''

2019-03-11 16:20:47 - [MESSAGE][WARNING] - A browser is already opened. Closing browser and opening a new one

2019-03-11 16:20:49 - [MESSAGE][INFO] - Starting 'Chrome' driver

2019-03-11 16:20:54 - [MESSAGE][PASSED] - Browser is opened with url: ''

2019-03-11 16:20:54 - [TEST_STEP][PASSED] - navigateToUrl(BecURL): Navigate to 'https://biz3-tst.callidusondemand.com/SalesPortal/#!/' successfully

2019-03-11 16:21:02 - [MESSAGE][PASSED] - Navigate to 'https://biz3-tst.callidusondemand.com/SalesPortal/#!/' successfully

2019-03-11 16:21:02 - [TEST_STEP][PASSED] - maximizeWindow(): Current window maximized

2019-03-11 16:21:05 - [MESSAGE][PASSED] - Current window maximized

2019-03-11 16:21:05 - [TEST_STEP][PASSED] - Assert.assertEquals(getText(findTestObject("LoginPage/Header_homepage")), header_name): Text of object 'Object Repository/LoginPage/Header_homepage' is: 'Sales Performance Home '

2019-03-11 16:21:07 - [MESSAGE][PASSED] - Text of object 'Object Repository/LoginPage/Header_homepage' is: 'Sales Performance Home '

2019-03-11 16:21:07 - [TEST_STEP][PASSED] - setText(findTestObject("LoginPage/input_Username_username"), Bec_UserName): Text 'rkulkarn@calliduscloud.com' is set on object 'Object Repository/LoginPage/input_Username_username'

2019-03-11 16:21:11 - [MESSAGE][PASSED] - Text 'rkulkarn@calliduscloud.com' is set on object 'Object Repository/LoginPage/input_Username_username'

2019-03-11 16:21:11 - [TEST_STEP][PASSED] - setText(findTestObject("LoginPage/input_Password_password"), Bec_Password): Text 'Augg@1234' is set on object 'Object Repository/LoginPage/input_Password_password'

2019-03-11 16:21:15 - [MESSAGE][PASSED] - Text 'Augg@1234' is set on object 'Object Repository/LoginPage/input_Password_password'

2019-03-11 16:21:15 - [TEST_STEP][PASSED] - waitForElementClickable(findTestObject("LoginPage/Login_Button"), 2): Object 'Object Repository/LoginPage/Login_Button' is clickable

2019-03-11 16:21:18 - [MESSAGE][PASSED] - Object 'Object Repository/LoginPage/Login_Button' is clickable

2019-03-11 16:21:18 - [TEST_STEP][PASSED] - click(findTestObject("LoginPage/Login_Button")): Object: 'Object Repository/LoginPage/Login_Button' is clicked on

2019-03-11 16:21:20 - [MESSAGE][PASSED] - Object: 'Object Repository/LoginPage/Login_Button' is clicked on

2019-03-11 16:21:20 - [TEST_STEP][PASSED] - waitForPageLoad(2): Wait for page load successfully

2019-03-11 16:21:21 - [MESSAGE][PASSED] - Wait for page load successfully

2019-03-11 16:21:21 - [TEST_STEP][PASSED] - click(findTestObject("MessagesPage/Icon_Apps")): Object: 'Object Repository/MessagesPage/Icon_Apps' is clicked on

2019-03-11 16:21:24 - [MESSAGE][PASSED] - Object: 'Object Repository/MessagesPage/Icon_Apps' is clicked on

2019-03-11 16:21:24 - [TEST_STEP][PASSED] - mouseOver(findTestObject("MessagesPage/Link_Commissions")): Object: 'Object Repository/MessagesPage/Link_Commissions' is hovered

2019-03-11 16:21:28 - [MESSAGE][PASSED] - Object: 'Object Repository/MessagesPage/Link_Commissions' is hovered

2019-03-11 16:21:28 - [TEST_STEP][PASSED] - scrollToElement(findTestObject("MessagesPage/Link_Commissions"), 1): Scroll to object 'Object Repository/MessagesPage/Link_Commissions' successfully

2019-03-11 16:21:30 - [MESSAGE][PASSED] - Scroll to object 'Object Repository/MessagesPage/Link_Commissions' successfully

2019-03-11 16:21:30 - [TEST_STEP][PASSED] - click(findTestObject("MessagesPage/Link_Commissions")): Object: 'Object Repository/MessagesPage/Link_Commissions' is clicked on

2019-03-11 16:22:06 - [MESSAGE][PASSED] - Object: 'Object Repository/MessagesPage/Link_Commissions' is clicked on

2019-03-11 16:22:06 - [TEST_STEP][PASSED] - click(findTestObject("LoginPage/User_id")): Object: 'Object Repository/LoginPage/User_id' is clicked on

2019-03-11 16:22:08 - [MESSAGE][PASSED] - Object: 'Object Repository/LoginPage/User_id' is clicked on

2019-03-11 16:22:08 - [TEST_STEP][PASSED] - waitForElementVisible(findTestObject("LoginPage/user_name"), 1): Object 'Object Repository/LoginPage/user_name' is visible

2019-03-11 16:22:10 - [MESSAGE][PASSED] - Object 'Object Repository/LoginPage/user_name' is visible

2019-03-11 16:22:10 - [TEST_STEP][PASSED] - Assert.assertEquals(getText(findTestObject("LoginPage/user_name")), User_name): Text of object 'Object Repository/LoginPage/user_name' is: 'rkulkarn@calliduscloud.com'

2019-03-11 16:22:13 - [MESSAGE][PASSED] - Text of object 'Object Repository/LoginPage/user_name' is: 'rkulkarn@calliduscloud.com'

2019-03-11 16:22:13 - [TEST_STEP][PASSED] - waitForPageLoad(3): Wait for page load successfully

2019-03-11 16:22:14 - [MESSAGE][PASSED] - Wait for page load successfully

2019-03-11 16:22:14 - [MESSAGE][PASSED] - Call Test Case 'Test Cases/Commission Login_Logout/Commission Login' successfully

2019-03-11 16:22:14 - [TEST_STEP][PASSED] - mouseOver(findTestObject("HomePage_Commission/Commission_CompensationElements/Icon_Compensationelement")): Object: 'Object Repository/HomePage_Commission/Commission_CompensationElements/Icon_Compensationelement' is hovered

2019-03-11 16:22:17 - [MESSAGE][PASSED] - Object: 'Object Repository/HomePage_Commission/Commission_CompensationElements/Icon_Compensationelement' is hovered

2019-03-11 16:22:17 - [TEST_STEP][PASSED] - waitForElementPresent(findTestObject("HomePage_Commission/Commission_CompensationElements/Icon_Compensationelement"), 3): Object 'Object Repository/HomePage_Commission/Commission_CompensationElements/Icon_Compensationelement' is present

2019-03-11 16:22:18 - [MESSAGE][PASSED] - Object 'Object Repository/HomePage_Commission/Commission_CompensationElements/Icon_Compensationelement' is present

2019-03-11 16:22:18 - [TEST_STEP][PASSED] - click(findTestObject("HomePage_Commission/Commission_CompensationElements/Icon_Compensationelement")): Object: 'Object Repository/HomePage_Commission/Commission_CompensationElements/Icon_Compensationelement' is clicked on

2019-03-11 16:22:20 - [MESSAGE][PASSED] - Object: 'Object Repository/HomePage_Commission/Commission_CompensationElements/Icon_Compensationelement' is clicked on

2019-03-11 16:22:20 - [TEST_STEP][PASSED] - Assert.assertEquals(getText(findTestObject("Assertion_objects/Compensation_elements")), Compensation_ele): Text of object 'Object Repository/Assertion_objects/Compensation_elements' is: 'Compensation Elements'

2019-03-11 16:22:22 - [MESSAGE][PASSED] - Text of object 'Object Repository/Assertion_objects/Compensation_elements' is: 'Compensation Elements'

2019-03-11 16:22:22 - [TEST_STEP][PASSED] - waitForElementVisible(findTestObject("HomePage_Commission/Commission_CompensationElements/Link_Formulas"), 2): Object 'Object Repository/HomePage_Commission/Commission_CompensationElements/Link_Formulas' is visible

2019-03-11 16:22:24 - [MESSAGE][PASSED] - Object 'Object Repository/HomePage_Commission/Commission_CompensationElements/Link_Formulas' is visible

2019-03-11 16:22:24 - [TEST_STEP][PASSED] - mouseOver(findTestObject("HomePage_Commission/Commission_CompensationElements/Link_Formulas"), STOP_ON_FAILURE): Object: 'Object Repository/HomePage_Commission/Commission_CompensationElements/Link_Formulas' is hovered

2019-03-11 16:22:27 - [MESSAGE][PASSED] - Object: 'Object Repository/HomePage_Commission/Commission_CompensationElements/Link_Formulas' is hovered

2019-03-11 16:22:27 - [TEST_STEP][PASSED] - click(findTestObject("HomePage_Commission/Commission_CompensationElements/Link_Formulas"), CONTINUE_ON_FAILURE): Object: 'Object Repository/HomePage_Commission/Commission_CompensationElements/Link_Formulas' is clicked on

2019-03-11 16:22:39 - [MESSAGE][PASSED] - Object: 'Object Repository/HomePage_Commission/Commission_CompensationElements/Link_Formulas' is clicked on

2019-03-11 16:22:39 - [TEST_STEP][PASSED] - Assert.assertEquals(getText(findTestObject("Assertion_objects/Formulas")), For_Name): Text of object 'Object Repository/Assertion_objects/Formulas' is: 'Formulas'

2019-03-11 16:22:42 - [MESSAGE][PASSED] - Text of object 'Object Repository/Assertion_objects/Formulas' is: 'Formulas'

2019-03-11 16:22:42 - [TEST_STEP][PASSED] - if (verifyElementClickable(findTestObject("AdvanceSearch_Page/Advanced_searchtext"))): null

2019-03-11 16:22:44 - [MESSAGE][PASSED] - Object 'Object Repository/AdvanceSearch_Page/Advanced_searchtext' is clickable

2019-03-11 16:22:44 - [TEST_STEP][PASSED] - click(findTestObject("AdvanceSearch_Page/Icon_Advanced Search")): Object: 'Object Repository/AdvanceSearch_Page/Icon_Advanced Search' is clicked on

2019-03-11 16:22:47 - [MESSAGE][PASSED] - Object: 'Object Repository/AdvanceSearch_Page/Icon_Advanced Search' is clicked on

2019-03-11 16:22:47 - [TEST_STEP][PASSED] - println("Performing advance search"): null

2019-03-11 16:22:47 - [TEST_STEP][PASSED] - click(findTestObject("AdvanceSearch_Page/FieldName_DropDown")): Object: 'Object Repository/AdvanceSearch_Page/FieldName_DropDown' is clicked on

2019-03-11 16:22:49 - [MESSAGE][PASSED] - Object: 'Object Repository/AdvanceSearch_Page/FieldName_DropDown' is clicked on

2019-03-11 16:22:49 - [TEST_STEP][PASSED] - scrollToElement(findTestObject("AdvanceSearch_Page/Option_FormulaName"), 4): Scroll to object 'Object Repository/AdvanceSearch_Page/Option_FormulaName' successfully

2019-03-11 16:22:51 - [MESSAGE][PASSED] - Scroll to object 'Object Repository/AdvanceSearch_Page/Option_FormulaName' successfully

2019-03-11 16:22:51 - [TEST_STEP][PASSED] - click(findTestObject("AdvanceSearch_Page/Option_FormulaName")): Object: 'Object Repository/AdvanceSearch_Page/Option_FormulaName' is clicked on

2019-03-11 16:22:53 - [MESSAGE][PASSED] - Object: 'Object Repository/AdvanceSearch_Page/Option_FormulaName' is clicked on

2019-03-11 16:22:53 - [TEST_STEP][PASSED] - click(findTestObject("AdvanceSearch_Page/td_Comparision")): Object: 'Object Repository/AdvanceSearch_Page/td_Comparision' is clicked on

2019-03-11 16:22:55 - [MESSAGE][PASSED] - Object: 'Object Repository/AdvanceSearch_Page/td_Comparision' is clicked on

2019-03-11 16:22:55 - [TEST_STEP][PASSED] - scrollToElement(findTestObject("AdvanceSearch_Page/option_Equals"), 2): Scroll to object 'Object Repository/AdvanceSearch_Page/option_Equals' successfully

2019-03-11 16:22:57 - [MESSAGE][PASSED] - Scroll to object 'Object Repository/AdvanceSearch_Page/option_Equals' successfully

2019-03-11 16:22:57 - [TEST_STEP][PASSED] - click(findTestObject("AdvanceSearch_Page/option_Equals")): Object: 'Object Repository/AdvanceSearch_Page/option_Equals' is clicked on

2019-03-11 16:23:00 - [MESSAGE][PASSED] - Object: 'Object Repository/AdvanceSearch_Page/option_Equals' is clicked on

2019-03-11 16:23:00 - [TEST_STEP][PASSED] - setText(findTestObject("AdvanceSearch_Page/td_Value"), Formulas): Text 'Quarterly Target Incentive' is set on object 'Object Repository/AdvanceSearch_Page/td_Value'

2019-03-11 16:23:04 - [MESSAGE][PASSED] - Text 'Quarterly Target Incentive' is set on object 'Object Repository/AdvanceSearch_Page/td_Value'

2019-03-11 16:23:04 - [TEST_STEP][PASSED] - click(findTestObject("AdvanceSearch_Page/AppySearch_button")): Object: 'Object Repository/AdvanceSearch_Page/AppySearch_button' is clicked on

2019-03-11 16:23:07 - [MESSAGE][PASSED] - Object: 'Object Repository/AdvanceSearch_Page/AppySearch_button' is clicked on

2019-03-11 16:23:07 - [TEST_STEP][PASSED] - globalkeywords.record.RecordNotFound(): globalkeywords.record.RecordNotFound is PASSED

2019-03-11 16:23:18 - [MESSAGE][INFO] - Unable to find the element located by 'By.xpath: //td[@class='dataTables_empty']'. Please recheck the objects properties to make sure the desired element is located. 

2019-03-11 16:23:18 - [MESSAGE][WARNING] - Object 'Object Repository/Page_Callidus Cloud Commissions Man/NoRecordsFound' is not present after 10 second(s)

2019-03-11 16:23:18 - [MESSAGE][PASSED] - globalkeywords.record.RecordNotFound is PASSED]]></system-out>
         <system-err><![CDATA[]]></system-err>
      </testcase>
      <testcase name="Test Cases/Compensation_Elements_Workspace/Lookup_Tables_exist_in_the_system" classname="Test Cases/Compensation_Elements_Workspace/Lookup_Tables_exist_in_the_system" status="PASSED">
         <system-out><![CDATA[2019-03-11 16:23:18 - [TEST_CASE][PASSED] - Test Cases/Compensation_Elements_Workspace/Lookup_Tables_exist_in_the_system: Test Cases/Compensation_Elements_Workspace/Lookup_Tables_exist_in_the_system

2019-03-11 16:23:18 - [TEST_STEP][PASSED] - Start listener action : sampleBeforeTestCase: null

2019-03-11 16:23:18 - [TEST_STEP][PASSED] - println(testCaseContext.getTestCaseId()): null

2019-03-11 16:23:18 - [TEST_STEP][PASSED] - println(testCaseContext.getTestCaseVariables()): null

2019-03-11 16:23:18 - [TEST_STEP][PASSED] - callTestCase(findTestCase("Commission Login_Logout/Commission Login"), [:], STOP_ON_FAILURE): Call Test Case 'Test Cases/Commission Login_Logout/Commission Login' successfully

2019-03-11 16:23:18 - [TEST_CASE][PASSED] - Test Cases/Commission Login_Logout/Commission Login: Test Cases/Commission Login_Logout/Commission Login

2019-03-11 16:23:18 - [TEST_STEP][PASSED] - openBrowser(""): Browser is opened with url: ''

2019-03-11 16:23:18 - [MESSAGE][WARNING] - A browser is already opened. Closing browser and opening a new one

2019-03-11 16:23:20 - [MESSAGE][INFO] - Starting 'Chrome' driver

2019-03-11 16:23:25 - [MESSAGE][PASSED] - Browser is opened with url: ''

2019-03-11 16:23:25 - [TEST_STEP][PASSED] - navigateToUrl(BecURL): Navigate to 'https://biz3-tst.callidusondemand.com/SalesPortal/#!/' successfully

2019-03-11 16:23:34 - [MESSAGE][PASSED] - Navigate to 'https://biz3-tst.callidusondemand.com/SalesPortal/#!/' successfully

2019-03-11 16:23:34 - [TEST_STEP][PASSED] - maximizeWindow(): Current window maximized

2019-03-11 16:23:36 - [MESSAGE][PASSED] - Current window maximized

2019-03-11 16:23:36 - [TEST_STEP][PASSED] - Assert.assertEquals(getText(findTestObject("LoginPage/Header_homepage")), header_name): Text of object 'Object Repository/LoginPage/Header_homepage' is: 'Sales Performance Home '

2019-03-11 16:23:38 - [MESSAGE][PASSED] - Text of object 'Object Repository/LoginPage/Header_homepage' is: 'Sales Performance Home '

2019-03-11 16:23:38 - [TEST_STEP][PASSED] - setText(findTestObject("LoginPage/input_Username_username"), Bec_UserName): Text 'rkulkarn@calliduscloud.com' is set on object 'Object Repository/LoginPage/input_Username_username'

2019-03-11 16:23:43 - [MESSAGE][PASSED] - Text 'rkulkarn@calliduscloud.com' is set on object 'Object Repository/LoginPage/input_Username_username'

2019-03-11 16:23:43 - [TEST_STEP][PASSED] - setText(findTestObject("LoginPage/input_Password_password"), Bec_Password): Text 'Augg@1234' is set on object 'Object Repository/LoginPage/input_Password_password'

2019-03-11 16:23:47 - [MESSAGE][PASSED] - Text 'Augg@1234' is set on object 'Object Repository/LoginPage/input_Password_password'

2019-03-11 16:23:47 - [TEST_STEP][PASSED] - waitForElementClickable(findTestObject("LoginPage/Login_Button"), 2): Object 'Object Repository/LoginPage/Login_Button' is clickable

2019-03-11 16:23:49 - [MESSAGE][PASSED] - Object 'Object Repository/LoginPage/Login_Button' is clickable

2019-03-11 16:23:49 - [TEST_STEP][PASSED] - click(findTestObject("LoginPage/Login_Button")): Object: 'Object Repository/LoginPage/Login_Button' is clicked on

2019-03-11 16:23:51 - [MESSAGE][PASSED] - Object: 'Object Repository/LoginPage/Login_Button' is clicked on

2019-03-11 16:23:51 - [TEST_STEP][PASSED] - waitForPageLoad(2): Wait for page load successfully

2019-03-11 16:23:52 - [MESSAGE][PASSED] - Wait for page load successfully

2019-03-11 16:23:52 - [TEST_STEP][PASSED] - click(findTestObject("MessagesPage/Icon_Apps")): Object: 'Object Repository/MessagesPage/Icon_Apps' is clicked on

2019-03-11 16:23:56 - [MESSAGE][PASSED] - Object: 'Object Repository/MessagesPage/Icon_Apps' is clicked on

2019-03-11 16:23:56 - [TEST_STEP][PASSED] - mouseOver(findTestObject("MessagesPage/Link_Commissions")): Object: 'Object Repository/MessagesPage/Link_Commissions' is hovered

2019-03-11 16:23:59 - [MESSAGE][PASSED] - Object: 'Object Repository/MessagesPage/Link_Commissions' is hovered

2019-03-11 16:23:59 - [TEST_STEP][PASSED] - scrollToElement(findTestObject("MessagesPage/Link_Commissions"), 1): Scroll to object 'Object Repository/MessagesPage/Link_Commissions' successfully

2019-03-11 16:24:01 - [MESSAGE][PASSED] - Scroll to object 'Object Repository/MessagesPage/Link_Commissions' successfully

2019-03-11 16:24:01 - [TEST_STEP][PASSED] - click(findTestObject("MessagesPage/Link_Commissions")): Object: 'Object Repository/MessagesPage/Link_Commissions' is clicked on

2019-03-11 16:24:30 - [MESSAGE][PASSED] - Object: 'Object Repository/MessagesPage/Link_Commissions' is clicked on

2019-03-11 16:24:30 - [TEST_STEP][PASSED] - click(findTestObject("LoginPage/User_id")): Object: 'Object Repository/LoginPage/User_id' is clicked on

2019-03-11 16:24:32 - [MESSAGE][PASSED] - Object: 'Object Repository/LoginPage/User_id' is clicked on

2019-03-11 16:24:32 - [TEST_STEP][PASSED] - waitForElementVisible(findTestObject("LoginPage/user_name"), 1): Object 'Object Repository/LoginPage/user_name' is visible

2019-03-11 16:24:34 - [MESSAGE][PASSED] - Object 'Object Repository/LoginPage/user_name' is visible

2019-03-11 16:24:34 - [TEST_STEP][PASSED] - Assert.assertEquals(getText(findTestObject("LoginPage/user_name")), User_name): Text of object 'Object Repository/LoginPage/user_name' is: 'rkulkarn@calliduscloud.com'

2019-03-11 16:24:36 - [MESSAGE][PASSED] - Text of object 'Object Repository/LoginPage/user_name' is: 'rkulkarn@calliduscloud.com'

2019-03-11 16:24:36 - [TEST_STEP][PASSED] - waitForPageLoad(3): Wait for page load successfully

2019-03-11 16:24:37 - [MESSAGE][PASSED] - Wait for page load successfully

2019-03-11 16:24:37 - [MESSAGE][PASSED] - Call Test Case 'Test Cases/Commission Login_Logout/Commission Login' successfully

2019-03-11 16:24:37 - [TEST_STEP][PASSED] - mouseOver(findTestObject("HomePage_Commission/Commission_CompensationElements/Icon_Compensationelement")): Object: 'Object Repository/HomePage_Commission/Commission_CompensationElements/Icon_Compensationelement' is hovered

2019-03-11 16:24:40 - [MESSAGE][PASSED] - Object: 'Object Repository/HomePage_Commission/Commission_CompensationElements/Icon_Compensationelement' is hovered

2019-03-11 16:24:40 - [TEST_STEP][PASSED] - waitForElementPresent(findTestObject("HomePage_Commission/Commission_CompensationElements/Icon_Compensationelement"), 3): Object 'Object Repository/HomePage_Commission/Commission_CompensationElements/Icon_Compensationelement' is present

2019-03-11 16:24:41 - [MESSAGE][PASSED] - Object 'Object Repository/HomePage_Commission/Commission_CompensationElements/Icon_Compensationelement' is present

2019-03-11 16:24:41 - [TEST_STEP][PASSED] - click(findTestObject("HomePage_Commission/Commission_CompensationElements/Icon_Compensationelement")): Object: 'Object Repository/HomePage_Commission/Commission_CompensationElements/Icon_Compensationelement' is clicked on

2019-03-11 16:24:43 - [MESSAGE][PASSED] - Object: 'Object Repository/HomePage_Commission/Commission_CompensationElements/Icon_Compensationelement' is clicked on

2019-03-11 16:24:43 - [TEST_STEP][PASSED] - Assert.assertEquals(getText(findTestObject("Assertion_objects/Compensation_elements")), Compensation_ele): Text of object 'Object Repository/Assertion_objects/Compensation_elements' is: 'Compensation Elements'

2019-03-11 16:24:46 - [MESSAGE][PASSED] - Text of object 'Object Repository/Assertion_objects/Compensation_elements' is: 'Compensation Elements'

2019-03-11 16:24:46 - [TEST_STEP][PASSED] - println("User is able to navigated to Plan tab"): null

2019-03-11 16:24:46 - [TEST_STEP][PASSED] - waitForElementVisible(findTestObject("HomePage_Commission/Commission_CompensationElements/Link_Lookup Tables"), 3): Object 'Object Repository/HomePage_Commission/Commission_CompensationElements/Link_Lookup Tables' is visible

2019-03-11 16:24:48 - [MESSAGE][PASSED] - Object 'Object Repository/HomePage_Commission/Commission_CompensationElements/Link_Lookup Tables' is visible

2019-03-11 16:24:48 - [TEST_STEP][PASSED] - mouseOver(findTestObject("HomePage_Commission/Commission_CompensationElements/Link_Lookup Tables"), STOP_ON_FAILURE): Object: 'Object Repository/HomePage_Commission/Commission_CompensationElements/Link_Lookup Tables' is hovered

2019-03-11 16:24:51 - [MESSAGE][PASSED] - Object: 'Object Repository/HomePage_Commission/Commission_CompensationElements/Link_Lookup Tables' is hovered

2019-03-11 16:24:51 - [TEST_STEP][PASSED] - click(findTestObject("HomePage_Commission/Commission_CompensationElements/Link_Lookup Tables")): Object: 'Object Repository/HomePage_Commission/Commission_CompensationElements/Link_Lookup Tables' is clicked on

2019-03-11 16:25:04 - [MESSAGE][PASSED] - Object: 'Object Repository/HomePage_Commission/Commission_CompensationElements/Link_Lookup Tables' is clicked on

2019-03-11 16:25:04 - [TEST_STEP][PASSED] - Assert.assertEquals(getText(findTestObject("Assertion_objects/Lookup Tables")), Lookup_name): Text of object 'Object Repository/Assertion_objects/Lookup Tables' is: 'Lookup Tables'

2019-03-11 16:25:07 - [MESSAGE][PASSED] - Text of object 'Object Repository/Assertion_objects/Lookup Tables' is: 'Lookup Tables'

2019-03-11 16:25:07 - [TEST_STEP][PASSED] - println("User Navigated to Lookup Tables screen"): null

2019-03-11 16:25:07 - [TEST_STEP][PASSED] - if (verifyElementClickable(findTestObject("AdvanceSearch_Page/Advanced_searchtext"))): null

2019-03-11 16:25:09 - [MESSAGE][PASSED] - Object 'Object Repository/AdvanceSearch_Page/Advanced_searchtext' is clickable

2019-03-11 16:25:09 - [TEST_STEP][PASSED] - click(findTestObject("AdvanceSearch_Page/Icon_Advanced Search")): Object: 'Object Repository/AdvanceSearch_Page/Icon_Advanced Search' is clicked on

2019-03-11 16:25:11 - [MESSAGE][PASSED] - Object: 'Object Repository/AdvanceSearch_Page/Icon_Advanced Search' is clicked on

2019-03-11 16:25:11 - [TEST_STEP][PASSED] - println("Performing advance search"): null

2019-03-11 16:25:11 - [TEST_STEP][PASSED] - click(findTestObject("AdvanceSearch_Page/FieldName_DropDown")): Object: 'Object Repository/AdvanceSearch_Page/FieldName_DropDown' is clicked on

2019-03-11 16:25:14 - [MESSAGE][PASSED] - Object: 'Object Repository/AdvanceSearch_Page/FieldName_DropDown' is clicked on

2019-03-11 16:25:14 - [TEST_STEP][PASSED] - scrollToElement(findTestObject("AdvanceSearch_Page/option_Compensations Elements"), 4): Scroll to object 'Object Repository/AdvanceSearch_Page/option_Compensations Elements' successfully

2019-03-11 16:25:16 - [MESSAGE][PASSED] - Scroll to object 'Object Repository/AdvanceSearch_Page/option_Compensations Elements' successfully

2019-03-11 16:25:16 - [TEST_STEP][PASSED] - click(findTestObject("AdvanceSearch_Page/option_Compensations Elements")): Object: 'Object Repository/AdvanceSearch_Page/option_Compensations Elements' is clicked on

2019-03-11 16:25:18 - [MESSAGE][PASSED] - Object: 'Object Repository/AdvanceSearch_Page/option_Compensations Elements' is clicked on

2019-03-11 16:25:18 - [TEST_STEP][PASSED] - click(findTestObject("AdvanceSearch_Page/td_Comparision")): Object: 'Object Repository/AdvanceSearch_Page/td_Comparision' is clicked on

2019-03-11 16:25:20 - [MESSAGE][PASSED] - Object: 'Object Repository/AdvanceSearch_Page/td_Comparision' is clicked on

2019-03-11 16:25:20 - [TEST_STEP][PASSED] - scrollToElement(findTestObject("AdvanceSearch_Page/option_Equals"), 2): Scroll to object 'Object Repository/AdvanceSearch_Page/option_Equals' successfully

2019-03-11 16:25:22 - [MESSAGE][PASSED] - Scroll to object 'Object Repository/AdvanceSearch_Page/option_Equals' successfully

2019-03-11 16:25:22 - [TEST_STEP][PASSED] - click(findTestObject("AdvanceSearch_Page/option_Equals")): Object: 'Object Repository/AdvanceSearch_Page/option_Equals' is clicked on

2019-03-11 16:25:24 - [MESSAGE][PASSED] - Object: 'Object Repository/AdvanceSearch_Page/option_Equals' is clicked on

2019-03-11 16:25:24 - [TEST_STEP][PASSED] - setText(findTestObject("AdvanceSearch_Page/td_Value"), Lookupvar): Text 'LTD' is set on object 'Object Repository/AdvanceSearch_Page/td_Value'

2019-03-11 16:25:29 - [MESSAGE][PASSED] - Text 'LTD' is set on object 'Object Repository/AdvanceSearch_Page/td_Value'

2019-03-11 16:25:29 - [TEST_STEP][PASSED] - click(findTestObject("AdvanceSearch_Page/AppySearch_button")): Object: 'Object Repository/AdvanceSearch_Page/AppySearch_button' is clicked on

2019-03-11 16:25:31 - [MESSAGE][PASSED] - Object: 'Object Repository/AdvanceSearch_Page/AppySearch_button' is clicked on

2019-03-11 16:25:31 - [TEST_STEP][PASSED] - globalkeywords.record.RecordNotFound(): globalkeywords.record.RecordNotFound is PASSED

2019-03-11 16:25:42 - [MESSAGE][INFO] - Unable to find the element located by 'By.xpath: //td[@class='dataTables_empty']'. Please recheck the objects properties to make sure the desired element is located. 

2019-03-11 16:25:42 - [MESSAGE][WARNING] - Object 'Object Repository/Page_Callidus Cloud Commissions Man/NoRecordsFound' is not present after 10 second(s)

2019-03-11 16:25:42 - [MESSAGE][PASSED] - globalkeywords.record.RecordNotFound is PASSED]]></system-out>
         <system-err><![CDATA[]]></system-err>
      </testcase>
      <testcase name="Test Cases/Compensation_Elements_Workspace/Lookup_Table_Varaibles_exist_in_the_system" classname="Test Cases/Compensation_Elements_Workspace/Lookup_Table_Varaibles_exist_in_the_system" status="PASSED">
         <system-out><![CDATA[2019-03-11 16:25:42 - [TEST_CASE][PASSED] - Test Cases/Compensation_Elements_Workspace/Lookup_Table_Varaibles_exist_in_the_system: Test Cases/Compensation_Elements_Workspace/Lookup_Table_Varaibles_exist_in_the_system

2019-03-11 16:25:42 - [TEST_STEP][PASSED] - Start listener action : sampleBeforeTestCase: null

2019-03-11 16:25:42 - [TEST_STEP][PASSED] - println(testCaseContext.getTestCaseId()): null

2019-03-11 16:25:42 - [TEST_STEP][PASSED] - println(testCaseContext.getTestCaseVariables()): null

2019-03-11 16:25:42 - [TEST_STEP][PASSED] - callTestCase(findTestCase("Commission Login_Logout/Commission Login"), [:], STOP_ON_FAILURE): Call Test Case 'Test Cases/Commission Login_Logout/Commission Login' successfully

2019-03-11 16:25:42 - [TEST_CASE][PASSED] - Test Cases/Commission Login_Logout/Commission Login: Test Cases/Commission Login_Logout/Commission Login

2019-03-11 16:25:42 - [TEST_STEP][PASSED] - openBrowser(""): Browser is opened with url: ''

2019-03-11 16:25:42 - [MESSAGE][WARNING] - A browser is already opened. Closing browser and opening a new one

2019-03-11 16:25:44 - [MESSAGE][INFO] - Starting 'Chrome' driver

2019-03-11 16:25:49 - [MESSAGE][PASSED] - Browser is opened with url: ''

2019-03-11 16:25:49 - [TEST_STEP][PASSED] - navigateToUrl(BecURL): Navigate to 'https://biz3-tst.callidusondemand.com/SalesPortal/#!/' successfully

2019-03-11 16:26:09 - [MESSAGE][PASSED] - Navigate to 'https://biz3-tst.callidusondemand.com/SalesPortal/#!/' successfully

2019-03-11 16:26:09 - [TEST_STEP][PASSED] - maximizeWindow(): Current window maximized

2019-03-11 16:26:11 - [MESSAGE][PASSED] - Current window maximized

2019-03-11 16:26:11 - [TEST_STEP][PASSED] - Assert.assertEquals(getText(findTestObject("LoginPage/Header_homepage")), header_name): Text of object 'Object Repository/LoginPage/Header_homepage' is: 'Sales Performance Home '

2019-03-11 16:26:13 - [MESSAGE][PASSED] - Text of object 'Object Repository/LoginPage/Header_homepage' is: 'Sales Performance Home '

2019-03-11 16:26:13 - [TEST_STEP][PASSED] - setText(findTestObject("LoginPage/input_Username_username"), Bec_UserName): Text 'rkulkarn@calliduscloud.com' is set on object 'Object Repository/LoginPage/input_Username_username'

2019-03-11 16:26:17 - [MESSAGE][PASSED] - Text 'rkulkarn@calliduscloud.com' is set on object 'Object Repository/LoginPage/input_Username_username'

2019-03-11 16:26:17 - [TEST_STEP][PASSED] - setText(findTestObject("LoginPage/input_Password_password"), Bec_Password): Text 'Augg@1234' is set on object 'Object Repository/LoginPage/input_Password_password'

2019-03-11 16:26:22 - [MESSAGE][PASSED] - Text 'Augg@1234' is set on object 'Object Repository/LoginPage/input_Password_password'

2019-03-11 16:26:22 - [TEST_STEP][PASSED] - waitForElementClickable(findTestObject("LoginPage/Login_Button"), 2): Object 'Object Repository/LoginPage/Login_Button' is clickable

2019-03-11 16:26:24 - [MESSAGE][PASSED] - Object 'Object Repository/LoginPage/Login_Button' is clickable

2019-03-11 16:26:24 - [TEST_STEP][PASSED] - click(findTestObject("LoginPage/Login_Button")): Object: 'Object Repository/LoginPage/Login_Button' is clicked on

2019-03-11 16:26:26 - [MESSAGE][PASSED] - Object: 'Object Repository/LoginPage/Login_Button' is clicked on

2019-03-11 16:26:26 - [TEST_STEP][PASSED] - waitForPageLoad(2): Wait for page load successfully

2019-03-11 16:26:27 - [MESSAGE][PASSED] - Wait for page load successfully

2019-03-11 16:26:27 - [TEST_STEP][PASSED] - click(findTestObject("MessagesPage/Icon_Apps")): Object: 'Object Repository/MessagesPage/Icon_Apps' is clicked on

2019-03-11 16:26:31 - [MESSAGE][PASSED] - Object: 'Object Repository/MessagesPage/Icon_Apps' is clicked on

2019-03-11 16:26:31 - [TEST_STEP][PASSED] - mouseOver(findTestObject("MessagesPage/Link_Commissions")): Object: 'Object Repository/MessagesPage/Link_Commissions' is hovered

2019-03-11 16:26:34 - [MESSAGE][PASSED] - Object: 'Object Repository/MessagesPage/Link_Commissions' is hovered

2019-03-11 16:26:34 - [TEST_STEP][PASSED] - scrollToElement(findTestObject("MessagesPage/Link_Commissions"), 1): Scroll to object 'Object Repository/MessagesPage/Link_Commissions' successfully

2019-03-11 16:26:36 - [MESSAGE][PASSED] - Scroll to object 'Object Repository/MessagesPage/Link_Commissions' successfully

2019-03-11 16:26:36 - [TEST_STEP][PASSED] - click(findTestObject("MessagesPage/Link_Commissions")): Object: 'Object Repository/MessagesPage/Link_Commissions' is clicked on

2019-03-11 16:27:02 - [MESSAGE][PASSED] - Object: 'Object Repository/MessagesPage/Link_Commissions' is clicked on

2019-03-11 16:27:02 - [TEST_STEP][PASSED] - click(findTestObject("LoginPage/User_id")): Object: 'Object Repository/LoginPage/User_id' is clicked on

2019-03-11 16:27:05 - [MESSAGE][PASSED] - Object: 'Object Repository/LoginPage/User_id' is clicked on

2019-03-11 16:27:05 - [TEST_STEP][PASSED] - waitForElementVisible(findTestObject("LoginPage/user_name"), 1): Object 'Object Repository/LoginPage/user_name' is visible

2019-03-11 16:27:07 - [MESSAGE][PASSED] - Object 'Object Repository/LoginPage/user_name' is visible

2019-03-11 16:27:07 - [TEST_STEP][PASSED] - Assert.assertEquals(getText(findTestObject("LoginPage/user_name")), User_name): Text of object 'Object Repository/LoginPage/user_name' is: 'rkulkarn@calliduscloud.com'

2019-03-11 16:27:09 - [MESSAGE][PASSED] - Text of object 'Object Repository/LoginPage/user_name' is: 'rkulkarn@calliduscloud.com'

2019-03-11 16:27:09 - [TEST_STEP][PASSED] - waitForPageLoad(3): Wait for page load successfully

2019-03-11 16:27:10 - [MESSAGE][PASSED] - Wait for page load successfully

2019-03-11 16:27:10 - [MESSAGE][PASSED] - Call Test Case 'Test Cases/Commission Login_Logout/Commission Login' successfully

2019-03-11 16:27:10 - [TEST_STEP][PASSED] - mouseOver(findTestObject("HomePage_Commission/Commission_CompensationElements/Icon_Compensationelement")): Object: 'Object Repository/HomePage_Commission/Commission_CompensationElements/Icon_Compensationelement' is hovered

2019-03-11 16:27:13 - [MESSAGE][PASSED] - Object: 'Object Repository/HomePage_Commission/Commission_CompensationElements/Icon_Compensationelement' is hovered

2019-03-11 16:27:13 - [TEST_STEP][PASSED] - waitForElementPresent(findTestObject("HomePage_Commission/Commission_CompensationElements/Icon_Compensationelement"), 3): Object 'Object Repository/HomePage_Commission/Commission_CompensationElements/Icon_Compensationelement' is present

2019-03-11 16:27:14 - [MESSAGE][PASSED] - Object 'Object Repository/HomePage_Commission/Commission_CompensationElements/Icon_Compensationelement' is present

2019-03-11 16:27:14 - [TEST_STEP][PASSED] - click(findTestObject("HomePage_Commission/Commission_CompensationElements/Icon_Compensationelement")): Object: 'Object Repository/HomePage_Commission/Commission_CompensationElements/Icon_Compensationelement' is clicked on

2019-03-11 16:27:16 - [MESSAGE][PASSED] - Object: 'Object Repository/HomePage_Commission/Commission_CompensationElements/Icon_Compensationelement' is clicked on

2019-03-11 16:27:16 - [TEST_STEP][PASSED] - Assert.assertEquals(getText(findTestObject("Assertion_objects/Compensation_elements")), Compensation_ele): Text of object 'Object Repository/Assertion_objects/Compensation_elements' is: 'Compensation Elements'

2019-03-11 16:27:18 - [MESSAGE][PASSED] - Text of object 'Object Repository/Assertion_objects/Compensation_elements' is: 'Compensation Elements'

2019-03-11 16:27:18 - [TEST_STEP][PASSED] - println("User is able to navigate to Plan tab"): null

2019-03-11 16:27:18 - [TEST_STEP][PASSED] - waitForElementVisible(findTestObject("HomePage_Commission/Commission_CompensationElements/Link_Variables"), 7): Object 'Object Repository/HomePage_Commission/Commission_CompensationElements/Link_Variables' is visible

2019-03-11 16:27:20 - [MESSAGE][PASSED] - Object 'Object Repository/HomePage_Commission/Commission_CompensationElements/Link_Variables' is visible

2019-03-11 16:27:20 - [TEST_STEP][PASSED] - mouseOver(findTestObject("HomePage_Commission/Commission_CompensationElements/Link_Variables"), STOP_ON_FAILURE): Object: 'Object Repository/HomePage_Commission/Commission_CompensationElements/Link_Variables' is hovered

2019-03-11 16:27:23 - [MESSAGE][PASSED] - Object: 'Object Repository/HomePage_Commission/Commission_CompensationElements/Link_Variables' is hovered

2019-03-11 16:27:23 - [TEST_STEP][PASSED] - click(findTestObject("HomePage_Commission/Commission_CompensationElements/Link_Variables")): Object: 'Object Repository/HomePage_Commission/Commission_CompensationElements/Link_Variables' is clicked on

2019-03-11 16:27:35 - [MESSAGE][PASSED] - Object: 'Object Repository/HomePage_Commission/Commission_CompensationElements/Link_Variables' is clicked on

2019-03-11 16:27:35 - [TEST_STEP][PASSED] - Assert.assertEquals(getText(findTestObject("Assertion_objects/Variable")), Var_name): Text of object 'Object Repository/Assertion_objects/Variable' is: 'Variables'

2019-03-11 16:27:38 - [MESSAGE][PASSED] - Text of object 'Object Repository/Assertion_objects/Variable' is: 'Variables'

2019-03-11 16:27:38 - [TEST_STEP][PASSED] - println("User Navigated to Varaible screen"): null

2019-03-11 16:27:38 - [TEST_STEP][PASSED] - if (verifyElementClickable(findTestObject("AdvanceSearch_Page/Advanced_searchtext"))): null

2019-03-11 16:27:40 - [MESSAGE][PASSED] - Object 'Object Repository/AdvanceSearch_Page/Advanced_searchtext' is clickable

2019-03-11 16:27:40 - [TEST_STEP][PASSED] - click(findTestObject("AdvanceSearch_Page/Icon_Advanced Search")): Object: 'Object Repository/AdvanceSearch_Page/Icon_Advanced Search' is clicked on

2019-03-11 16:27:42 - [MESSAGE][PASSED] - Object: 'Object Repository/AdvanceSearch_Page/Icon_Advanced Search' is clicked on

2019-03-11 16:27:42 - [TEST_STEP][PASSED] - println("Performing advance search"): null

2019-03-11 16:27:42 - [TEST_STEP][PASSED] - click(findTestObject("AdvanceSearch_Page/FieldName_DropDown")): Object: 'Object Repository/AdvanceSearch_Page/FieldName_DropDown' is clicked on

2019-03-11 16:27:44 - [MESSAGE][PASSED] - Object: 'Object Repository/AdvanceSearch_Page/FieldName_DropDown' is clicked on

2019-03-11 16:27:44 - [TEST_STEP][PASSED] - scrollToElement(findTestObject("AdvanceSearch_Page/option_Value"), 4): Scroll to object 'Object Repository/AdvanceSearch_Page/option_Value' successfully

2019-03-11 16:27:46 - [MESSAGE][PASSED] - Scroll to object 'Object Repository/AdvanceSearch_Page/option_Value' successfully

2019-03-11 16:27:46 - [TEST_STEP][PASSED] - click(findTestObject("AdvanceSearch_Page/option_Value")): Object: 'Object Repository/AdvanceSearch_Page/option_Value' is clicked on

2019-03-11 16:27:48 - [MESSAGE][PASSED] - Object: 'Object Repository/AdvanceSearch_Page/option_Value' is clicked on

2019-03-11 16:27:48 - [TEST_STEP][PASSED] - click(findTestObject("AdvanceSearch_Page/td_Comparision")): Object: 'Object Repository/AdvanceSearch_Page/td_Comparision' is clicked on

2019-03-11 16:27:51 - [MESSAGE][PASSED] - Object: 'Object Repository/AdvanceSearch_Page/td_Comparision' is clicked on

2019-03-11 16:27:51 - [TEST_STEP][PASSED] - scrollToElement(findTestObject("AdvanceSearch_Page/option_Equals"), 2): Scroll to object 'Object Repository/AdvanceSearch_Page/option_Equals' successfully

2019-03-11 16:27:53 - [MESSAGE][PASSED] - Scroll to object 'Object Repository/AdvanceSearch_Page/option_Equals' successfully

2019-03-11 16:27:53 - [TEST_STEP][PASSED] - click(findTestObject("AdvanceSearch_Page/option_Equals")): Object: 'Object Repository/AdvanceSearch_Page/option_Equals' is clicked on

2019-03-11 16:27:55 - [MESSAGE][PASSED] - Object: 'Object Repository/AdvanceSearch_Page/option_Equals' is clicked on

2019-03-11 16:27:55 - [TEST_STEP][PASSED] - setText(findTestObject("AdvanceSearch_Page/td_Value"), LUP_Var): Text 'LUTD' is set on object 'Object Repository/AdvanceSearch_Page/td_Value'

2019-03-11 16:27:59 - [MESSAGE][PASSED] - Text 'LUTD' is set on object 'Object Repository/AdvanceSearch_Page/td_Value'

2019-03-11 16:27:59 - [TEST_STEP][PASSED] - click(findTestObject("AdvanceSearch_Page/AppySearch_button")): Object: 'Object Repository/AdvanceSearch_Page/AppySearch_button' is clicked on

2019-03-11 16:28:02 - [MESSAGE][PASSED] - Object: 'Object Repository/AdvanceSearch_Page/AppySearch_button' is clicked on

2019-03-11 16:28:02 - [TEST_STEP][PASSED] - globalkeywords.record.RecordNotFound(): globalkeywords.record.RecordNotFound is PASSED

2019-03-11 16:28:13 - [MESSAGE][INFO] - Unable to find the element located by 'By.xpath: //td[@class='dataTables_empty']'. Please recheck the objects properties to make sure the desired element is located. 

2019-03-11 16:28:13 - [MESSAGE][WARNING] - Object 'Object Repository/Page_Callidus Cloud Commissions Man/NoRecordsFound' is not present after 10 second(s)

2019-03-11 16:28:13 - [MESSAGE][PASSED] - globalkeywords.record.RecordNotFound is PASSED]]></system-out>
         <system-err><![CDATA[]]></system-err>
      </testcase>
      <testcase name="Test Cases/Compensation_Elements_Workspace/Quotas exists in the system" classname="Test Cases/Compensation_Elements_Workspace/Quotas exists in the system" status="PASSED">
         <system-out><![CDATA[2019-03-11 16:28:13 - [TEST_CASE][PASSED] - Test Cases/Compensation_Elements_Workspace/Quotas exists in the system: Test Cases/Compensation_Elements_Workspace/Quotas exists in the system

2019-03-11 16:28:13 - [TEST_STEP][PASSED] - Start listener action : sampleBeforeTestCase: null

2019-03-11 16:28:13 - [TEST_STEP][PASSED] - println(testCaseContext.getTestCaseId()): null

2019-03-11 16:28:13 - [TEST_STEP][PASSED] - println(testCaseContext.getTestCaseVariables()): null

2019-03-11 16:28:13 - [TEST_STEP][PASSED] - callTestCase(findTestCase("Commission Login_Logout/Commission Login"), [:], STOP_ON_FAILURE): Call Test Case 'Test Cases/Commission Login_Logout/Commission Login' successfully

2019-03-11 16:28:13 - [TEST_CASE][PASSED] - Test Cases/Commission Login_Logout/Commission Login: Test Cases/Commission Login_Logout/Commission Login

2019-03-11 16:28:14 - [TEST_STEP][PASSED] - openBrowser(""): Browser is opened with url: ''

2019-03-11 16:28:14 - [MESSAGE][WARNING] - A browser is already opened. Closing browser and opening a new one

2019-03-11 16:28:15 - [MESSAGE][INFO] - Starting 'Chrome' driver

2019-03-11 16:28:20 - [MESSAGE][PASSED] - Browser is opened with url: ''

2019-03-11 16:28:20 - [TEST_STEP][PASSED] - navigateToUrl(BecURL): Navigate to 'https://biz3-tst.callidusondemand.com/SalesPortal/#!/' successfully

2019-03-11 16:28:34 - [MESSAGE][PASSED] - Navigate to 'https://biz3-tst.callidusondemand.com/SalesPortal/#!/' successfully

2019-03-11 16:28:34 - [TEST_STEP][PASSED] - maximizeWindow(): Current window maximized

2019-03-11 16:28:36 - [MESSAGE][PASSED] - Current window maximized

2019-03-11 16:28:36 - [TEST_STEP][PASSED] - Assert.assertEquals(getText(findTestObject("LoginPage/Header_homepage")), header_name): Text of object 'Object Repository/LoginPage/Header_homepage' is: 'Sales Performance Home '

2019-03-11 16:28:38 - [MESSAGE][PASSED] - Text of object 'Object Repository/LoginPage/Header_homepage' is: 'Sales Performance Home '

2019-03-11 16:28:38 - [TEST_STEP][PASSED] - setText(findTestObject("LoginPage/input_Username_username"), Bec_UserName): Text 'rkulkarn@calliduscloud.com' is set on object 'Object Repository/LoginPage/input_Username_username'

2019-03-11 16:28:43 - [MESSAGE][PASSED] - Text 'rkulkarn@calliduscloud.com' is set on object 'Object Repository/LoginPage/input_Username_username'

2019-03-11 16:28:43 - [TEST_STEP][PASSED] - setText(findTestObject("LoginPage/input_Password_password"), Bec_Password): Text 'Augg@1234' is set on object 'Object Repository/LoginPage/input_Password_password'

2019-03-11 16:28:47 - [MESSAGE][PASSED] - Text 'Augg@1234' is set on object 'Object Repository/LoginPage/input_Password_password'

2019-03-11 16:28:47 - [TEST_STEP][PASSED] - waitForElementClickable(findTestObject("LoginPage/Login_Button"), 2): Object 'Object Repository/LoginPage/Login_Button' is clickable

2019-03-11 16:28:49 - [MESSAGE][PASSED] - Object 'Object Repository/LoginPage/Login_Button' is clickable

2019-03-11 16:28:49 - [TEST_STEP][PASSED] - click(findTestObject("LoginPage/Login_Button")): Object: 'Object Repository/LoginPage/Login_Button' is clicked on

2019-03-11 16:28:51 - [MESSAGE][PASSED] - Object: 'Object Repository/LoginPage/Login_Button' is clicked on

2019-03-11 16:28:51 - [TEST_STEP][PASSED] - waitForPageLoad(2): Wait for page load successfully

2019-03-11 16:28:52 - [MESSAGE][PASSED] - Wait for page load successfully

2019-03-11 16:28:52 - [TEST_STEP][PASSED] - click(findTestObject("MessagesPage/Icon_Apps")): Object: 'Object Repository/MessagesPage/Icon_Apps' is clicked on

2019-03-11 16:28:56 - [MESSAGE][PASSED] - Object: 'Object Repository/MessagesPage/Icon_Apps' is clicked on

2019-03-11 16:28:56 - [TEST_STEP][PASSED] - mouseOver(findTestObject("MessagesPage/Link_Commissions")): Object: 'Object Repository/MessagesPage/Link_Commissions' is hovered

2019-03-11 16:28:59 - [MESSAGE][PASSED] - Object: 'Object Repository/MessagesPage/Link_Commissions' is hovered

2019-03-11 16:28:59 - [TEST_STEP][PASSED] - scrollToElement(findTestObject("MessagesPage/Link_Commissions"), 1): Scroll to object 'Object Repository/MessagesPage/Link_Commissions' successfully

2019-03-11 16:29:01 - [MESSAGE][PASSED] - Scroll to object 'Object Repository/MessagesPage/Link_Commissions' successfully

2019-03-11 16:29:01 - [TEST_STEP][PASSED] - click(findTestObject("MessagesPage/Link_Commissions")): Object: 'Object Repository/MessagesPage/Link_Commissions' is clicked on

2019-03-11 16:30:19 - [MESSAGE][PASSED] - Object: 'Object Repository/MessagesPage/Link_Commissions' is clicked on

2019-03-11 16:30:19 - [TEST_STEP][PASSED] - click(findTestObject("LoginPage/User_id")): Object: 'Object Repository/LoginPage/User_id' is clicked on

2019-03-11 16:30:21 - [MESSAGE][PASSED] - Object: 'Object Repository/LoginPage/User_id' is clicked on

2019-03-11 16:30:21 - [TEST_STEP][PASSED] - waitForElementVisible(findTestObject("LoginPage/user_name"), 1): Object 'Object Repository/LoginPage/user_name' is visible

2019-03-11 16:30:23 - [MESSAGE][PASSED] - Object 'Object Repository/LoginPage/user_name' is visible

2019-03-11 16:30:23 - [TEST_STEP][PASSED] - Assert.assertEquals(getText(findTestObject("LoginPage/user_name")), User_name): Text of object 'Object Repository/LoginPage/user_name' is: 'rkulkarn@calliduscloud.com'

2019-03-11 16:30:25 - [MESSAGE][PASSED] - Text of object 'Object Repository/LoginPage/user_name' is: 'rkulkarn@calliduscloud.com'

2019-03-11 16:30:25 - [TEST_STEP][PASSED] - waitForPageLoad(3): Wait for page load successfully

2019-03-11 16:30:26 - [MESSAGE][PASSED] - Wait for page load successfully

2019-03-11 16:30:26 - [MESSAGE][PASSED] - Call Test Case 'Test Cases/Commission Login_Logout/Commission Login' successfully

2019-03-11 16:30:26 - [TEST_STEP][PASSED] - mouseOver(findTestObject("HomePage_Commission/Commission_CompensationElements/Icon_Compensationelement")): Object: 'Object Repository/HomePage_Commission/Commission_CompensationElements/Icon_Compensationelement' is hovered

2019-03-11 16:30:30 - [MESSAGE][PASSED] - Object: 'Object Repository/HomePage_Commission/Commission_CompensationElements/Icon_Compensationelement' is hovered

2019-03-11 16:30:30 - [TEST_STEP][PASSED] - waitForElementPresent(findTestObject("HomePage_Commission/Commission_CompensationElements/Icon_Compensationelement"), 3): Object 'Object Repository/HomePage_Commission/Commission_CompensationElements/Icon_Compensationelement' is present

2019-03-11 16:30:31 - [MESSAGE][PASSED] - Object 'Object Repository/HomePage_Commission/Commission_CompensationElements/Icon_Compensationelement' is present

2019-03-11 16:30:31 - [TEST_STEP][PASSED] - click(findTestObject("HomePage_Commission/Commission_CompensationElements/Icon_Compensationelement")): Object: 'Object Repository/HomePage_Commission/Commission_CompensationElements/Icon_Compensationelement' is clicked on

2019-03-11 16:30:33 - [MESSAGE][PASSED] - Object: 'Object Repository/HomePage_Commission/Commission_CompensationElements/Icon_Compensationelement' is clicked on

2019-03-11 16:30:33 - [TEST_STEP][PASSED] - Assert.assertEquals(getText(findTestObject("Assertion_objects/Compensation_elements")), Compensation_ele): Text of object 'Object Repository/Assertion_objects/Compensation_elements' is: 'Compensation Elements'

2019-03-11 16:30:35 - [MESSAGE][PASSED] - Text of object 'Object Repository/Assertion_objects/Compensation_elements' is: 'Compensation Elements'

2019-03-11 16:30:35 - [TEST_STEP][PASSED] - println("User is able to navigate to Plan tab"): null

2019-03-11 16:30:35 - [TEST_STEP][PASSED] - waitForElementVisible(findTestObject("HomePage_Commission/Commission_CompensationElements/Link_Quota"), 4): Object 'Object Repository/HomePage_Commission/Commission_CompensationElements/Link_Quota' is visible

2019-03-11 16:30:37 - [MESSAGE][PASSED] - Object 'Object Repository/HomePage_Commission/Commission_CompensationElements/Link_Quota' is visible

2019-03-11 16:30:37 - [TEST_STEP][PASSED] - mouseOver(findTestObject("HomePage_Commission/Commission_CompensationElements/Link_Quota"), STOP_ON_FAILURE): Object: 'Object Repository/HomePage_Commission/Commission_CompensationElements/Link_Quota' is hovered

2019-03-11 16:30:40 - [MESSAGE][PASSED] - Object: 'Object Repository/HomePage_Commission/Commission_CompensationElements/Link_Quota' is hovered

2019-03-11 16:30:40 - [TEST_STEP][PASSED] - click(findTestObject("HomePage_Commission/Commission_CompensationElements/Link_Quota")): Object: 'Object Repository/HomePage_Commission/Commission_CompensationElements/Link_Quota' is clicked on

2019-03-11 16:31:02 - [MESSAGE][PASSED] - Object: 'Object Repository/HomePage_Commission/Commission_CompensationElements/Link_Quota' is clicked on

2019-03-11 16:31:02 - [TEST_STEP][PASSED] - Assert.assertEquals(getText(findTestObject("Assertion_objects/Quotas")), Quotastxt): Text of object 'Object Repository/Assertion_objects/Quotas' is: 'Quotas'

2019-03-11 16:31:04 - [MESSAGE][PASSED] - Text of object 'Object Repository/Assertion_objects/Quotas' is: 'Quotas'

2019-03-11 16:31:04 - [TEST_STEP][PASSED] - println("User Navigated to Quotas screen"): null

2019-03-11 16:31:04 - [TEST_STEP][PASSED] - if (verifyElementClickable(findTestObject("AdvanceSearch_Page/Advanced_searchtext"))): null

2019-03-11 16:31:06 - [MESSAGE][PASSED] - Object 'Object Repository/AdvanceSearch_Page/Advanced_searchtext' is clickable

2019-03-11 16:31:06 - [TEST_STEP][PASSED] - click(findTestObject("AdvanceSearch_Page/Icon_Advanced Search")): Object: 'Object Repository/AdvanceSearch_Page/Icon_Advanced Search' is clicked on

2019-03-11 16:31:08 - [MESSAGE][PASSED] - Object: 'Object Repository/AdvanceSearch_Page/Icon_Advanced Search' is clicked on

2019-03-11 16:31:08 - [TEST_STEP][PASSED] - println("Performing advance search"): null

2019-03-11 16:31:08 - [TEST_STEP][PASSED] - click(findTestObject("AdvanceSearch_Page/FieldName_DropDown")): Object: 'Object Repository/AdvanceSearch_Page/FieldName_DropDown' is clicked on

2019-03-11 16:31:10 - [MESSAGE][PASSED] - Object: 'Object Repository/AdvanceSearch_Page/FieldName_DropDown' is clicked on

2019-03-11 16:31:10 - [TEST_STEP][PASSED] - scrollToElement(findTestObject("AdvanceSearch_Page/option_QuotaName"), 4): Scroll to object 'Object Repository/AdvanceSearch_Page/option_QuotaName' successfully

2019-03-11 16:31:13 - [MESSAGE][PASSED] - Scroll to object 'Object Repository/AdvanceSearch_Page/option_QuotaName' successfully

2019-03-11 16:31:13 - [TEST_STEP][PASSED] - click(findTestObject("AdvanceSearch_Page/option_QuotaName")): Object: 'Object Repository/AdvanceSearch_Page/option_QuotaName' is clicked on

2019-03-11 16:31:15 - [MESSAGE][PASSED] - Object: 'Object Repository/AdvanceSearch_Page/option_QuotaName' is clicked on

[...]

2019-03-11 17:30:35 - [TEST_STEP][PASSED] - waitForPageLoad(5): Wait for page load successfully

2019-03-11 17:30:36 - [MESSAGE][PASSED] - Wait for page load successfully

2019-03-11 17:30:36 - [TEST_STEP][PASSED] - scrollToPosition(0, 0): Browser is scrolled to position x = 0, y = 0

2019-03-11 17:30:37 - [MESSAGE][PASSED] - Browser is scrolled to position x = 0, y = 0

2019-03-11 17:30:37 - [TEST_STEP][PASSED] - if (verifyElementClickable(findTestObject("AdvanceSearch_Page/Advanced_searchtext"))): null

2019-03-11 17:30:39 - [MESSAGE][PASSED] - Object 'Object Repository/AdvanceSearch_Page/Advanced_searchtext' is clickable

2019-03-11 17:30:39 - [TEST_STEP][PASSED] - click(findTestObject("AdvanceSearch_Page/Icon_Advanced Search")): Object: 'Object Repository/AdvanceSearch_Page/Icon_Advanced Search' is clicked on

2019-03-11 17:30:41 - [MESSAGE][PASSED] - Object: 'Object Repository/AdvanceSearch_Page/Icon_Advanced Search' is clicked on

2019-03-11 17:30:41 - [TEST_STEP][PASSED] - println("Performing advance search"): null

2019-03-11 17:30:41 - [TEST_STEP][PASSED] - waitForElementVisible(findTestObject("AdvanceSearch_Page/FieldName_DropDown"), 2): Object 'Object Repository/AdvanceSearch_Page/FieldName_DropDown' is visible

2019-03-11 17:30:43 - [MESSAGE][PASSED] - Object 'Object Repository/AdvanceSearch_Page/FieldName_DropDown' is visible

2019-03-11 17:30:43 - [TEST_STEP][PASSED] - click(findTestObject("AdvanceSearch_Page/FieldName_DropDown")): Object: 'Object Repository/AdvanceSearch_Page/FieldName_DropDown' is clicked on

2019-03-11 17:30:46 - [MESSAGE][PASSED] - Object: 'Object Repository/AdvanceSearch_Page/FieldName_DropDown' is clicked on

2019-03-11 17:30:46 - [TEST_STEP][PASSED] - scrollToElement(findTestObject("AdvanceSearch_Page/option_Value"), 4): Scroll to object 'Object Repository/AdvanceSearch_Page/option_Value' successfully

2019-03-11 17:30:48 - [MESSAGE][PASSED] - Scroll to object 'Object Repository/AdvanceSearch_Page/option_Value' successfully

2019-03-11 17:30:48 - [TEST_STEP][PASSED] - waitForElementClickable(findTestObject("AdvanceSearch_Page/option_Value"), 2): Object 'Object Repository/AdvanceSearch_Page/option_Value' is clickable

2019-03-11 17:30:50 - [MESSAGE][PASSED] - Object 'Object Repository/AdvanceSearch_Page/option_Value' is clickable

2019-03-11 17:30:50 - [TEST_STEP][PASSED] - click(findTestObject("AdvanceSearch_Page/option_Value")): Object: 'Object Repository/AdvanceSearch_Page/option_Value' is clicked on

2019-03-11 17:30:52 - [MESSAGE][PASSED] - Object: 'Object Repository/AdvanceSearch_Page/option_Value' is clicked on

2019-03-11 17:30:52 - [TEST_STEP][PASSED] - click(findTestObject("AdvanceSearch_Page/td_Comparision")): Object: 'Object Repository/AdvanceSearch_Page/td_Comparision' is clicked on

2019-03-11 17:30:59 - [MESSAGE][PASSED] - Object: 'Object Repository/AdvanceSearch_Page/td_Comparision' is clicked on

2019-03-11 17:30:59 - [TEST_STEP][PASSED] - waitForElementVisible(findTestObject("AdvanceSearch_Page/option_Equals"), 2): Object 'Object Repository/AdvanceSearch_Page/option_Equals' is visible

2019-03-11 17:31:01 - [MESSAGE][PASSED] - Object 'Object Repository/AdvanceSearch_Page/option_Equals' is visible

2019-03-11 17:31:01 - [TEST_STEP][PASSED] - scrollToElement(findTestObject("AdvanceSearch_Page/option_Equals"), 2): Scroll to object 'Object Repository/AdvanceSearch_Page/option_Equals' successfully

2019-03-11 17:31:03 - [MESSAGE][PASSED] - Scroll to object 'Object Repository/AdvanceSearch_Page/option_Equals' successfully

2019-03-11 17:31:03 - [TEST_STEP][PASSED] - waitForElementClickable(findTestObject("AdvanceSearch_Page/option_Equals"), 2): Object 'Object Repository/AdvanceSearch_Page/option_Equals' is clickable

2019-03-11 17:31:05 - [MESSAGE][PASSED] - Object 'Object Repository/AdvanceSearch_Page/option_Equals' is clickable

2019-03-11 17:31:05 - [TEST_STEP][PASSED] - click(findTestObject("AdvanceSearch_Page/option_Equals")): Object: 'Object Repository/AdvanceSearch_Page/option_Equals' is clicked on

2019-03-11 17:31:07 - [MESSAGE][PASSED] - Object: 'Object Repository/AdvanceSearch_Page/option_Equals' is clicked on

2019-03-11 17:31:07 - [TEST_STEP][PASSED] - waitForElementClickable(findTestObject("AdvanceSearch_Page/td_Value"), 5): Object 'Object Repository/AdvanceSearch_Page/td_Value' is clickable

2019-03-11 17:31:10 - [MESSAGE][PASSED] - Object 'Object Repository/AdvanceSearch_Page/td_Value' is clickable

2019-03-11 17:31:10 - [TEST_STEP][PASSED] - click(findTestObject("AdvanceSearch_Page/td_Value")): Object: 'Object Repository/AdvanceSearch_Page/td_Value' is clicked on

2019-03-11 17:31:17 - [MESSAGE][PASSED] - Object: 'Object Repository/AdvanceSearch_Page/td_Value' is clicked on

2019-03-11 17:31:17 - [TEST_STEP][PASSED] - setText(findTestObject("AdvanceSearch_Page/td_Value"), SerachString): Text 'Plan_Raj' is set on object 'Object Repository/AdvanceSearch_Page/td_Value'

2019-03-11 17:31:21 - [MESSAGE][PASSED] - Text 'Plan_Raj' is set on object 'Object Repository/AdvanceSearch_Page/td_Value'

2019-03-11 17:31:21 - [TEST_STEP][PASSED] - waitForElementClickable(findTestObject("AdvanceSearch_Page/AppySearch_button"), 2): Object 'Object Repository/AdvanceSearch_Page/AppySearch_button' is clickable

2019-03-11 17:31:23 - [MESSAGE][PASSED] - Object 'Object Repository/AdvanceSearch_Page/AppySearch_button' is clickable

2019-03-11 17:31:23 - [TEST_STEP][PASSED] - click(findTestObject("AdvanceSearch_Page/AppySearch_button")): Object: 'Object Repository/AdvanceSearch_Page/AppySearch_button' is clicked on

2019-03-11 17:31:30 - [MESSAGE][PASSED] - Object: 'Object Repository/AdvanceSearch_Page/AppySearch_button' is clicked on

2019-03-11 17:31:30 - [TEST_STEP][PASSED] - globalkeywords.record.RecordNotFound(): globalkeywords.record.RecordNotFound is PASSED

2019-03-11 17:31:41 - [MESSAGE][INFO] - Unable to find the element located by 'By.xpath: //td[@class='dataTables_empty']'. Please recheck the objects properties to make sure the desired element is located. 

2019-03-11 17:31:41 - [MESSAGE][WARNING] - Object 'Object Repository/Page_Callidus Cloud Commissions Man/NoRecordsFound' is not present after 10 second(s)

2019-03-11 17:31:41 - [MESSAGE][PASSED] - globalkeywords.record.RecordNotFound is PASSED

2019-03-11 17:31:41 - [MESSAGE][PASSED] - Call Test Case 'Test Cases/Script_For_Advancesearch/AdvanceSearch' successfully]]></system-out>
         <system-err><![CDATA[]]></system-err>
      </testcase>
      <testcase name="Test Cases/Security_workspace/Users exists in the system" classname="Test Cases/Security_workspace/Users exists in the system" status="PASSED">
         <system-out><![CDATA[2019-03-11 17:31:41 - [TEST_CASE][PASSED] - Test Cases/Security_workspace/Users exists in the system: Test Cases/Security_workspace/Users exists in the system

2019-03-11 17:31:41 - [TEST_STEP][PASSED] - Start listener action : sampleBeforeTestCase: null

2019-03-11 17:31:41 - [TEST_STEP][PASSED] - println(testCaseContext.getTestCaseId()): null

2019-03-11 17:31:41 - [TEST_STEP][PASSED] - println(testCaseContext.getTestCaseVariables()): null

2019-03-11 17:31:42 - [TEST_STEP][PASSED] - callTestCase(findTestCase("Commission Login_Logout/Commission Login"), [:], STOP_ON_FAILURE): Call Test Case 'Test Cases/Commission Login_Logout/Commission Login' successfully

2019-03-11 17:31:42 - [TEST_CASE][PASSED] - Test Cases/Commission Login_Logout/Commission Login: Test Cases/Commission Login_Logout/Commission Login

2019-03-11 17:31:42 - [TEST_STEP][PASSED] - openBrowser(""): Browser is opened with url: ''

2019-03-11 17:31:42 - [MESSAGE][WARNING] - A browser is already opened. Closing browser and opening a new one

2019-03-11 17:31:44 - [MESSAGE][INFO] - Starting 'Chrome' driver

2019-03-11 17:31:49 - [MESSAGE][PASSED] - Browser is opened with url: ''

2019-03-11 17:31:49 - [TEST_STEP][PASSED] - navigateToUrl(BecURL): Navigate to 'https://biz3-tst.callidusondemand.com/SalesPortal/#!/' successfully

2019-03-11 17:32:02 - [MESSAGE][PASSED] - Navigate to 'https://biz3-tst.callidusondemand.com/SalesPortal/#!/' successfully

2019-03-11 17:32:02 - [TEST_STEP][PASSED] - maximizeWindow(): Current window maximized

2019-03-11 17:32:05 - [MESSAGE][PASSED] - Current window maximized

2019-03-11 17:32:05 - [TEST_STEP][PASSED] - Assert.assertEquals(getText(findTestObject("LoginPage/Header_homepage")), header_name): Text of object 'Object Repository/LoginPage/Header_homepage' is: 'Sales Performance Home '

2019-03-11 17:32:07 - [MESSAGE][PASSED] - Text of object 'Object Repository/LoginPage/Header_homepage' is: 'Sales Performance Home '

2019-03-11 17:32:07 - [TEST_STEP][PASSED] - setText(findTestObject("LoginPage/input_Username_username"), Bec_UserName): Text 'rkulkarn@calliduscloud.com' is set on object 'Object Repository/LoginPage/input_Username_username'

2019-03-11 17:32:11 - [MESSAGE][PASSED] - Text 'rkulkarn@calliduscloud.com' is set on object 'Object Repository/LoginPage/input_Username_username'

2019-03-11 17:32:11 - [TEST_STEP][PASSED] - setText(findTestObject("LoginPage/input_Password_password"), Bec_Password): Text 'Augg@1234' is set on object 'Object Repository/LoginPage/input_Password_password'

2019-03-11 17:32:15 - [MESSAGE][PASSED] - Text 'Augg@1234' is set on object 'Object Repository/LoginPage/input_Password_password'

2019-03-11 17:32:15 - [TEST_STEP][PASSED] - waitForElementClickable(findTestObject("LoginPage/Login_Button"), 2): Object 'Object Repository/LoginPage/Login_Button' is clickable

2019-03-11 17:32:17 - [MESSAGE][PASSED] - Object 'Object Repository/LoginPage/Login_Button' is clickable

2019-03-11 17:32:18 - [TEST_STEP][PASSED] - click(findTestObject("LoginPage/Login_Button")): Object: 'Object Repository/LoginPage/Login_Button' is clicked on

2019-03-11 17:32:20 - [MESSAGE][PASSED] - Object: 'Object Repository/LoginPage/Login_Button' is clicked on

2019-03-11 17:32:20 - [TEST_STEP][PASSED] - waitForPageLoad(2): Wait for page load successfully

2019-03-11 17:32:21 - [MESSAGE][PASSED] - Wait for page load successfully

2019-03-11 17:32:21 - [TEST_STEP][PASSED] - click(findTestObject("MessagesPage/Icon_Apps")): Object: 'Object Repository/MessagesPage/Icon_Apps' is clicked on

2019-03-11 17:32:24 - [MESSAGE][PASSED] - Object: 'Object Repository/MessagesPage/Icon_Apps' is clicked on

2019-03-11 17:32:24 - [TEST_STEP][PASSED] - mouseOver(findTestObject("MessagesPage/Link_Commissions")): Object: 'Object Repository/MessagesPage/Link_Commissions' is hovered

2019-03-11 17:32:27 - [MESSAGE][PASSED] - Object: 'Object Repository/MessagesPage/Link_Commissions' is hovered

2019-03-11 17:32:27 - [TEST_STEP][PASSED] - scrollToElement(findTestObject("MessagesPage/Link_Commissions"), 1): Scroll to object 'Object Repository/MessagesPage/Link_Commissions' successfully

2019-03-11 17:32:29 - [MESSAGE][PASSED] - Scroll to object 'Object Repository/MessagesPage/Link_Commissions' successfully

2019-03-11 17:32:29 - [TEST_STEP][PASSED] - click(findTestObject("MessagesPage/Link_Commissions")): Object: 'Object Repository/MessagesPage/Link_Commissions' is clicked on

2019-03-11 17:33:01 - [MESSAGE][PASSED] - Object: 'Object Repository/MessagesPage/Link_Commissions' is clicked on

2019-03-11 17:33:01 - [TEST_STEP][PASSED] - click(findTestObject("LoginPage/User_id")): Object: 'Object Repository/LoginPage/User_id' is clicked on

2019-03-11 17:33:03 - [MESSAGE][PASSED] - Object: 'Object Repository/LoginPage/User_id' is clicked on

2019-03-11 17:33:03 - [TEST_STEP][PASSED] - waitForElementVisible(findTestObject("LoginPage/user_name"), 1): Object 'Object Repository/LoginPage/user_name' is visible

2019-03-11 17:33:05 - [MESSAGE][PASSED] - Object 'Object Repository/LoginPage/user_name' is visible

2019-03-11 17:33:05 - [TEST_STEP][PASSED] - Assert.assertEquals(getText(findTestObject("LoginPage/user_name")), User_name): Text of object 'Object Repository/LoginPage/user_name' is: 'rkulkarn@calliduscloud.com'

2019-03-11 17:33:07 - [MESSAGE][PASSED] - Text of object 'Object Repository/LoginPage/user_name' is: 'rkulkarn@calliduscloud.com'

2019-03-11 17:33:07 - [TEST_STEP][PASSED] - waitForPageLoad(3): Wait for page load successfully

2019-03-11 17:33:08 - [MESSAGE][PASSED] - Wait for page load successfully

2019-03-11 17:33:08 - [MESSAGE][PASSED] - Call Test Case 'Test Cases/Commission Login_Logout/Commission Login' successfully

2019-03-11 17:33:08 - [TEST_STEP][PASSED] - mouseOver(findTestObject("HomePage_Commission/Commission_Security/Icon_security")): Object: 'Object Repository/HomePage_Commission/Commission_Security/Icon_security' is hovered

2019-03-11 17:33:11 - [MESSAGE][PASSED] - Object: 'Object Repository/HomePage_Commission/Commission_Security/Icon_security' is hovered

2019-03-11 17:33:11 - [TEST_STEP][PASSED] - waitForElementPresent(findTestObject("HomePage_Commission/Commission_Security/Icon_security"), 8): Object 'Object Repository/HomePage_Commission/Commission_Security/Icon_security' is present

2019-03-11 17:33:12 - [MESSAGE][PASSED] - Object 'Object Repository/HomePage_Commission/Commission_Security/Icon_security' is present

2019-03-11 17:33:12 - [TEST_STEP][PASSED] - click(findTestObject("HomePage_Commission/Commission_Security/Icon_security")): Object: 'Object Repository/HomePage_Commission/Commission_Security/Icon_security' is clicked on

2019-03-11 17:33:14 - [MESSAGE][PASSED] - Object: 'Object Repository/HomePage_Commission/Commission_Security/Icon_security' is clicked on

2019-03-11 17:33:14 - [TEST_STEP][PASSED] - Assert.assertEquals(getText(findTestObject("Assertion_objects/Security")), Sec_txt): Text of object 'Object Repository/Assertion_objects/Security' is: 'Security'

2019-03-11 17:33:17 - [MESSAGE][PASSED] - Text of object 'Object Repository/Assertion_objects/Security' is: 'Security'

2019-03-11 17:33:17 - [TEST_STEP][PASSED] - println("User is able to navigate to Administration tab"): null

2019-03-11 17:33:17 - [TEST_STEP][PASSED] - waitForElementVisible(findTestObject("HomePage_Commission/Commission_Security/Link_Users"), 3): Object 'Object Repository/HomePage_Commission/Commission_Security/Link_Users' is visible

2019-03-11 17:33:19 - [MESSAGE][PASSED] - Object 'Object Repository/HomePage_Commission/Commission_Security/Link_Users' is visible

2019-03-11 17:33:19 - [TEST_STEP][PASSED] - mouseOver(findTestObject("HomePage_Commission/Commission_Security/Link_Users"), STOP_ON_FAILURE): Object: 'Object Repository/HomePage_Commission/Commission_Security/Link_Users' is hovered

2019-03-11 17:33:22 - [MESSAGE][PASSED] - Object: 'Object Repository/HomePage_Commission/Commission_Security/Link_Users' is hovered

2019-03-11 17:33:22 - [TEST_STEP][PASSED] - click(findTestObject("HomePage_Commission/Commission_Security/Link_Users")): Object: 'Object Repository/HomePage_Commission/Commission_Security/Link_Users' is clicked on

2019-03-11 17:33:38 - [MESSAGE][PASSED] - Object: 'Object Repository/HomePage_Commission/Commission_Security/Link_Users' is clicked on

2019-03-11 17:33:38 - [TEST_STEP][PASSED] - Assert.assertEquals(getText(findTestObject("Assertion_objects/Users")), User_txt): Text of object 'Object Repository/Assertion_objects/Users' is: 'Users'

2019-03-11 17:33:41 - [MESSAGE][PASSED] - Text of object 'Object Repository/Assertion_objects/Users' is: 'Users'

2019-03-11 17:33:41 - [TEST_STEP][PASSED] - println("User navigated to Users screen"): null

2019-03-11 17:33:41 - [TEST_STEP][PASSED] - scrollToPosition(0, 0): Browser is scrolled to position x = 0, y = 0

2019-03-11 17:33:42 - [MESSAGE][PASSED] - Browser is scrolled to position x = 0, y = 0

2019-03-11 17:33:42 - [TEST_STEP][PASSED] - if (verifyElementClickable(findTestObject("AdvanceSearch_Page/Advanced_searchtext"))): null

2019-03-11 17:33:44 - [MESSAGE][PASSED] - Object 'Object Repository/AdvanceSearch_Page/Advanced_searchtext' is clickable

2019-03-11 17:33:44 - [TEST_STEP][PASSED] - click(findTestObject("AdvanceSearch_Page/Icon_Advanced Search")): Object: 'Object Repository/AdvanceSearch_Page/Icon_Advanced Search' is clicked on

2019-03-11 17:33:46 - [MESSAGE][PASSED] - Object: 'Object Repository/AdvanceSearch_Page/Icon_Advanced Search' is clicked on

2019-03-11 17:33:46 - [TEST_STEP][PASSED] - println("Performing advance search"): null

2019-03-11 17:33:46 - [TEST_STEP][PASSED] - click(findTestObject("AdvanceSearch_Page/FieldName_DropDown")): Object: 'Object Repository/AdvanceSearch_Page/FieldName_DropDown' is clicked on

2019-03-11 17:33:48 - [MESSAGE][PASSED] - Object: 'Object Repository/AdvanceSearch_Page/FieldName_DropDown' is clicked on

2019-03-11 17:33:48 - [TEST_STEP][PASSED] - scrollToElement(findTestObject("AdvanceSearch_Page/option_UserName"), 7): Scroll to object 'Object Repository/AdvanceSearch_Page/option_UserName' successfully

2019-03-11 17:33:50 - [MESSAGE][PASSED] - Scroll to object 'Object Repository/AdvanceSearch_Page/option_UserName' successfully

2019-03-11 17:33:50 - [TEST_STEP][PASSED] - click(findTestObject("AdvanceSearch_Page/option_UserName")): Object: 'Object Repository/AdvanceSearch_Page/option_UserName' is clicked on

2019-03-11 17:33:53 - [MESSAGE][PASSED] - Object: 'Object Repository/AdvanceSearch_Page/option_UserName' is clicked on

2019-03-11 17:33:53 - [TEST_STEP][PASSED] - click(findTestObject("AdvanceSearch_Page/td_Comparision")): Object: 'Object Repository/AdvanceSearch_Page/td_Comparision' is clicked on

2019-03-11 17:33:55 - [MESSAGE][PASSED] - Object: 'Object Repository/AdvanceSearch_Page/td_Comparision' is clicked on

2019-03-11 17:33:55 - [TEST_STEP][PASSED] - scrollToElement(findTestObject("AdvanceSearch_Page/option_Equals"), 2): Scroll to object 'Object Repository/AdvanceSearch_Page/option_Equals' successfully

2019-03-11 17:33:57 - [MESSAGE][PASSED] - Scroll to object 'Object Repository/AdvanceSearch_Page/option_Equals' successfully

2019-03-11 17:33:57 - [TEST_STEP][PASSED] - click(findTestObject("AdvanceSearch_Page/option_Equals")): Object: 'Object Repository/AdvanceSearch_Page/option_Equals' is clicked on

2019-03-11 17:33:59 - [MESSAGE][PASSED] - Object: 'Object Repository/AdvanceSearch_Page/option_Equals' is clicked on

2019-03-11 17:33:59 - [TEST_STEP][PASSED] - setText(findTestObject("AdvanceSearch_Page/td_Value"), UserName): Text 'skadhulu@calliduscloud.com' is set on object 'Object Repository/AdvanceSearch_Page/td_Value'

2019-03-11 17:34:04 - [MESSAGE][PASSED] - Text 'skadhulu@calliduscloud.com' is set on object 'Object Repository/AdvanceSearch_Page/td_Value'

2019-03-11 17:34:04 - [TEST_STEP][PASSED] - click(findTestObject("AdvanceSearch_Page/AppySearch_button")): Object: 'Object Repository/AdvanceSearch_Page/AppySearch_button' is clicked on

2019-03-11 17:34:06 - [MESSAGE][PASSED] - Object: 'Object Repository/AdvanceSearch_Page/AppySearch_button' is clicked on

2019-03-11 17:34:06 - [TEST_STEP][PASSED] - globalkeywords.record.RecordNotFound(): globalkeywords.record.RecordNotFound is PASSED

2019-03-11 17:34:17 - [MESSAGE][INFO] - Unable to find the element located by 'By.xpath: //td[@class='dataTables_empty']'. Please recheck the objects properties to make sure the desired element is located. 

2019-03-11 17:34:17 - [MESSAGE][WARNING] - Object 'Object Repository/Page_Callidus Cloud Commissions Man/NoRecordsFound' is not present after 10 second(s)

2019-03-11 17:34:17 - [MESSAGE][PASSED] - globalkeywords.record.RecordNotFound is PASSED]]></system-out>
         <system-err><![CDATA[]]></system-err>
      </testcase>
      <system-out><![CDATA[2019-03-11 16:15:51 - [TEST_SUITE][PASSED] - Report testing: Test Cases/Security_workspace/Users exists in the system]]></system-out>
      <system-err><![CDATA[]]></system-err>
   </testsuite>
</testsuites>
