<?xml version="1.0" encoding="UTF-8"?>
<testsuites name="Report testing" time="3965" tests="30" failures="0" errors="0">
   <testsuite name="Report testing" tests="30" failures="0" errors="0" time="3965" timestamp="2019-02-27 17:08:09" hostname="rkulkarn - 41XHMV1-E6330.callidussoftware.com" id="Test Suites/Report testing">
      <properties>
         <property name="deviceName" value=""/>
         <property name="devicePlatform" value=""/>
         <property name="logFolder" value="C:\\Users\\rkulkarn\\git\\commissionUAT_Jan28\\Reports\\Report testing\\20190227_170800"/>
         <property name="logFiles" value="C:\\Users\\rkulkarn\\git\\commissionUAT_Jan28\\Reports\\Report testing\\20190227_170800\\execution0.log"/>
         <property name="attachments" value=""/>
         <property name="hostName" value="rkulkarn - 41XHMV1-E6330.callidussoftware.com"/>
         <property name="os" value="Windows 10 64bit"/>
         <property name="katalonVersion" value="5.10.1.1"/>
         <property name="browser" value="Chrome 72.0.3626.119"/>
         <property name="hostAddress" value="192.168.241.8"/>
         <property name="sessionId" value="ef22c449b1fd425750a7466fbff4de7a"/>
         <property name="seleniumVersion" value="3.7.1"/>
         <property name="proxyInformation" value="ProxyInformation{proxyOption=NO_PROXY, proxyServerType=HTTP, password=, proxyServerAddress=, proxyServerPort=0}"/>
         <property name="platform" value="Windows 10"/>
      </properties>
      <testcase name="Test Cases/Compensation_Elements_Workspace/Fixed_Value_exist in the  system" classname="Test Cases/Compensation_Elements_Workspace/Fixed_Value_exist in the  system" status="PASSED">
         <system-out><![CDATA[2019-02-27 17:08:10 - [TEST_CASE][PASSED] - Test Cases/Compensation_Elements_Workspace/Fixed_Value_exist in the  system: Test Cases/Compensation_Elements_Workspace/Fixed_Value_exist in the  system

2019-02-27 17:08:10 - [TEST_STEP][PASSED] - Start listener action : sampleBeforeTestCase: null

2019-02-27 17:08:10 - [TEST_STEP][PASSED] - println(testCaseContext.getTestCaseId()): null

2019-02-27 17:08:10 - [TEST_STEP][PASSED] - println(testCaseContext.getTestCaseVariables()): null

2019-02-27 17:08:11 - [TEST_STEP][PASSED] - callTestCase(findTestCase("Commission Login_Logout/Commission Login"), [:], STOP_ON_FAILURE): Call Test Case 'Test Cases/Commission Login_Logout/Commission Login' successfully

2019-02-27 17:08:11 - [TEST_CASE][PASSED] - Test Cases/Commission Login_Logout/Commission Login: Test Cases/Commission Login_Logout/Commission Login

2019-02-27 17:08:12 - [TEST_STEP][PASSED] - openBrowser(""): Browser is opened with url: ''

2019-02-27 17:08:12 - [MESSAGE][INFO] - Starting 'Chrome' driver

2019-02-27 17:08:12 - [MESSAGE][INFO] - Action delay is set to 1 seconds

2019-02-27 17:08:19 - [MESSAGE][PASSED] - Browser is opened with url: ''

2019-02-27 17:08:19 - [TEST_STEP][PASSED] - navigateToUrl(BecURL): Navigate to 'https://biz3-tst.callidusondemand.com/SalesPortal/#!/' successfully

2019-02-27 17:08:39 - [MESSAGE][PASSED] - Navigate to 'https://biz3-tst.callidusondemand.com/SalesPortal/#!/' successfully

2019-02-27 17:08:39 - [TEST_STEP][PASSED] - maximizeWindow(): Current window maximized

2019-02-27 17:08:42 - [MESSAGE][PASSED] - Current window maximized

2019-02-27 17:08:42 - [TEST_STEP][PASSED] - setText(findTestObject("LoginPage/input_Username_username"), Bec_UserName): Text 'rkulkarn@calliduscloud.com' is set on object 'Object Repository/LoginPage/input_Username_username'

2019-02-27 17:08:46 - [MESSAGE][PASSED] - Text 'rkulkarn@calliduscloud.com' is set on object 'Object Repository/LoginPage/input_Username_username'

2019-02-27 17:08:46 - [TEST_STEP][PASSED] - setText(findTestObject("LoginPage/input_Password_password"), Bec_Password): Text 'Augg@1234' is set on object 'Object Repository/LoginPage/input_Password_password'

2019-02-27 17:08:50 - [MESSAGE][PASSED] - Text 'Augg@1234' is set on object 'Object Repository/LoginPage/input_Password_password'

2019-02-27 17:08:50 - [TEST_STEP][PASSED] - waitForElementClickable(findTestObject("LoginPage/Login_Button"), 2): Object 'Object Repository/LoginPage/Login_Button' is clickable

2019-02-27 17:08:53 - [MESSAGE][PASSED] - Object 'Object Repository/LoginPage/Login_Button' is clickable

2019-02-27 17:08:53 - [TEST_STEP][PASSED] - click(findTestObject("LoginPage/Login_Button")): Object: 'Object Repository/LoginPage/Login_Button' is clicked on

2019-02-27 17:08:55 - [MESSAGE][PASSED] - Object: 'Object Repository/LoginPage/Login_Button' is clicked on

2019-02-27 17:08:55 - [TEST_STEP][PASSED] - waitForPageLoad(2): Wait for page load successfully

2019-02-27 17:08:56 - [MESSAGE][PASSED] - Wait for page load successfully

2019-02-27 17:08:56 - [TEST_STEP][PASSED] - click(findTestObject("MessagesPage/Icon_Apps")): Object: 'Object Repository/MessagesPage/Icon_Apps' is clicked on

2019-02-27 17:09:00 - [MESSAGE][PASSED] - Object: 'Object Repository/MessagesPage/Icon_Apps' is clicked on

2019-02-27 17:09:00 - [TEST_STEP][PASSED] - mouseOver(findTestObject("MessagesPage/Link_Commissions")): Object: 'Object Repository/MessagesPage/Link_Commissions' is hovered

2019-02-27 17:09:03 - [MESSAGE][PASSED] - Object: 'Object Repository/MessagesPage/Link_Commissions' is hovered

2019-02-27 17:09:03 - [TEST_STEP][PASSED] - scrollToElement(findTestObject("MessagesPage/Link_Commissions"), 1): Scroll to object 'Object Repository/MessagesPage/Link_Commissions' successfully

2019-02-27 17:09:05 - [MESSAGE][PASSED] - Scroll to object 'Object Repository/MessagesPage/Link_Commissions' successfully

2019-02-27 17:09:05 - [TEST_STEP][PASSED] - click(findTestObject("MessagesPage/Link_Commissions")): Object: 'Object Repository/MessagesPage/Link_Commissions' is clicked on

2019-02-27 17:09:27 - [MESSAGE][PASSED] - Object: 'Object Repository/MessagesPage/Link_Commissions' is clicked on

2019-02-27 17:09:27 - [TEST_STEP][PASSED] - waitForPageLoad(3): Wait for page load successfully

2019-02-27 17:09:28 - [MESSAGE][PASSED] - Wait for page load successfully

2019-02-27 17:09:28 - [MESSAGE][PASSED] - Call Test Case 'Test Cases/Commission Login_Logout/Commission Login' successfully

2019-02-27 17:09:28 - [TEST_STEP][PASSED] - mouseOver(findTestObject("HomePage_Commission/Commission_CompensationElements/Icon_Compensationelement")): Object: 'Object Repository/HomePage_Commission/Commission_CompensationElements/Icon_Compensationelement' is hovered

2019-02-27 17:09:31 - [MESSAGE][PASSED] - Object: 'Object Repository/HomePage_Commission/Commission_CompensationElements/Icon_Compensationelement' is hovered

2019-02-27 17:09:31 - [TEST_STEP][PASSED] - waitForElementPresent(findTestObject("HomePage_Commission/Commission_CompensationElements/Icon_Compensationelement"), 3): Object 'Object Repository/HomePage_Commission/Commission_CompensationElements/Icon_Compensationelement' is present

2019-02-27 17:09:32 - [MESSAGE][PASSED] - Object 'Object Repository/HomePage_Commission/Commission_CompensationElements/Icon_Compensationelement' is present

2019-02-27 17:09:32 - [TEST_STEP][PASSED] - click(findTestObject("HomePage_Commission/Commission_CompensationElements/Icon_Compensationelement")): Object: 'Object Repository/HomePage_Commission/Commission_CompensationElements/Icon_Compensationelement' is clicked on

2019-02-27 17:09:34 - [MESSAGE][PASSED] - Object: 'Object Repository/HomePage_Commission/Commission_CompensationElements/Icon_Compensationelement' is clicked on

2019-02-27 17:09:34 - [TEST_STEP][PASSED] - println("User is able to naviagte to Plan tab"): null

2019-02-27 17:09:34 - [TEST_STEP][PASSED] - waitForElementVisible(findTestObject("HomePage_Commission/Commission_CompensationElements/Link_Fixed Value"), 1): Object 'Object Repository/HomePage_Commission/Commission_CompensationElements/Link_Fixed Value' is visible

2019-02-27 17:09:36 - [MESSAGE][PASSED] - Object 'Object Repository/HomePage_Commission/Commission_CompensationElements/Link_Fixed Value' is visible

2019-02-27 17:09:36 - [TEST_STEP][PASSED] - mouseOver(findTestObject("HomePage_Commission/Commission_CompensationElements/Link_Fixed Value"), STOP_ON_FAILURE): Object: 'Object Repository/HomePage_Commission/Commission_CompensationElements/Link_Fixed Value' is hovered

2019-02-27 17:09:39 - [MESSAGE][PASSED] - Object: 'Object Repository/HomePage_Commission/Commission_CompensationElements/Link_Fixed Value' is hovered

2019-02-27 17:09:39 - [TEST_STEP][PASSED] - click(findTestObject("HomePage_Commission/Commission_CompensationElements/Link_Fixed Value")): Object: 'Object Repository/HomePage_Commission/Commission_CompensationElements/Link_Fixed Value' is clicked on

2019-02-27 17:09:50 - [MESSAGE][PASSED] - Object: 'Object Repository/HomePage_Commission/Commission_CompensationElements/Link_Fixed Value' is clicked on

2019-02-27 17:09:50 - [TEST_STEP][PASSED] - println("User Naviagted to Fixed Values screen"): null

2019-02-27 17:09:50 - [TEST_STEP][PASSED] - click(findTestObject("AdvanceSearch_Page/Icon_Advanced Search")): Object: 'Object Repository/AdvanceSearch_Page/Icon_Advanced Search' is clicked on

2019-02-27 17:09:53 - [MESSAGE][PASSED] - Object: 'Object Repository/AdvanceSearch_Page/Icon_Advanced Search' is clicked on

2019-02-27 17:09:53 - [TEST_STEP][PASSED] - click(findTestObject("AdvanceSearch_Page/FieldName_DropDown")): Object: 'Object Repository/AdvanceSearch_Page/FieldName_DropDown' is clicked on

2019-02-27 17:09:55 - [MESSAGE][PASSED] - Object: 'Object Repository/AdvanceSearch_Page/FieldName_DropDown' is clicked on

2019-02-27 17:09:55 - [TEST_STEP][PASSED] - scrollToElement(findTestObject("AdvanceSearch_Page/option_Compensations Elements"), 4): Scroll to object 'Object Repository/AdvanceSearch_Page/option_Compensations Elements' successfully

2019-02-27 17:09:57 - [MESSAGE][PASSED] - Scroll to object 'Object Repository/AdvanceSearch_Page/option_Compensations Elements' successfully

2019-02-27 17:09:57 - [TEST_STEP][PASSED] - click(findTestObject("AdvanceSearch_Page/option_Compensations Elements")): Object: 'Object Repository/AdvanceSearch_Page/option_Compensations Elements' is clicked on

2019-02-27 17:10:00 - [MESSAGE][PASSED] - Object: 'Object Repository/AdvanceSearch_Page/option_Compensations Elements' is clicked on

2019-02-27 17:10:00 - [TEST_STEP][PASSED] - click(findTestObject("AdvanceSearch_Page/td_Comparision")): Object: 'Object Repository/AdvanceSearch_Page/td_Comparision' is clicked on

2019-02-27 17:10:02 - [MESSAGE][PASSED] - Object: 'Object Repository/AdvanceSearch_Page/td_Comparision' is clicked on

2019-02-27 17:10:02 - [TEST_STEP][PASSED] - scrollToElement(findTestObject("AdvanceSearch_Page/option_Equals"), 2): Scroll to object 'Object Repository/AdvanceSearch_Page/option_Equals' successfully

2019-02-27 17:10:04 - [MESSAGE][PASSED] - Scroll to object 'Object Repository/AdvanceSearch_Page/option_Equals' successfully

2019-02-27 17:10:04 - [TEST_STEP][PASSED] - click(findTestObject("AdvanceSearch_Page/option_Equals")): Object: 'Object Repository/AdvanceSearch_Page/option_Equals' is clicked on

2019-02-27 17:10:06 - [MESSAGE][PASSED] - Object: 'Object Repository/AdvanceSearch_Page/option_Equals' is clicked on

2019-02-27 17:10:06 - [TEST_STEP][PASSED] - setText(findTestObject("AdvanceSearch_Page/td_Value"), FIX_VAL): Text 'HC Target Value_G' is set on object 'Object Repository/AdvanceSearch_Page/td_Value'

2019-02-27 17:10:11 - [MESSAGE][PASSED] - Text 'HC Target Value_G' is set on object 'Object Repository/AdvanceSearch_Page/td_Value'

2019-02-27 17:10:11 - [TEST_STEP][PASSED] - click(findTestObject("AdvanceSearch_Page/AppySearch_button")): Object: 'Object Repository/AdvanceSearch_Page/AppySearch_button' is clicked on

2019-02-27 17:10:13 - [MESSAGE][PASSED] - Object: 'Object Repository/AdvanceSearch_Page/AppySearch_button' is clicked on

2019-02-27 17:10:13 - [TEST_STEP][PASSED] - globalkeywords.record.RecordNotFound(): globalkeywords.record.RecordNotFound is PASSED

2019-02-27 17:10:24 - [MESSAGE][INFO] - Unable to find the element located by 'By.xpath: //td[@class='dataTables_empty']'. Please recheck the objects properties to make sure the desired element is located. 

2019-02-27 17:10:24 - [MESSAGE][WARNING] - Object 'Object Repository/Page_Callidus Cloud Commissions Man/NoRecordsFound' is not present after 10 second(s)

2019-02-27 17:10:24 - [MESSAGE][PASSED] - globalkeywords.record.RecordNotFound is PASSED]]></system-out>
         <system-err><![CDATA[]]></system-err>
      </testcase>
      <testcase name="Test Cases/Compensation_Elements_Workspace/Fixed_Value_Variables_exist_in_the_System" classname="Test Cases/Compensation_Elements_Workspace/Fixed_Value_Variables_exist_in_the_System" status="PASSED">
         <system-out><![CDATA[2019-02-27 17:10:24 - [TEST_CASE][PASSED] - Test Cases/Compensation_Elements_Workspace/Fixed_Value_Variables_exist_in_the_System: Test Cases/Compensation_Elements_Workspace/Fixed_Value_Variables_exist_in_the_System

2019-02-27 17:10:24 - [TEST_STEP][PASSED] - Start listener action : sampleBeforeTestCase: null

2019-02-27 17:10:24 - [TEST_STEP][PASSED] - println(testCaseContext.getTestCaseId()): null

2019-02-27 17:10:24 - [TEST_STEP][PASSED] - println(testCaseContext.getTestCaseVariables()): null

2019-02-27 17:10:25 - [TEST_STEP][PASSED] - callTestCase(findTestCase("Commission Login_Logout/Commission Login"), [:], STOP_ON_FAILURE): Call Test Case 'Test Cases/Commission Login_Logout/Commission Login' successfully

2019-02-27 17:10:25 - [TEST_CASE][PASSED] - Test Cases/Commission Login_Logout/Commission Login: Test Cases/Commission Login_Logout/Commission Login

2019-02-27 17:10:25 - [TEST_STEP][PASSED] - openBrowser(""): Browser is opened with url: ''

2019-02-27 17:10:25 - [MESSAGE][WARNING] - A browser is already opened. Closing browser and opening a new one

2019-02-27 17:10:27 - [MESSAGE][INFO] - Starting 'Chrome' driver

2019-02-27 17:10:32 - [MESSAGE][PASSED] - Browser is opened with url: ''

2019-02-27 17:10:32 - [TEST_STEP][PASSED] - navigateToUrl(BecURL): Navigate to 'https://biz3-tst.callidusondemand.com/SalesPortal/#!/' successfully

2019-02-27 17:10:44 - [MESSAGE][PASSED] - Navigate to 'https://biz3-tst.callidusondemand.com/SalesPortal/#!/' successfully

2019-02-27 17:10:44 - [TEST_STEP][PASSED] - maximizeWindow(): Current window maximized

2019-02-27 17:10:46 - [MESSAGE][PASSED] - Current window maximized

2019-02-27 17:10:46 - [TEST_STEP][PASSED] - setText(findTestObject("LoginPage/input_Username_username"), Bec_UserName): Text 'rkulkarn@calliduscloud.com' is set on object 'Object Repository/LoginPage/input_Username_username'

2019-02-27 17:10:50 - [MESSAGE][PASSED] - Text 'rkulkarn@calliduscloud.com' is set on object 'Object Repository/LoginPage/input_Username_username'

2019-02-27 17:10:50 - [TEST_STEP][PASSED] - setText(findTestObject("LoginPage/input_Password_password"), Bec_Password): Text 'Augg@1234' is set on object 'Object Repository/LoginPage/input_Password_password'

2019-02-27 17:10:54 - [MESSAGE][PASSED] - Text 'Augg@1234' is set on object 'Object Repository/LoginPage/input_Password_password'

2019-02-27 17:10:54 - [TEST_STEP][PASSED] - waitForElementClickable(findTestObject("LoginPage/Login_Button"), 2): Object 'Object Repository/LoginPage/Login_Button' is clickable

2019-02-27 17:10:56 - [MESSAGE][PASSED] - Object 'Object Repository/LoginPage/Login_Button' is clickable

2019-02-27 17:10:56 - [TEST_STEP][PASSED] - click(findTestObject("LoginPage/Login_Button")): Object: 'Object Repository/LoginPage/Login_Button' is clicked on

2019-02-27 17:10:59 - [MESSAGE][PASSED] - Object: 'Object Repository/LoginPage/Login_Button' is clicked on

2019-02-27 17:10:59 - [TEST_STEP][PASSED] - waitForPageLoad(2): Wait for page load successfully

2019-02-27 17:11:00 - [MESSAGE][PASSED] - Wait for page load successfully

2019-02-27 17:11:00 - [TEST_STEP][PASSED] - click(findTestObject("MessagesPage/Icon_Apps")): Object: 'Object Repository/MessagesPage/Icon_Apps' is clicked on

2019-02-27 17:11:05 - [MESSAGE][PASSED] - Object: 'Object Repository/MessagesPage/Icon_Apps' is clicked on

2019-02-27 17:11:05 - [TEST_STEP][PASSED] - mouseOver(findTestObject("MessagesPage/Link_Commissions")): Object: 'Object Repository/MessagesPage/Link_Commissions' is hovered

2019-02-27 17:11:08 - [MESSAGE][PASSED] - Object: 'Object Repository/MessagesPage/Link_Commissions' is hovered

2019-02-27 17:11:08 - [TEST_STEP][PASSED] - scrollToElement(findTestObject("MessagesPage/Link_Commissions"), 1): Scroll to object 'Object Repository/MessagesPage/Link_Commissions' successfully

2019-02-27 17:11:10 - [MESSAGE][PASSED] - Scroll to object 'Object Repository/MessagesPage/Link_Commissions' successfully

2019-02-27 17:11:10 - [TEST_STEP][PASSED] - click(findTestObject("MessagesPage/Link_Commissions")): Object: 'Object Repository/MessagesPage/Link_Commissions' is clicked on

2019-02-27 17:11:30 - [MESSAGE][PASSED] - Object: 'Object Repository/MessagesPage/Link_Commissions' is clicked on

2019-02-27 17:11:30 - [TEST_STEP][PASSED] - waitForPageLoad(3): Wait for page load successfully

2019-02-27 17:11:31 - [MESSAGE][PASSED] - Wait for page load successfully

2019-02-27 17:11:31 - [MESSAGE][PASSED] - Call Test Case 'Test Cases/Commission Login_Logout/Commission Login' successfully

2019-02-27 17:11:31 - [TEST_STEP][PASSED] - mouseOver(findTestObject("HomePage_Commission/Commission_CompensationElements/Icon_Compensationelement")): Object: 'Object Repository/HomePage_Commission/Commission_CompensationElements/Icon_Compensationelement' is hovered

2019-02-27 17:11:34 - [MESSAGE][PASSED] - Object: 'Object Repository/HomePage_Commission/Commission_CompensationElements/Icon_Compensationelement' is hovered

2019-02-27 17:11:34 - [TEST_STEP][PASSED] - waitForElementPresent(findTestObject("HomePage_Commission/Commission_CompensationElements/Icon_Compensationelement"), 3): Object 'Object Repository/HomePage_Commission/Commission_CompensationElements/Icon_Compensationelement' is present

2019-02-27 17:11:35 - [MESSAGE][PASSED] - Object 'Object Repository/HomePage_Commission/Commission_CompensationElements/Icon_Compensationelement' is present

2019-02-27 17:11:35 - [TEST_STEP][PASSED] - click(findTestObject("HomePage_Commission/Commission_CompensationElements/Icon_Compensationelement")): Object: 'Object Repository/HomePage_Commission/Commission_CompensationElements/Icon_Compensationelement' is clicked on

2019-02-27 17:11:38 - [MESSAGE][PASSED] - Object: 'Object Repository/HomePage_Commission/Commission_CompensationElements/Icon_Compensationelement' is clicked on

2019-02-27 17:11:38 - [TEST_STEP][PASSED] - println("User is able to naviagte to Plan tab"): null

2019-02-27 17:11:38 - [TEST_STEP][PASSED] - waitForElementVisible(findTestObject("HomePage_Commission/Commission_CompensationElements/Link_Variables"), 7): Object 'Object Repository/HomePage_Commission/Commission_CompensationElements/Link_Variables' is visible

2019-02-27 17:11:40 - [MESSAGE][PASSED] - Object 'Object Repository/HomePage_Commission/Commission_CompensationElements/Link_Variables' is visible

2019-02-27 17:11:40 - [TEST_STEP][PASSED] - mouseOver(findTestObject("HomePage_Commission/Commission_CompensationElements/Link_Variables"), STOP_ON_FAILURE): Object: 'Object Repository/HomePage_Commission/Commission_CompensationElements/Link_Variables' is hovered

2019-02-27 17:11:43 - [MESSAGE][PASSED] - Object: 'Object Repository/HomePage_Commission/Commission_CompensationElements/Link_Variables' is hovered

2019-02-27 17:11:43 - [TEST_STEP][PASSED] - click(findTestObject("HomePage_Commission/Commission_CompensationElements/Link_Variables")): Object: 'Object Repository/HomePage_Commission/Commission_CompensationElements/Link_Variables' is clicked on

2019-02-27 17:11:54 - [MESSAGE][PASSED] - Object: 'Object Repository/HomePage_Commission/Commission_CompensationElements/Link_Variables' is clicked on

2019-02-27 17:11:54 - [TEST_STEP][PASSED] - println("User Naviagted to Varaible screen"): null

2019-02-27 17:11:54 - [TEST_STEP][PASSED] - click(findTestObject("AdvanceSearch_Page/Icon_Advanced Search")): Object: 'Object Repository/AdvanceSearch_Page/Icon_Advanced Search' is clicked on

2019-02-27 17:11:57 - [MESSAGE][PASSED] - Object: 'Object Repository/AdvanceSearch_Page/Icon_Advanced Search' is clicked on

2019-02-27 17:11:57 - [TEST_STEP][PASSED] - click(findTestObject("AdvanceSearch_Page/FieldName_DropDown")): Object: 'Object Repository/AdvanceSearch_Page/FieldName_DropDown' is clicked on

2019-02-27 17:11:59 - [MESSAGE][PASSED] - Object: 'Object Repository/AdvanceSearch_Page/FieldName_DropDown' is clicked on

2019-02-27 17:11:59 - [TEST_STEP][PASSED] - scrollToElement(findTestObject("AdvanceSearch_Page/option_Value"), 4): Scroll to object 'Object Repository/AdvanceSearch_Page/option_Value' successfully

2019-02-27 17:12:01 - [MESSAGE][PASSED] - Scroll to object 'Object Repository/AdvanceSearch_Page/option_Value' successfully

2019-02-27 17:12:01 - [TEST_STEP][PASSED] - click(findTestObject("AdvanceSearch_Page/option_Value")): Object: 'Object Repository/AdvanceSearch_Page/option_Value' is clicked on

2019-02-27 17:12:03 - [MESSAGE][PASSED] - Object: 'Object Repository/AdvanceSearch_Page/option_Value' is clicked on

2019-02-27 17:12:03 - [TEST_STEP][PASSED] - click(findTestObject("AdvanceSearch_Page/td_Comparision")): Object: 'Object Repository/AdvanceSearch_Page/td_Comparision' is clicked on

2019-02-27 17:12:05 - [MESSAGE][PASSED] - Object: 'Object Repository/AdvanceSearch_Page/td_Comparision' is clicked on

2019-02-27 17:12:05 - [TEST_STEP][PASSED] - scrollToElement(findTestObject("AdvanceSearch_Page/option_Equals"), 2): Scroll to object 'Object Repository/AdvanceSearch_Page/option_Equals' successfully

2019-02-27 17:12:07 - [MESSAGE][PASSED] - Scroll to object 'Object Repository/AdvanceSearch_Page/option_Equals' successfully

2019-02-27 17:12:07 - [TEST_STEP][PASSED] - click(findTestObject("AdvanceSearch_Page/option_Equals")): Object: 'Object Repository/AdvanceSearch_Page/option_Equals' is clicked on

2019-02-27 17:12:10 - [MESSAGE][PASSED] - Object: 'Object Repository/AdvanceSearch_Page/option_Equals' is clicked on

2019-02-27 17:12:10 - [TEST_STEP][PASSED] - setText(findTestObject("AdvanceSearch_Page/td_Value"), FV_Var): Text 'HC Flat Rate Multiplier Variable_G' is set on object 'Object Repository/AdvanceSearch_Page/td_Value'

2019-02-27 17:12:15 - [MESSAGE][PASSED] - Text 'HC Flat Rate Multiplier Variable_G' is set on object 'Object Repository/AdvanceSearch_Page/td_Value'

2019-02-27 17:12:15 - [TEST_STEP][PASSED] - click(findTestObject("AdvanceSearch_Page/AppySearch_button")): Object: 'Object Repository/AdvanceSearch_Page/AppySearch_button' is clicked on

2019-02-27 17:12:17 - [MESSAGE][PASSED] - Object: 'Object Repository/AdvanceSearch_Page/AppySearch_button' is clicked on

2019-02-27 17:12:17 - [TEST_STEP][PASSED] - globalkeywords.record.RecordNotFound(): globalkeywords.record.RecordNotFound is PASSED

2019-02-27 17:12:28 - [MESSAGE][INFO] - Unable to find the element located by 'By.xpath: //td[@class='dataTables_empty']'. Please recheck the objects properties to make sure the desired element is located. 

2019-02-27 17:12:28 - [MESSAGE][WARNING] - Object 'Object Repository/Page_Callidus Cloud Commissions Man/NoRecordsFound' is not present after 10 second(s)

2019-02-27 17:12:28 - [MESSAGE][PASSED] - globalkeywords.record.RecordNotFound is PASSED]]></system-out>
         <system-err><![CDATA[]]></system-err>
      </testcase>
      <testcase name="Test Cases/Compensation_Elements_Workspace/Formulas exits in the system" classname="Test Cases/Compensation_Elements_Workspace/Formulas exits in the system" status="PASSED">
         <system-out><![CDATA[2019-02-27 17:12:28 - [TEST_CASE][PASSED] - Test Cases/Compensation_Elements_Workspace/Formulas exits in the system: Test Cases/Compensation_Elements_Workspace/Formulas exits in the system

2019-02-27 17:12:28 - [TEST_STEP][PASSED] - Start listener action : sampleBeforeTestCase: null

2019-02-27 17:12:28 - [TEST_STEP][PASSED] - println(testCaseContext.getTestCaseId()): null

2019-02-27 17:12:28 - [TEST_STEP][PASSED] - println(testCaseContext.getTestCaseVariables()): null

2019-02-27 17:12:29 - [TEST_STEP][PASSED] - callTestCase(findTestCase("Commission Login_Logout/Commission Login"), [:], STOP_ON_FAILURE): Call Test Case 'Test Cases/Commission Login_Logout/Commission Login' successfully

2019-02-27 17:12:29 - [TEST_CASE][PASSED] - Test Cases/Commission Login_Logout/Commission Login: Test Cases/Commission Login_Logout/Commission Login

2019-02-27 17:12:29 - [TEST_STEP][PASSED] - openBrowser(""): Browser is opened with url: ''

2019-02-27 17:12:29 - [MESSAGE][WARNING] - A browser is already opened. Closing browser and opening a new one

2019-02-27 17:12:31 - [MESSAGE][INFO] - Starting 'Chrome' driver

2019-02-27 17:12:36 - [MESSAGE][PASSED] - Browser is opened with url: ''

2019-02-27 17:12:36 - [TEST_STEP][PASSED] - navigateToUrl(BecURL): Navigate to 'https://biz3-tst.callidusondemand.com/SalesPortal/#!/' successfully

2019-02-27 17:13:00 - [MESSAGE][PASSED] - Navigate to 'https://biz3-tst.callidusondemand.com/SalesPortal/#!/' successfully

2019-02-27 17:13:00 - [TEST_STEP][PASSED] - maximizeWindow(): Current window maximized

2019-02-27 17:13:02 - [MESSAGE][PASSED] - Current window maximized

2019-02-27 17:13:02 - [TEST_STEP][PASSED] - setText(findTestObject("LoginPage/input_Username_username"), Bec_UserName): Text 'rkulkarn@calliduscloud.com' is set on object 'Object Repository/LoginPage/input_Username_username'

2019-02-27 17:13:06 - [MESSAGE][PASSED] - Text 'rkulkarn@calliduscloud.com' is set on object 'Object Repository/LoginPage/input_Username_username'

2019-02-27 17:13:06 - [TEST_STEP][PASSED] - setText(findTestObject("LoginPage/input_Password_password"), Bec_Password): Text 'Augg@1234' is set on object 'Object Repository/LoginPage/input_Password_password'

2019-02-27 17:13:11 - [MESSAGE][PASSED] - Text 'Augg@1234' is set on object 'Object Repository/LoginPage/input_Password_password'

2019-02-27 17:13:11 - [TEST_STEP][PASSED] - waitForElementClickable(findTestObject("LoginPage/Login_Button"), 2): Object 'Object Repository/LoginPage/Login_Button' is clickable

2019-02-27 17:13:13 - [MESSAGE][PASSED] - Object 'Object Repository/LoginPage/Login_Button' is clickable

2019-02-27 17:13:13 - [TEST_STEP][PASSED] - click(findTestObject("LoginPage/Login_Button")): Object: 'Object Repository/LoginPage/Login_Button' is clicked on

2019-02-27 17:13:15 - [MESSAGE][PASSED] - Object: 'Object Repository/LoginPage/Login_Button' is clicked on

2019-02-27 17:13:15 - [TEST_STEP][PASSED] - waitForPageLoad(2): Wait for page load successfully

2019-02-27 17:13:16 - [MESSAGE][PASSED] - Wait for page load successfully

2019-02-27 17:13:16 - [TEST_STEP][PASSED] - click(findTestObject("MessagesPage/Icon_Apps")): Object: 'Object Repository/MessagesPage/Icon_Apps' is clicked on

2019-02-27 17:13:20 - [MESSAGE][PASSED] - Object: 'Object Repository/MessagesPage/Icon_Apps' is clicked on

2019-02-27 17:13:20 - [TEST_STEP][PASSED] - mouseOver(findTestObject("MessagesPage/Link_Commissions")): Object: 'Object Repository/MessagesPage/Link_Commissions' is hovered

2019-02-27 17:13:23 - [MESSAGE][PASSED] - Object: 'Object Repository/MessagesPage/Link_Commissions' is hovered

2019-02-27 17:13:23 - [TEST_STEP][PASSED] - scrollToElement(findTestObject("MessagesPage/Link_Commissions"), 1): Scroll to object 'Object Repository/MessagesPage/Link_Commissions' successfully

2019-02-27 17:13:25 - [MESSAGE][PASSED] - Scroll to object 'Object Repository/MessagesPage/Link_Commissions' successfully

2019-02-27 17:13:25 - [TEST_STEP][PASSED] - click(findTestObject("MessagesPage/Link_Commissions")): Object: 'Object Repository/MessagesPage/Link_Commissions' is clicked on

2019-02-27 17:13:50 - [MESSAGE][PASSED] - Object: 'Object Repository/MessagesPage/Link_Commissions' is clicked on

2019-02-27 17:13:50 - [TEST_STEP][PASSED] - waitForPageLoad(3): Wait for page load successfully

2019-02-27 17:13:51 - [MESSAGE][PASSED] - Wait for page load successfully

2019-02-27 17:13:51 - [MESSAGE][PASSED] - Call Test Case 'Test Cases/Commission Login_Logout/Commission Login' successfully

2019-02-27 17:13:51 - [TEST_STEP][PASSED] - mouseOver(findTestObject("HomePage_Commission/Commission_CompensationElements/Icon_Compensationelement")): Object: 'Object Repository/HomePage_Commission/Commission_CompensationElements/Icon_Compensationelement' is hovered

2019-02-27 17:13:54 - [MESSAGE][PASSED] - Object: 'Object Repository/HomePage_Commission/Commission_CompensationElements/Icon_Compensationelement' is hovered

2019-02-27 17:13:54 - [TEST_STEP][PASSED] - waitForElementPresent(findTestObject("HomePage_Commission/Commission_CompensationElements/Icon_Compensationelement"), 3): Object 'Object Repository/HomePage_Commission/Commission_CompensationElements/Icon_Compensationelement' is present

2019-02-27 17:13:55 - [MESSAGE][PASSED] - Object 'Object Repository/HomePage_Commission/Commission_CompensationElements/Icon_Compensationelement' is present

2019-02-27 17:13:55 - [TEST_STEP][PASSED] - click(findTestObject("HomePage_Commission/Commission_CompensationElements/Icon_Compensationelement")): Object: 'Object Repository/HomePage_Commission/Commission_CompensationElements/Icon_Compensationelement' is clicked on

2019-02-27 17:13:57 - [MESSAGE][PASSED] - Object: 'Object Repository/HomePage_Commission/Commission_CompensationElements/Icon_Compensationelement' is clicked on

2019-02-27 17:13:57 - [TEST_STEP][PASSED] - waitForElementVisible(findTestObject("HomePage_Commission/Commission_CompensationElements/Link_Formulas"), 2): Object 'Object Repository/HomePage_Commission/Commission_CompensationElements/Link_Formulas' is visible

2019-02-27 17:14:00 - [MESSAGE][PASSED] - Object 'Object Repository/HomePage_Commission/Commission_CompensationElements/Link_Formulas' is visible

2019-02-27 17:14:00 - [TEST_STEP][PASSED] - mouseOver(findTestObject("HomePage_Commission/Commission_CompensationElements/Link_Formulas"), STOP_ON_FAILURE): Object: 'Object Repository/HomePage_Commission/Commission_CompensationElements/Link_Formulas' is hovered

2019-02-27 17:14:03 - [MESSAGE][PASSED] - Object: 'Object Repository/HomePage_Commission/Commission_CompensationElements/Link_Formulas' is hovered

2019-02-27 17:14:03 - [TEST_STEP][PASSED] - click(findTestObject("HomePage_Commission/Commission_CompensationElements/Link_Formulas"), CONTINUE_ON_FAILURE): Object: 'Object Repository/HomePage_Commission/Commission_CompensationElements/Link_Formulas' is clicked on

2019-02-27 17:14:16 - [MESSAGE][PASSED] - Object: 'Object Repository/HomePage_Commission/Commission_CompensationElements/Link_Formulas' is clicked on

2019-02-27 17:14:16 - [TEST_STEP][PASSED] - click(findTestObject("AdvanceSearch_Page/Icon_Advanced Search")): Object: 'Object Repository/AdvanceSearch_Page/Icon_Advanced Search' is clicked on

2019-02-27 17:14:19 - [MESSAGE][PASSED] - Object: 'Object Repository/AdvanceSearch_Page/Icon_Advanced Search' is clicked on

2019-02-27 17:14:19 - [TEST_STEP][PASSED] - click(findTestObject("AdvanceSearch_Page/FieldName_DropDown")): Object: 'Object Repository/AdvanceSearch_Page/FieldName_DropDown' is clicked on

2019-02-27 17:14:21 - [MESSAGE][PASSED] - Object: 'Object Repository/AdvanceSearch_Page/FieldName_DropDown' is clicked on

2019-02-27 17:14:21 - [TEST_STEP][PASSED] - scrollToElement(findTestObject("AdvanceSearch_Page/Option_FormulaName"), 4): Scroll to object 'Object Repository/AdvanceSearch_Page/Option_FormulaName' successfully

2019-02-27 17:14:23 - [MESSAGE][PASSED] - Scroll to object 'Object Repository/AdvanceSearch_Page/Option_FormulaName' successfully

2019-02-27 17:14:23 - [TEST_STEP][PASSED] - click(findTestObject("AdvanceSearch_Page/Option_FormulaName")): Object: 'Object Repository/AdvanceSearch_Page/Option_FormulaName' is clicked on

2019-02-27 17:14:25 - [MESSAGE][PASSED] - Object: 'Object Repository/AdvanceSearch_Page/Option_FormulaName' is clicked on

2019-02-27 17:14:25 - [TEST_STEP][PASSED] - click(findTestObject("AdvanceSearch_Page/td_Comparision")): Object: 'Object Repository/AdvanceSearch_Page/td_Comparision' is clicked on

2019-02-27 17:14:27 - [MESSAGE][PASSED] - Object: 'Object Repository/AdvanceSearch_Page/td_Comparision' is clicked on

2019-02-27 17:14:27 - [TEST_STEP][PASSED] - scrollToElement(findTestObject("AdvanceSearch_Page/option_Equals"), 2): Scroll to object 'Object Repository/AdvanceSearch_Page/option_Equals' successfully

2019-02-27 17:14:29 - [MESSAGE][PASSED] - Scroll to object 'Object Repository/AdvanceSearch_Page/option_Equals' successfully

2019-02-27 17:14:29 - [TEST_STEP][PASSED] - click(findTestObject("AdvanceSearch_Page/option_Equals")): Object: 'Object Repository/AdvanceSearch_Page/option_Equals' is clicked on

2019-02-27 17:14:31 - [MESSAGE][PASSED] - Object: 'Object Repository/AdvanceSearch_Page/option_Equals' is clicked on

2019-02-27 17:14:31 - [TEST_STEP][PASSED] - setText(findTestObject("AdvanceSearch_Page/td_Value"), Formulas): Text 'Quarterly Target Incentive' is set on object 'Object Repository/AdvanceSearch_Page/td_Value'

2019-02-27 17:14:36 - [MESSAGE][PASSED] - Text 'Quarterly Target Incentive' is set on object 'Object Repository/AdvanceSearch_Page/td_Value'

2019-02-27 17:14:36 - [TEST_STEP][PASSED] - click(findTestObject("AdvanceSearch_Page/AppySearch_button")): Object: 'Object Repository/AdvanceSearch_Page/AppySearch_button' is clicked on

2019-02-27 17:14:38 - [MESSAGE][PASSED] - Object: 'Object Repository/AdvanceSearch_Page/AppySearch_button' is clicked on

2019-02-27 17:14:38 - [TEST_STEP][PASSED] - globalkeywords.record.RecordNotFound(): globalkeywords.record.RecordNotFound is PASSED

2019-02-27 17:14:49 - [MESSAGE][INFO] - Unable to find the element located by 'By.xpath: //td[@class='dataTables_empty']'. Please recheck the objects properties to make sure the desired element is located. 

2019-02-27 17:14:49 - [MESSAGE][WARNING] - Object 'Object Repository/Page_Callidus Cloud Commissions Man/NoRecordsFound' is not present after 10 second(s)

2019-02-27 17:14:49 - [MESSAGE][PASSED] - globalkeywords.record.RecordNotFound is PASSED]]></system-out>
         <system-err><![CDATA[]]></system-err>
      </testcase>
      <testcase name="Test Cases/Compensation_Elements_Workspace/Lookup_Tables_exist_in_the_system" classname="Test Cases/Compensation_Elements_Workspace/Lookup_Tables_exist_in_the_system" status="PASSED">
         <system-out><![CDATA[2019-02-27 17:14:49 - [TEST_CASE][PASSED] - Test Cases/Compensation_Elements_Workspace/Lookup_Tables_exist_in_the_system: Test Cases/Compensation_Elements_Workspace/Lookup_Tables_exist_in_the_system

2019-02-27 17:14:49 - [TEST_STEP][PASSED] - Start listener action : sampleBeforeTestCase: null

2019-02-27 17:14:49 - [TEST_STEP][PASSED] - println(testCaseContext.getTestCaseId()): null

2019-02-27 17:14:49 - [TEST_STEP][PASSED] - println(testCaseContext.getTestCaseVariables()): null

2019-02-27 17:14:50 - [TEST_STEP][PASSED] - callTestCase(findTestCase("Commission Login_Logout/Commission Login"), [:], STOP_ON_FAILURE): Call Test Case 'Test Cases/Commission Login_Logout/Commission Login' successfully

2019-02-27 17:14:50 - [TEST_CASE][PASSED] - Test Cases/Commission Login_Logout/Commission Login: Test Cases/Commission Login_Logout/Commission Login

2019-02-27 17:14:50 - [TEST_STEP][PASSED] - openBrowser(""): Browser is opened with url: ''

2019-02-27 17:14:50 - [MESSAGE][WARNING] - A browser is already opened. Closing browser and opening a new one

2019-02-27 17:14:52 - [MESSAGE][INFO] - Starting 'Chrome' driver

2019-02-27 17:14:57 - [MESSAGE][PASSED] - Browser is opened with url: ''

2019-02-27 17:14:57 - [TEST_STEP][PASSED] - navigateToUrl(BecURL): Navigate to 'https://biz3-tst.callidusondemand.com/SalesPortal/#!/' successfully

2019-02-27 17:15:13 - [MESSAGE][PASSED] - Navigate to 'https://biz3-tst.callidusondemand.com/SalesPortal/#!/' successfully

2019-02-27 17:15:13 - [TEST_STEP][PASSED] - maximizeWindow(): Current window maximized

2019-02-27 17:15:15 - [MESSAGE][PASSED] - Current window maximized

2019-02-27 17:15:15 - [TEST_STEP][PASSED] - setText(findTestObject("LoginPage/input_Username_username"), Bec_UserName): Text 'rkulkarn@calliduscloud.com' is set on object 'Object Repository/LoginPage/input_Username_username'

2019-02-27 17:15:19 - [MESSAGE][PASSED] - Text 'rkulkarn@calliduscloud.com' is set on object 'Object Repository/LoginPage/input_Username_username'

2019-02-27 17:15:19 - [TEST_STEP][PASSED] - setText(findTestObject("LoginPage/input_Password_password"), Bec_Password): Text 'Augg@1234' is set on object 'Object Repository/LoginPage/input_Password_password'

2019-02-27 17:15:24 - [MESSAGE][PASSED] - Text 'Augg@1234' is set on object 'Object Repository/LoginPage/input_Password_password'

2019-02-27 17:15:24 - [TEST_STEP][PASSED] - waitForElementClickable(findTestObject("LoginPage/Login_Button"), 2): Object 'Object Repository/LoginPage/Login_Button' is clickable

2019-02-27 17:15:26 - [MESSAGE][PASSED] - Object 'Object Repository/LoginPage/Login_Button' is clickable

2019-02-27 17:15:26 - [TEST_STEP][PASSED] - click(findTestObject("LoginPage/Login_Button")): Object: 'Object Repository/LoginPage/Login_Button' is clicked on

2019-02-27 17:15:28 - [MESSAGE][PASSED] - Object: 'Object Repository/LoginPage/Login_Button' is clicked on

2019-02-27 17:15:28 - [TEST_STEP][PASSED] - waitForPageLoad(2): Wait for page load successfully

2019-02-27 17:15:29 - [MESSAGE][PASSED] - Wait for page load successfully

2019-02-27 17:15:29 - [TEST_STEP][PASSED] - click(findTestObject("MessagesPage/Icon_Apps")): Object: 'Object Repository/MessagesPage/Icon_Apps' is clicked on

2019-02-27 17:15:33 - [MESSAGE][PASSED] - Object: 'Object Repository/MessagesPage/Icon_Apps' is clicked on

2019-02-27 17:15:33 - [TEST_STEP][PASSED] - mouseOver(findTestObject("MessagesPage/Link_Commissions")): Object: 'Object Repository/MessagesPage/Link_Commissions' is hovered

2019-02-27 17:15:36 - [MESSAGE][PASSED] - Object: 'Object Repository/MessagesPage/Link_Commissions' is hovered

2019-02-27 17:15:36 - [TEST_STEP][PASSED] - scrollToElement(findTestObject("MessagesPage/Link_Commissions"), 1): Scroll to object 'Object Repository/MessagesPage/Link_Commissions' successfully

2019-02-27 17:15:38 - [MESSAGE][PASSED] - Scroll to object 'Object Repository/MessagesPage/Link_Commissions' successfully

2019-02-27 17:15:38 - [TEST_STEP][PASSED] - click(findTestObject("MessagesPage/Link_Commissions")): Object: 'Object Repository/MessagesPage/Link_Commissions' is clicked on

2019-02-27 17:15:56 - [MESSAGE][PASSED] - Object: 'Object Repository/MessagesPage/Link_Commissions' is clicked on

2019-02-27 17:15:56 - [TEST_STEP][PASSED] - waitForPageLoad(3): Wait for page load successfully

2019-02-27 17:15:57 - [MESSAGE][PASSED] - Wait for page load successfully

2019-02-27 17:15:57 - [MESSAGE][PASSED] - Call Test Case 'Test Cases/Commission Login_Logout/Commission Login' successfully

2019-02-27 17:15:57 - [TEST_STEP][PASSED] - mouseOver(findTestObject("HomePage_Commission/Commission_CompensationElements/Icon_Compensationelement")): Object: 'Object Repository/HomePage_Commission/Commission_CompensationElements/Icon_Compensationelement' is hovered

2019-02-27 17:16:00 - [MESSAGE][PASSED] - Object: 'Object Repository/HomePage_Commission/Commission_CompensationElements/Icon_Compensationelement' is hovered

2019-02-27 17:16:00 - [TEST_STEP][PASSED] - waitForElementPresent(findTestObject("HomePage_Commission/Commission_CompensationElements/Icon_Compensationelement"), 3): Object 'Object Repository/HomePage_Commission/Commission_CompensationElements/Icon_Compensationelement' is present

2019-02-27 17:16:01 - [MESSAGE][PASSED] - Object 'Object Repository/HomePage_Commission/Commission_CompensationElements/Icon_Compensationelement' is present

2019-02-27 17:16:01 - [TEST_STEP][PASSED] - click(findTestObject("HomePage_Commission/Commission_CompensationElements/Icon_Compensationelement")): Object: 'Object Repository/HomePage_Commission/Commission_CompensationElements/Icon_Compensationelement' is clicked on

2019-02-27 17:16:03 - [MESSAGE][PASSED] - Object: 'Object Repository/HomePage_Commission/Commission_CompensationElements/Icon_Compensationelement' is clicked on

2019-02-27 17:16:03 - [TEST_STEP][PASSED] - println("User is able to naviagte to Plan tab"): null

2019-02-27 17:16:03 - [TEST_STEP][PASSED] - waitForElementVisible(findTestObject("HomePage_Commission/Commission_CompensationElements/Link_Lookup Tables"), 3): Object 'Object Repository/HomePage_Commission/Commission_CompensationElements/Link_Lookup Tables' is visible

2019-02-27 17:16:05 - [MESSAGE][PASSED] - Object 'Object Repository/HomePage_Commission/Commission_CompensationElements/Link_Lookup Tables' is visible

2019-02-27 17:16:05 - [TEST_STEP][PASSED] - mouseOver(findTestObject("HomePage_Commission/Commission_CompensationElements/Link_Lookup Tables"), STOP_ON_FAILURE): Object: 'Object Repository/HomePage_Commission/Commission_CompensationElements/Link_Lookup Tables' is hovered

2019-02-27 17:16:08 - [MESSAGE][PASSED] - Object: 'Object Repository/HomePage_Commission/Commission_CompensationElements/Link_Lookup Tables' is hovered

2019-02-27 17:16:08 - [TEST_STEP][PASSED] - click(findTestObject("HomePage_Commission/Commission_CompensationElements/Link_Lookup Tables")): Object: 'Object Repository/HomePage_Commission/Commission_CompensationElements/Link_Lookup Tables' is clicked on

2019-02-27 17:16:19 - [MESSAGE][PASSED] - Object: 'Object Repository/HomePage_Commission/Commission_CompensationElements/Link_Lookup Tables' is clicked on

2019-02-27 17:16:19 - [TEST_STEP][PASSED] - println("User Naviagted to Lookup Tables screen"): null

2019-02-27 17:16:19 - [TEST_STEP][PASSED] - click(findTestObject("AdvanceSearch_Page/Icon_Advanced Search")): Object: 'Object Repository/AdvanceSearch_Page/Icon_Advanced Search' is clicked on

2019-02-27 17:16:22 - [MESSAGE][PASSED] - Object: 'Object Repository/AdvanceSearch_Page/Icon_Advanced Search' is clicked on

2019-02-27 17:16:22 - [TEST_STEP][PASSED] - click(findTestObject("AdvanceSearch_Page/FieldName_DropDown")): Object: 'Object Repository/AdvanceSearch_Page/FieldName_DropDown' is clicked on

2019-02-27 17:16:24 - [MESSAGE][PASSED] - Object: 'Object Repository/AdvanceSearch_Page/FieldName_DropDown' is clicked on

2019-02-27 17:16:24 - [TEST_STEP][PASSED] - scrollToElement(findTestObject("AdvanceSearch_Page/option_Compensations Elements"), 4): Scroll to object 'Object Repository/AdvanceSearch_Page/option_Compensations Elements' successfully

2019-02-27 17:16:26 - [MESSAGE][PASSED] - Scroll to object 'Object Repository/AdvanceSearch_Page/option_Compensations Elements' successfully

2019-02-27 17:16:26 - [TEST_STEP][PASSED] - click(findTestObject("AdvanceSearch_Page/option_Compensations Elements")): Object: 'Object Repository/AdvanceSearch_Page/option_Compensations Elements' is clicked on

2019-02-27 17:16:28 - [MESSAGE][PASSED] - Object: 'Object Repository/AdvanceSearch_Page/option_Compensations Elements' is clicked on

2019-02-27 17:16:28 - [TEST_STEP][PASSED] - click(findTestObject("AdvanceSearch_Page/td_Comparision")): Object: 'Object Repository/AdvanceSearch_Page/td_Comparision' is clicked on

2019-02-27 17:16:31 - [MESSAGE][PASSED] - Object: 'Object Repository/AdvanceSearch_Page/td_Comparision' is clicked on

2019-02-27 17:16:31 - [TEST_STEP][PASSED] - scrollToElement(findTestObject("AdvanceSearch_Page/option_Equals"), 2): Scroll to object 'Object Repository/AdvanceSearch_Page/option_Equals' successfully

2019-02-27 17:16:33 - [MESSAGE][PASSED] - Scroll to object 'Object Repository/AdvanceSearch_Page/option_Equals' successfully

2019-02-27 17:16:33 - [TEST_STEP][PASSED] - click(findTestObject("AdvanceSearch_Page/option_Equals")): Object: 'Object Repository/AdvanceSearch_Page/option_Equals' is clicked on

2019-02-27 17:16:35 - [MESSAGE][PASSED] - Object: 'Object Repository/AdvanceSearch_Page/option_Equals' is clicked on

2019-02-27 17:16:35 - [TEST_STEP][PASSED] - setText(findTestObject("AdvanceSearch_Page/td_Value"), Lookupvar): Text 'LTD' is set on object 'Object Repository/AdvanceSearch_Page/td_Value'

2019-02-27 17:16:39 - [MESSAGE][PASSED] - Text 'LTD' is set on object 'Object Repository/AdvanceSearch_Page/td_Value'

2019-02-27 17:16:39 - [TEST_STEP][PASSED] - click(findTestObject("AdvanceSearch_Page/AppySearch_button")): Object: 'Object Repository/AdvanceSearch_Page/AppySearch_button' is clicked on

2019-02-27 17:16:42 - [MESSAGE][PASSED] - Object: 'Object Repository/AdvanceSearch_Page/AppySearch_button' is clicked on

2019-02-27 17:16:42 - [TEST_STEP][PASSED] - globalkeywords.record.RecordNotFound(): globalkeywords.record.RecordNotFound is PASSED

2019-02-27 17:16:52 - [MESSAGE][INFO] - Unable to find the element located by 'By.xpath: //td[@class='dataTables_empty']'. Please recheck the objects properties to make sure the desired element is located. 

2019-02-27 17:16:52 - [MESSAGE][WARNING] - Object 'Object Repository/Page_Callidus Cloud Commissions Man/NoRecordsFound' is not present after 10 second(s)

2019-02-27 17:16:52 - [MESSAGE][PASSED] - globalkeywords.record.RecordNotFound is PASSED]]></system-out>
         <system-err><![CDATA[]]></system-err>
      </testcase>
      <testcase name="Test Cases/Compensation_Elements_Workspace/Lookup_Table_Varaibles_exist_in_the_system" classname="Test Cases/Compensation_Elements_Workspace/Lookup_Table_Varaibles_exist_in_the_system" status="PASSED">
         <system-out><![CDATA[2019-02-27 17:16:52 - [TEST_CASE][PASSED] - Test Cases/Compensation_Elements_Workspace/Lookup_Table_Varaibles_exist_in_the_system: Test Cases/Compensation_Elements_Workspace/Lookup_Table_Varaibles_exist_in_the_system

2019-02-27 17:16:53 - [TEST_STEP][PASSED] - Start listener action : sampleBeforeTestCase: null

2019-02-27 17:16:53 - [TEST_STEP][PASSED] - println(testCaseContext.getTestCaseId()): null

2019-02-27 17:16:53 - [TEST_STEP][PASSED] - println(testCaseContext.getTestCaseVariables()): null

2019-02-27 17:16:53 - [TEST_STEP][PASSED] - callTestCase(findTestCase("Commission Login_Logout/Commission Login"), [:], STOP_ON_FAILURE): Call Test Case 'Test Cases/Commission Login_Logout/Commission Login' successfully

2019-02-27 17:16:53 - [TEST_CASE][PASSED] - Test Cases/Commission Login_Logout/Commission Login: Test Cases/Commission Login_Logout/Commission Login

2019-02-27 17:16:53 - [TEST_STEP][PASSED] - openBrowser(""): Browser is opened with url: ''

2019-02-27 17:16:53 - [MESSAGE][WARNING] - A browser is already opened. Closing browser and opening a new one

2019-02-27 17:16:55 - [MESSAGE][INFO] - Starting 'Chrome' driver

2019-02-27 17:17:00 - [MESSAGE][PASSED] - Browser is opened with url: ''

2019-02-27 17:17:00 - [TEST_STEP][PASSED] - navigateToUrl(BecURL): Navigate to 'https://biz3-tst.callidusondemand.com/SalesPortal/#!/' successfully

2019-02-27 17:17:12 - [MESSAGE][PASSED] - Navigate to 'https://biz3-tst.callidusondemand.com/SalesPortal/#!/' successfully

2019-02-27 17:17:12 - [TEST_STEP][PASSED] - maximizeWindow(): Current window maximized

2019-02-27 17:17:14 - [MESSAGE][PASSED] - Current window maximized

2019-02-27 17:17:14 - [TEST_STEP][PASSED] - setText(findTestObject("LoginPage/input_Username_username"), Bec_UserName): Text 'rkulkarn@calliduscloud.com' is set on object 'Object Repository/LoginPage/input_Username_username'

2019-02-27 17:17:18 - [MESSAGE][PASSED] - Text 'rkulkarn@calliduscloud.com' is set on object 'Object Repository/LoginPage/input_Username_username'

2019-02-27 17:17:18 - [TEST_STEP][PASSED] - setText(findTestObject("LoginPage/input_Password_password"), Bec_Password): Text 'Augg@1234' is set on object 'Object Repository/LoginPage/input_Password_password'

2019-02-27 17:17:23 - [MESSAGE][PASSED] - Text 'Augg@1234' is set on object 'Object Repository/LoginPage/input_Password_password'

2019-02-27 17:17:23 - [TEST_STEP][PASSED] - waitForElementClickable(findTestObject("LoginPage/Login_Button"), 2): Object 'Object Repository/LoginPage/Login_Button' is clickable

2019-02-27 17:17:25 - [MESSAGE][PASSED] - Object 'Object Repository/LoginPage/Login_Button' is clickable

2019-02-27 17:17:25 - [TEST_STEP][PASSED] - click(findTestObject("LoginPage/Login_Button")): Object: 'Object Repository/LoginPage/Login_Button' is clicked on

2019-02-27 17:17:27 - [MESSAGE][PASSED] - Object: 'Object Repository/LoginPage/Login_Button' is clicked on

2019-02-27 17:17:27 - [TEST_STEP][PASSED] - waitForPageLoad(2): Wait for page load successfully

2019-02-27 17:17:28 - [MESSAGE][PASSED] - Wait for page load successfully

2019-02-27 17:17:28 - [TEST_STEP][PASSED] - click(findTestObject("MessagesPage/Icon_Apps")): Object: 'Object Repository/MessagesPage/Icon_Apps' is clicked on

2019-02-27 17:17:32 - [MESSAGE][PASSED] - Object: 'Object Repository/MessagesPage/Icon_Apps' is clicked on

2019-02-27 17:17:32 - [TEST_STEP][PASSED] - mouseOver(findTestObject("MessagesPage/Link_Commissions")): Object: 'Object Repository/MessagesPage/Link_Commissions' is hovered

2019-02-27 17:17:35 - [MESSAGE][PASSED] - Object: 'Object Repository/MessagesPage/Link_Commissions' is hovered

2019-02-27 17:17:35 - [TEST_STEP][PASSED] - scrollToElement(findTestObject("MessagesPage/Link_Commissions"), 1): Scroll to object 'Object Repository/MessagesPage/Link_Commissions' successfully

2019-02-27 17:17:37 - [MESSAGE][PASSED] - Scroll to object 'Object Repository/MessagesPage/Link_Commissions' successfully

2019-02-27 17:17:37 - [TEST_STEP][PASSED] - click(findTestObject("MessagesPage/Link_Commissions")): Object: 'Object Repository/MessagesPage/Link_Commissions' is clicked on

2019-02-27 17:17:55 - [MESSAGE][PASSED] - Object: 'Object Repository/MessagesPage/Link_Commissions' is clicked on

2019-02-27 17:17:55 - [TEST_STEP][PASSED] - waitForPageLoad(3): Wait for page load successfully

2019-02-27 17:17:56 - [MESSAGE][PASSED] - Wait for page load successfully

2019-02-27 17:17:56 - [MESSAGE][PASSED] - Call Test Case 'Test Cases/Commission Login_Logout/Commission Login' successfully

2019-02-27 17:17:56 - [TEST_STEP][PASSED] - mouseOver(findTestObject("HomePage_Commission/Commission_CompensationElements/Icon_Compensationelement")): Object: 'Object Repository/HomePage_Commission/Commission_CompensationElements/Icon_Compensationelement' is hovered

2019-02-27 17:17:59 - [MESSAGE][PASSED] - Object: 'Object Repository/HomePage_Commission/Commission_CompensationElements/Icon_Compensationelement' is hovered

2019-02-27 17:17:59 - [TEST_STEP][PASSED] - waitForElementPresent(findTestObject("HomePage_Commission/Commission_CompensationElements/Icon_Compensationelement"), 3): Object 'Object Repository/HomePage_Commission/Commission_CompensationElements/Icon_Compensationelement' is present

2019-02-27 17:18:00 - [MESSAGE][PASSED] - Object 'Object Repository/HomePage_Commission/Commission_CompensationElements/Icon_Compensationelement' is present

2019-02-27 17:18:00 - [TEST_STEP][PASSED] - click(findTestObject("HomePage_Commission/Commission_CompensationElements/Icon_Compensationelement")): Object: 'Object Repository/HomePage_Commission/Commission_CompensationElements/Icon_Compensationelement' is clicked on

2019-02-27 17:18:02 - [MESSAGE][PASSED] - Object: 'Object Repository/HomePage_Commission/Commission_CompensationElements/Icon_Compensationelement' is clicked on

2019-02-27 17:18:02 - [TEST_STEP][PASSED] - println("User is able to naviagte to Plan tab"): null

2019-02-27 17:18:02 - [TEST_STEP][PASSED] - waitForElementVisible(findTestObject("HomePage_Commission/Commission_CompensationElements/Link_Variables"), 7): Object 'Object Repository/HomePage_Commission/Commission_CompensationElements/Link_Variables' is visible

2019-02-27 17:18:04 - [MESSAGE][PASSED] - Object 'Object Repository/HomePage_Commission/Commission_CompensationElements/Link_Variables' is visible

2019-02-27 17:18:04 - [TEST_STEP][PASSED] - mouseOver(findTestObject("HomePage_Commission/Commission_CompensationElements/Link_Variables"), STOP_ON_FAILURE): Object: 'Object Repository/HomePage_Commission/Commission_CompensationElements/Link_Variables' is hovered

2019-02-27 17:18:08 - [MESSAGE][PASSED] - Object: 'Object Repository/HomePage_Commission/Commission_CompensationElements/Link_Variables' is hovered

2019-02-27 17:18:08 - [TEST_STEP][PASSED] - click(findTestObject("HomePage_Commission/Commission_CompensationElements/Link_Variables")): Object: 'Object Repository/HomePage_Commission/Commission_CompensationElements/Link_Variables' is clicked on

2019-02-27 17:18:18 - [MESSAGE][PASSED] - Object: 'Object Repository/HomePage_Commission/Commission_CompensationElements/Link_Variables' is clicked on

2019-02-27 17:18:18 - [TEST_STEP][PASSED] - println("User Naviagted to Varaible screen"): null

2019-02-27 17:18:18 - [TEST_STEP][PASSED] - click(findTestObject("AdvanceSearch_Page/Icon_Advanced Search")): Object: 'Object Repository/AdvanceSearch_Page/Icon_Advanced Search' is clicked on

2019-02-27 17:18:21 - [MESSAGE][PASSED] - Object: 'Object Repository/AdvanceSearch_Page/Icon_Advanced Search' is clicked on

2019-02-27 17:18:21 - [TEST_STEP][PASSED] - click(findTestObject("AdvanceSearch_Page/FieldName_DropDown")): Object: 'Object Repository/AdvanceSearch_Page/FieldName_DropDown' is clicked on

2019-02-27 17:18:23 - [MESSAGE][PASSED] - Object: 'Object Repository/AdvanceSearch_Page/FieldName_DropDown' is clicked on

2019-02-27 17:18:23 - [TEST_STEP][PASSED] - scrollToElement(findTestObject("AdvanceSearch_Page/option_Value"), 4): Scroll to object 'Object Repository/AdvanceSearch_Page/option_Value' successfully

2019-02-27 17:18:26 - [MESSAGE][PASSED] - Scroll to object 'Object Repository/AdvanceSearch_Page/option_Value' successfully

2019-02-27 17:18:26 - [TEST_STEP][PASSED] - click(findTestObject("AdvanceSearch_Page/option_Value")): Object: 'Object Repository/AdvanceSearch_Page/option_Value' is clicked on

2019-02-27 17:18:28 - [MESSAGE][PASSED] - Object: 'Object Repository/AdvanceSearch_Page/option_Value' is clicked on

2019-02-27 17:18:28 - [TEST_STEP][PASSED] - click(findTestObject("AdvanceSearch_Page/td_Comparision")): Object: 'Object Repository/AdvanceSearch_Page/td_Comparision' is clicked on

2019-02-27 17:18:30 - [MESSAGE][PASSED] - Object: 'Object Repository/AdvanceSearch_Page/td_Comparision' is clicked on

2019-02-27 17:18:30 - [TEST_STEP][PASSED] - scrollToElement(findTestObject("AdvanceSearch_Page/option_Equals"), 2): Scroll to object 'Object Repository/AdvanceSearch_Page/option_Equals' successfully

2019-02-27 17:18:32 - [MESSAGE][PASSED] - Scroll to object 'Object Repository/AdvanceSearch_Page/option_Equals' successfully

2019-02-27 17:18:32 - [TEST_STEP][PASSED] - click(findTestObject("AdvanceSearch_Page/option_Equals")): Object: 'Object Repository/AdvanceSearch_Page/option_Equals' is clicked on

2019-02-27 17:18:34 - [MESSAGE][PASSED] - Object: 'Object Repository/AdvanceSearch_Page/option_Equals' is clicked on

2019-02-27 17:18:34 - [TEST_STEP][PASSED] - setText(findTestObject("AdvanceSearch_Page/td_Value"), LUP_Var): Text 'LUTD' is set on object 'Object Repository/AdvanceSearch_Page/td_Value'

2019-02-27 17:18:39 - [MESSAGE][PASSED] - Text 'LUTD' is set on object 'Object Repository/AdvanceSearch_Page/td_Value'

2019-02-27 17:18:39 - [TEST_STEP][PASSED] - click(findTestObject("AdvanceSearch_Page/AppySearch_button")): Object: 'Object Repository/AdvanceSearch_Page/AppySearch_button' is clicked on

2019-02-27 17:18:41 - [MESSAGE][PASSED] - Object: 'Object Repository/AdvanceSearch_Page/AppySearch_button' is clicked on

2019-02-27 17:18:41 - [TEST_STEP][PASSED] - globalkeywords.record.RecordNotFound(): globalkeywords.record.RecordNotFound is PASSED

2019-02-27 17:18:52 - [MESSAGE][INFO] - Unable to find the element located by 'By.xpath: //td[@class='dataTables_empty']'. Please recheck the objects properties to make sure the desired element is located. 

2019-02-27 17:18:52 - [MESSAGE][WARNING] - Object 'Object Repository/Page_Callidus Cloud Commissions Man/NoRecordsFound' is not present after 10 second(s)

2019-02-27 17:18:52 - [MESSAGE][PASSED] - globalkeywords.record.RecordNotFound is PASSED]]></system-out>
         <system-err><![CDATA[]]></system-err>
      </testcase>
      <testcase name="Test Cases/Compensation_Elements_Workspace/Quotas exists in the system" classname="Test Cases/Compensation_Elements_Workspace/Quotas exists in the system" status="PASSED">
         <system-out><![CDATA[2019-02-27 17:18:52 - [TEST_CASE][PASSED] - Test Cases/Compensation_Elements_Workspace/Quotas exists in the system: Test Cases/Compensation_Elements_Workspace/Quotas exists in the system

2019-02-27 17:18:52 - [TEST_STEP][PASSED] - Start listener action : sampleBeforeTestCase: null

2019-02-27 17:18:52 - [TEST_STEP][PASSED] - println(testCaseContext.getTestCaseId()): null

2019-02-27 17:18:52 - [TEST_STEP][PASSED] - println(testCaseContext.getTestCaseVariables()): null

2019-02-27 17:18:52 - [TEST_STEP][PASSED] - callTestCase(findTestCase("Commission Login_Logout/Commission Login"), [:], STOP_ON_FAILURE): Call Test Case 'Test Cases/Commission Login_Logout/Commission Login' successfully

2019-02-27 17:18:52 - [TEST_CASE][PASSED] - Test Cases/Commission Login_Logout/Commission Login: Test Cases/Commission Login_Logout/Commission Login

2019-02-27 17:18:52 - [TEST_STEP][PASSED] - openBrowser(""): Browser is opened with url: ''

2019-02-27 17:18:52 - [MESSAGE][WARNING] - A browser is already opened. Closing browser and opening a new one

2019-02-27 17:18:54 - [MESSAGE][INFO] - Starting 'Chrome' driver

2019-02-27 17:18:59 - [MESSAGE][PASSED] - Browser is opened with url: ''

2019-02-27 17:18:59 - [TEST_STEP][PASSED] - navigateToUrl(BecURL): Navigate to 'https://biz3-tst.callidusondemand.com/SalesPortal/#!/' successfully

2019-02-27 17:19:13 - [MESSAGE][PASSED] - Navigate to 'https://biz3-tst.callidusondemand.com/SalesPortal/#!/' successfully

2019-02-27 17:19:13 - [TEST_STEP][PASSED] - maximizeWindow(): Current window maximized

2019-02-27 17:19:16 - [MESSAGE][PASSED] - Current window maximized

2019-02-27 17:19:16 - [TEST_STEP][PASSED] - setText(findTestObject("LoginPage/input_Username_username"), Bec_UserName): Text 'rkulkarn@calliduscloud.com' is set on object 'Object Repository/LoginPage/input_Username_username'

2019-02-27 17:19:20 - [MESSAGE][PASSED] - Text 'rkulkarn@calliduscloud.com' is set on object 'Object Repository/LoginPage/input_Username_username'

2019-02-27 17:19:20 - [TEST_STEP][PASSED] - setText(findTestObject("LoginPage/input_Password_password"), Bec_Password): Text 'Augg@1234' is set on object 'Object Repository/LoginPage/input_Password_password'

2019-02-27 17:19:24 - [MESSAGE][PASSED] - Text 'Augg@1234' is set on object 'Object Repository/LoginPage/input_Password_password'

2019-02-27 17:19:24 - [TEST_STEP][PASSED] - waitForElementClickable(findTestObject("LoginPage/Login_Button"), 2): Object 'Object Repository/LoginPage/Login_Button' is clickable

2019-02-27 17:19:26 - [MESSAGE][PASSED] - Object 'Object Repository/LoginPage/Login_Button' is clickable

2019-02-27 17:19:26 - [TEST_STEP][PASSED] - click(findTestObject("LoginPage/Login_Button")): Object: 'Object Repository/LoginPage/Login_Button' is clicked on

2019-02-27 17:19:28 - [MESSAGE][PASSED] - Object: 'Object Repository/LoginPage/Login_Button' is clicked on

2019-02-27 17:19:28 - [TEST_STEP][PASSED] - waitForPageLoad(2): Wait for page load successfully

2019-02-27 17:19:29 - [MESSAGE][PASSED] - Wait for page load successfully

2019-02-27 17:19:29 - [TEST_STEP][PASSED] - click(findTestObject("MessagesPage/Icon_Apps")): Object: 'Object Repository/MessagesPage/Icon_Apps' is clicked on

2019-02-27 17:19:33 - [MESSAGE][PASSED] - Object: 'Object Repository/MessagesPage/Icon_Apps' is clicked on

2019-02-27 17:19:33 - [TEST_STEP][PASSED] - mouseOver(findTestObject("MessagesPage/Link_Commissions")): Object: 'Object Repository/MessagesPage/Link_Commissions' is hovered

2019-02-27 17:19:36 - [MESSAGE][PASSED] - Object: 'Object Repository/MessagesPage/Link_Commissions' is hovered

2019-02-27 17:19:36 - [TEST_STEP][PASSED] - scrollToElement(findTestObject("MessagesPage/Link_Commissions"), 1): Scroll to object 'Object Repository/MessagesPage/Link_Commissions' successfully

2019-02-27 17:19:38 - [MESSAGE][PASSED] - Scroll to object 'Object Repository/MessagesPage/Link_Commissions' successfully

2019-02-27 17:19:38 - [TEST_STEP][PASSED] - click(findTestObject("MessagesPage/Link_Commissions")): Object: 'Object Repository/MessagesPage/Link_Commissions' is clicked on

2019-02-27 17:19:56 - [MESSAGE][PASSED] - Object: 'Object Repository/MessagesPage/Link_Commissions' is clicked on

2019-02-27 17:19:56 - [TEST_STEP][PASSED] - waitForPageLoad(3): Wait for page load successfully

2019-02-27 17:19:57 - [MESSAGE][PASSED] - Wait for page load successfully

2019-02-27 17:19:57 - [MESSAGE][PASSED] - Call Test Case 'Test Cases/Commission Login_Logout/Commission Login' successfully

2019-02-27 17:19:57 - [TEST_STEP][PASSED] - mouseOver(findTestObject("HomePage_Commission/Commission_CompensationElements/Icon_Compensationelement")): Object: 'Object Repository/HomePage_Commission/Commission_CompensationElements/Icon_Compensationelement' is hovered

2019-02-27 17:20:00 - [MESSAGE][PASSED] - Object: 'Object Repository/HomePage_Commission/Commission_CompensationElements/Icon_Compensationelement' is hovered

2019-02-27 17:20:00 - [TEST_STEP][PASSED] - waitForElementPresent(findTestObject("HomePage_Commission/Commission_CompensationElements/Icon_Compensationelement"), 3): Object 'Object Repository/HomePage_Commission/Commission_CompensationElements/Icon_Compensationelement' is present

2019-02-27 17:20:01 - [MESSAGE][PASSED] - Object 'Object Repository/HomePage_Commission/Commission_CompensationElements/Icon_Compensationelement' is present

2019-02-27 17:20:01 - [TEST_STEP][PASSED] - click(findTestObject("HomePage_Commission/Commission_CompensationElements/Icon_Compensationelement")): Object: 'Object Repository/HomePage_Commission/Commission_CompensationElements/Icon_Compensationelement' is clicked on

2019-02-27 17:20:03 - [MESSAGE][PASSED] - Object: 'Object Repository/HomePage_Commission/Commission_CompensationElements/Icon_Compensationelement' is clicked on

2019-02-27 17:20:03 - [TEST_STEP][PASSED] - println("User is able to naviagte to Plan tab"): null

2019-02-27 17:20:03 - [TEST_STEP][PASSED] - waitForElementVisible(findTestObject("HomePage_Commission/Commission_CompensationElements/Link_Quota"), 4): Object 'Object Repository/HomePage_Commission/Commission_CompensationElements/Link_Quota' is visible

2019-02-27 17:20:05 - [MESSAGE][PASSED] - Object 'Object Repository/HomePage_Commission/Commission_CompensationElements/Link_Quota' is visible

2019-02-27 17:20:05 - [TEST_STEP][PASSED] - mouseOver(findTestObject("HomePage_Commission/Commission_CompensationElements/Link_Quota"), STOP_ON_FAILURE): Object: 'Object Repository/HomePage_Commission/Commission_CompensationElements/Link_Quota' is hovered

2019-02-27 17:20:08 - [MESSAGE][PASSED] - Object: 'Object Repository/HomePage_Commission/Commission_CompensationElements/Link_Quota' is hovered

2019-02-27 17:20:08 - [TEST_STEP][PASSED] - click(findTestObject("HomePage_Commission/Commission_CompensationElements/Link_Quota")): Object: 'Object Repository/HomePage_Commission/Commission_CompensationElements/Link_Quota' is clicked on

2019-02-27 17:20:19 - [MESSAGE][PASSED] - Object: 'Object Repository/HomePage_Commission/Commission_CompensationElements/Link_Quota' is clicked on

2019-02-27 17:20:19 - [TEST_STEP][PASSED] - println("User Naviagted to Quotas screen"): null

2019-02-27 17:20:19 - [TEST_STEP][PASSED] - click(findTestObject("AdvanceSearch_Page/Icon_Advanced Search")): Object: 'Object Repository/AdvanceSearch_Page/Icon_Advanced Search' is clicked on

2019-02-27 17:20:22 - [MESSAGE][PASSED] - Object: 'Object Repository/AdvanceSearch_Page/Icon_Advanced Search' is clicked on

2019-02-27 17:20:22 - [TEST_STEP][PASSED] - click(findTestObject("AdvanceSearch_Page/FieldName_DropDown")): Object: 'Object Repository/AdvanceSearch_Page/FieldName_DropDown' is clicked on

2019-02-27 17:20:24 - [MESSAGE][PASSED] - Object: 'Object Repository/AdvanceSearch_Page/FieldName_DropDown' is clicked on

2019-02-27 17:20:24 - [TEST_STEP][PASSED] - scrollToElement(findTestObject("AdvanceSearch_Page/option_QuotaName"), 4): Scroll to object 'Object Repository/AdvanceSearch_Page/option_QuotaName' successfully

2019-02-27 17:20:26 - [MESSAGE][PASSED] - Scroll to object 'Object Repository/AdvanceSearch_Page/option_QuotaName' successfully

2019-02-27 17:20:26 - [TEST_STEP][PASSED] - click(findTestObject("AdvanceSearch_Page/option_QuotaName")): Object: 'Object Repository/AdvanceSearch_Page/option_QuotaName' is clicked on

2019-02-27 17:20:28 - [MESSAGE][PASSED] - Object: 'Object Repository/AdvanceSearch_Page/option_QuotaName' is clicked on

2019-02-27 17:20:28 - [TEST_STEP][PASSED] - click(findTestObject("AdvanceSearch_Page/td_Comparision")): Object: 'Object Repository/AdvanceSearch_Page/td_Comparision' is clicked on

2019-02-27 17:20:30 - [MESSAGE][PASSED] - Object: 'Object Repository/AdvanceSearch_Page/td_Comparision' is clicked on

2019-02-27 17:20:30 - [TEST_STEP][PASSED] - scrollToElement(findTestObject("AdvanceSearch_Page/option_Equals"), 2): Scroll to object 'Object Repository/AdvanceSearch_Page/option_Equals' successfully

2019-02-27 17:20:32 - [MESSAGE][PASSED] - Scroll to object 'Object Repository/AdvanceSearch_Page/option_Equals' successfully

2019-02-27 17:20:32 - [TEST_STEP][PASSED] - click(findTestObject("AdvanceSearch_Page/option_Equals")): Object: 'Object Repository/AdvanceSearch_Page/option_Equals' is clicked on

2019-02-27 17:20:35 - [MESSAGE][PASSED] - Object: 'Object Repository/AdvanceSearch_Page/option_Equals' is clicked on

2019-02-27 17:20:35 - [TEST_STEP][PASSED] - setText(findTestObject("AdvanceSearch_Page/td_Value"), Quotas): Text 'Quota' is set on object 'Object Repository/AdvanceSearch_Page/td_Value'

2019-02-27 17:20:39 - [MESSAGE][PASSED] - Text 'Quota' is set on object 'Object Repository/AdvanceSearch_Page/td_Value'

2019-02-27 17:20:39 - [TEST_STEP][PASSED] - click(findTestObject("AdvanceSearch_Page/AppySearch_button")): Object: 'Object Repository/AdvanceSearch_Page/AppySearch_button' is clicked on

2019-02-27 17:20:41 - [MESSAGE][PASSED] - Object: 'Object Repository/AdvanceSearch_Page/AppySearch_button' is clicked on

2019-02-27 17:20:41 - [TEST_STEP][PASSED] - globalkeywords.record.RecordNotFound(): globalkeywords.record.RecordNotFound is PASSED

2019-02-27 17:20:52 - [MESSAGE][INFO] - Unable to find the element located by 'By.xpath: //td[@class='dataTables_empty']'. Please recheck the objects properties to make sure the desired element is located. 

2019-02-27 17:20:52 - [MESSAGE][WARNING] - Object 'Object Repository/Page_Callidus Cloud Commissions Man/NoRecordsFound' is not present after 10 second(s)

2019-02-27 17:20:52 - [MESSAGE][PASSED] - globalkeywords.record.RecordNotFound is PASSED]]></system-out>
         <system-err><![CDATA[]]></system-err>
      </testcase>
      <testcase name="Test Cases/Compensation_Elements_Workspace/Rate_Tables_exist_in_the_system" classname="Test Cases/Compensation_Elements_Workspace/Rate_Tables_exist_in_the_system" status="PASSED">
         <system-out><![CDATA[2019-02-27 17:20:52 - [TEST_CASE][PASSED] - Test Cases/Compensation_Elements_Workspace/Rate_Tables_exist_in_the_system: Test Cases/Compensation_Elements_Workspace/Rate_Tables_exist_in_the_system

2019-02-27 17:20:52 - [TEST_STEP][PASSED] - Start listener action : sampleBeforeTestCase: null

2019-02-27 17:20:52 - [TEST_STEP][PASSED] - println(testCaseContext.getTestCaseId()): null

2019-02-27 17:20:52 - [TEST_STEP][PASSED] - println(testCaseContext.getTestCaseVariables()): null

2019-02-27 17:20:52 - [TEST_STEP][PASSED] - callTestCase(findTestCase("Commission Login_Logout/Commission Login"), [:], STOP_ON_FAILURE): Call Test Case 'Test Cases/Commission Login_Logout/Commission Login' successfully

2019-02-27 17:20:52 - [TEST_CASE][PASSED] - Test Cases/Commission Login_Logout/Commission Login: Test Cases/Commission Login_Logout/Commission Login

2019-02-27 17:20:52 - [TEST_STEP][PASSED] - openBrowser(""): Browser is opened with url: ''

2019-02-27 17:20:52 - [MESSAGE][WARNING] - A browser is already opened. Closing browser and opening a new one

2019-02-27 17:20:54 - [MESSAGE][INFO] - Starting 'Chrome' driver

2019-02-27 17:20:59 - [MESSAGE][PASSED] - Browser is opened with url: ''

2019-02-27 17:20:59 - [TEST_STEP][PASSED] - navigateToUrl(BecURL): Navigate to 'https://biz3-tst.callidusondemand.com/SalesPortal/#!/' successfully

2019-02-27 17:21:17 - [MESSAGE][PASSED] - Navigate to 'https://biz3-tst.callidusondemand.com/SalesPortal/#!/' successfully

2019-02-27 17:21:17 - [TEST_STEP][PASSED] - maximizeWindow(): Current window maximized

2019-02-27 17:21:19 - [MESSAGE][PASSED] - Current window maximized

2019-02-27 17:21:19 - [TEST_STEP][PASSED] - setText(findTestObject("LoginPage/input_Username_username"), Bec_UserName): Text 'rkulkarn@calliduscloud.com' is set on object 'Object Repository/LoginPage/input_Username_username'

2019-02-27 17:21:24 - [MESSAGE][PASSED] - Text 'rkulkarn@calliduscloud.com' is set on object 'Object Repository/LoginPage/input_Username_username'

2019-02-27 17:21:24 - [TEST_STEP][PASSED] - setText(findTestObject("LoginPage/input_Password_password"), Bec_Password): Text 'Augg@1234' is set on object 'Object Repository/LoginPage/input_Password_password'

2019-02-27 17:21:28 - [MESSAGE][PASSED] - Text 'Augg@1234' is set on object 'Object Repository/LoginPage/input_Password_password'

2019-02-27 17:21:28 - [TEST_STEP][PASSED] - waitForElementClickable(findTestObject("LoginPage/Login_Button"), 2): Object 'Object Repository/LoginPage/Login_Button' is clickable

2019-02-27 17:21:30 - [MESSAGE][PASSED] - Object 'Object Repository/LoginPage/Login_Button' is clickable

2019-02-27 17:21:30 - [TEST_STEP][PASSED] - click(findTestObject("LoginPage/Login_Button")): Object: 'Object Repository/LoginPage/Login_Button' is clicked on

2019-02-27 17:21:32 - [MESSAGE][PASSED] - Object: 'Object Repository/LoginPage/Login_Button' is clicked on

2019-02-27 17:21:32 - [TEST_STEP][PASSED] - waitForPageLoad(2): Wait for page load successfully

2019-02-27 17:21:33 - [MESSAGE][PASSED] - Wait for page load successfully

2019-02-27 17:21:33 - [TEST_STEP][PASSED] - click(findTestObject("MessagesPage/Icon_Apps")): Object: 'Object Repository/MessagesPage/Icon_Apps' is clicked on

2019-02-27 17:21:37 - [MESSAGE][PASSED] - Object: 'Object Repository/MessagesPage/Icon_Apps' is clicked on

2019-02-27 17:21:37 - [TEST_STEP][PASSED] - mouseOver(findTestObject("MessagesPage/Link_Commissions")): Object: 'Object Repository/MessagesPage/Link_Commissions' is hovered

2019-02-27 17:21:40 - [MESSAGE][PASSED] - Object: 'Object Repository/MessagesPage/Link_Commissions' is hovered

2019-02-27 17:21:40 - [TEST_STEP][PASSED] - scrollToElement(findTestObject("MessagesPage/Link_Commissions"), 1): Scroll to object 'Object Repository/MessagesPage/Link_Commissions' successfully

2019-02-27 17:21:42 - [MESSAGE][PASSED] - Scroll to object 'Object Repository/MessagesPage/Link_Commissions' successfully

2019-02-27 17:21:42 - [TEST_STEP][PASSED] - click(findTestObject("MessagesPage/Link_Commissions")): Object: 'Object Repository/MessagesPage/Link_Commissions' is clicked on

2019-02-27 17:22:00 - [MESSAGE][PASSED] - Object: 'Object Repository/MessagesPage/Link_Commissions' is clicked on

2019-02-27 17:22:00 - [TEST_STEP][PASSED] - waitForPageLoad(3): Wait for page load successfully

2019-02-27 17:22:01 - [MESSAGE][PASSED] - Wait for page load successfully

2019-02-27 17:22:01 - [MESSAGE][PASSED] - Call Test Case 'Test Cases/Commission Login_Logout/Commission Login' successfully

2019-02-27 17:22:01 - [TEST_STEP][PASSED] - mouseOver(findTestObject("HomePage_Commission/Commission_CompensationElements/Icon_Compensationelement")): Object: 'Object Repository/HomePage_Commission/Commission_CompensationElements/Icon_Compensationelement' is hovered

2019-02-27 17:22:04 - [MESSAGE][PASSED] - Object: 'Object Repository/HomePage_Commission/Commission_CompensationElements/Icon_Compensationelement' is hovered

2019-02-27 17:22:04 - [TEST_STEP][PASSED] - waitForElementPresent(findTestObject("HomePage_Commission/Commission_CompensationElements/Icon_Compensationelement"), 3): Object 'Object Repository/HomePage_Commission/Commission_CompensationElements/Icon_Compensationelement' is present

2019-02-27 17:22:05 - [MESSAGE][PASSED] - Object 'Object Repository/HomePage_Commission/Commission_CompensationElements/Icon_Compensationelement' is present

2019-02-27 17:22:05 - [TEST_STEP][PASSED] - click(findTestObject("HomePage_Commission/Commission_CompensationElements/Icon_Compensationelement")): Object: 'Object Repository/HomePage_Commission/Commission_CompensationElements/Icon_Compensationelement' is clicked on

2019-02-27 17:22:07 - [MESSAGE][PASSED] - Object: 'Object Repository/HomePage_Commission/Commission_CompensationElements/Icon_Compensationelement' is clicked on

2019-02-27 17:22:07 - [TEST_STEP][PASSED] - println("User is able to naviagte to Plan tab"): null

2019-02-27 17:22:07 - [TEST_STEP][PASSED] - waitForElementVisible(findTestObject("HomePage_Commission/Commission_CompensationElements/Link_Rate Tables"), 5): Object 'Object Repository/HomePage_Commission/Commission_CompensationElements/Link_Rate Tables' is visible

2019-02-27 17:22:09 - [MESSAGE][PASSED] - Object 'Object Repository/HomePage_Commission/Commission_CompensationElements/Link_Rate Tables' is visible

2019-02-27 17:22:09 - [TEST_STEP][PASSED] - mouseOver(findTestObject("HomePage_Commission/Commission_CompensationElements/Link_Rate Tables"), STOP_ON_FAILURE): Object: 'Object Repository/HomePage_Commission/Commission_CompensationElements/Link_Rate Tables' is hovered

2019-02-27 17:22:12 - [MESSAGE][PASSED] - Object: 'Object Repository/HomePage_Commission/Commission_CompensationElements/Link_Rate Tables' is hovered

2019-02-27 17:22:12 - [TEST_STEP][PASSED] - click(findTestObject("HomePage_Commission/Commission_CompensationElements/Link_Rate Tables")): Object: 'Object Repository/HomePage_Commission/Commission_CompensationElements/Link_Rate Tables' is clicked on

2019-02-27 17:22:25 - [MESSAGE][PASSED] - Object: 'Object Repository/HomePage_Commission/Commission_CompensationElements/Link_Rate Tables' is clicked on

2019-02-27 17:22:25 - [TEST_STEP][PASSED] - println("User Naviagted to Rate Tables screen"): null

2019-02-27 17:22:25 - [TEST_STEP][PASSED] - click(findTestObject("AdvanceSearch_Page/Icon_Advanced Search")): Object: 'Object Repository/AdvanceSearch_Page/Icon_Advanced Search' is clicked on

2019-02-27 17:22:28 - [MESSAGE][PASSED] - Object: 'Object Repository/AdvanceSearch_Page/Icon_Advanced Search' is clicked on

2019-02-27 17:22:28 - [TEST_STEP][PASSED] - click(findTestObject("AdvanceSearch_Page/FieldName_DropDown")): Object: 'Object Repository/AdvanceSearch_Page/FieldName_DropDown' is clicked on

2019-02-27 17:22:30 - [MESSAGE][PASSED] - Object: 'Object Repository/AdvanceSearch_Page/FieldName_DropDown' is clicked on

2019-02-27 17:22:30 - [TEST_STEP][PASSED] - scrollToElement(findTestObject("AdvanceSearch_Page/option_Compensations Elements"), 4): Scroll to object 'Object Repository/AdvanceSearch_Page/option_Compensations Elements' successfully

2019-02-27 17:22:32 - [MESSAGE][PASSED] - Scroll to object 'Object Repository/AdvanceSearch_Page/option_Compensations Elements' successfully

2019-02-27 17:22:32 - [TEST_STEP][PASSED] - click(findTestObject("AdvanceSearch_Page/option_Compensations Elements")): Object: 'Object Repository/AdvanceSearch_Page/option_Compensations Elements' is clicked on

2019-02-27 17:22:35 - [MESSAGE][PASSED] - Object: 'Object Repository/AdvanceSearch_Page/option_Compensations Elements' is clicked on

2019-02-27 17:22:35 - [TEST_STEP][PASSED] - click(findTestObject("AdvanceSearch_Page/td_Comparision")): Object: 'Object Repository/AdvanceSearch_Page/td_Comparision' is clicked on

2019-02-27 17:22:37 - [MESSAGE][PASSED] - Object: 'Object Repository/AdvanceSearch_Page/td_Comparision' is clicked on

2019-02-27 17:22:37 - [TEST_STEP][PASSED] - scrollToElement(findTestObject("AdvanceSearch_Page/option_Equals"), 2): Scroll to object 'Object Repository/AdvanceSearch_Page/option_Equals' successfully

2019-02-27 17:22:39 - [MESSAGE][PASSED] - Scroll to object 'Object Repository/AdvanceSearch_Page/option_Equals' successfully

2019-02-27 17:22:39 - [TEST_STEP][PASSED] - click(findTestObject("AdvanceSearch_Page/option_Equals")): Object: 'Object Repository/AdvanceSearch_Page/option_Equals' is clicked on

2019-02-27 17:22:41 - [MESSAGE][PASSED] - Object: 'Object Repository/AdvanceSearch_Page/option_Equals' is clicked on

2019-02-27 17:22:41 - [TEST_STEP][PASSED] - setText(findTestObject("AdvanceSearch_Page/td_Value"), Rate_table): Text 'R_T_Demo1' is set on object 'Object Repository/AdvanceSearch_Page/td_Value'

2019-02-27 17:22:46 - [MESSAGE][PASSED] - Text 'R_T_Demo1' is set on object 'Object Repository/AdvanceSearch_Page/td_Value'

2019-02-27 17:22:46 - [TEST_STEP][PASSED] - click(findTestObject("AdvanceSearch_Page/AppySearch_button")): Object: 'Object Repository/AdvanceSearch_Page/AppySearch_button' is clicked on

2019-02-27 17:22:48 - [MESSAGE][PASSED] - Object: 'Object Repository/AdvanceSearch_Page/AppySearch_button' is clicked on

2019-02-27 17:22:48 - [TEST_STEP][PASSED] - globalkeywords.record.RecordNotFound(): globalkeywords.record.RecordNotFound is PASSED

2019-02-27 17:22:59 - [MESSAGE][INFO] - Unable to find the element located by 'By.xpath: //td[@class='dataTables_empty']'. Please recheck the objects properties to make sure the desired element is located. 

2019-02-27 17:22:59 - [MESSAGE][WARNING] - Object 'Object Repository/Page_Callidus Cloud Commissions Man/NoRecordsFound' is not present after 10 second(s)

2019-02-27 17:22:59 - [MESSAGE][PASSED] - globalkeywords.record.RecordNotFound is PASSED]]></system-out>
         <system-err><![CDATA[]]></system-err>
      </testcase>
      <testcase name="Test Cases/Compensation_Elements_Workspace/Rate_Table_Variable_exist_in_the_system" classname="Test Cases/Compensation_Elements_Workspace/Rate_Table_Variable_exist_in_the_system" status="PASSED">
         <system-out><![CDATA[2019-02-27 17:22:59 - [TEST_CASE][PASSED] - Test Cases/Compensation_Elements_Workspace/Rate_Table_Variable_exist_in_the_system: Test Cases/Compensation_Elements_Workspace/Rate_Table_Variable_exist_in_the_system

2019-02-27 17:22:59 - [TEST_STEP][PASSED] - Start listener action : sampleBeforeTestCase: null

2019-02-27 17:22:59 - [TEST_STEP][PASSED] - println(testCaseContext.getTestCaseId()): null

[...]

2019-02-27 18:10:43 - [MESSAGE][PASSED] - Object: 'Object Repository/HomePage_Commission/Commission_Plandata/Icon_PlanData' is hovered

2019-02-27 18:10:43 - [TEST_STEP][PASSED] - waitForElementPresent(findTestObject("HomePage_Commission/Commission_Plandata/Icon_PlanData"), 2): Object 'Object Repository/HomePage_Commission/Commission_Plandata/Icon_PlanData' is present

2019-02-27 18:10:44 - [MESSAGE][PASSED] - Object 'Object Repository/HomePage_Commission/Commission_Plandata/Icon_PlanData' is present

2019-02-27 18:10:44 - [TEST_STEP][PASSED] - click(findTestObject("HomePage_Commission/Commission_Plandata/Icon_PlanData")): Object: 'Object Repository/HomePage_Commission/Commission_Plandata/Icon_PlanData' is clicked on

2019-02-27 18:10:46 - [MESSAGE][PASSED] - Object: 'Object Repository/HomePage_Commission/Commission_Plandata/Icon_PlanData' is clicked on

2019-02-27 18:10:46 - [TEST_STEP][PASSED] - println("User is able to naviagte to Plan tab"): null

2019-02-27 18:10:46 - [TEST_STEP][PASSED] - waitForElementVisible(findTestObject("HomePage_Commission/Commission_Plandata/Link_Plan"), 2): Object 'Object Repository/HomePage_Commission/Commission_Plandata/Link_Plan' is visible

2019-02-27 18:10:48 - [MESSAGE][PASSED] - Object 'Object Repository/HomePage_Commission/Commission_Plandata/Link_Plan' is visible

2019-02-27 18:10:48 - [TEST_STEP][PASSED] - mouseOver(findTestObject("HomePage_Commission/Commission_Plandata/Link_Plan")): Object: 'Object Repository/HomePage_Commission/Commission_Plandata/Link_Plan' is hovered

2019-02-27 18:10:51 - [MESSAGE][PASSED] - Object: 'Object Repository/HomePage_Commission/Commission_Plandata/Link_Plan' is hovered

2019-02-27 18:10:51 - [TEST_STEP][PASSED] - click(findTestObject("HomePage_Commission/Commission_Plandata/Link_Plan")): Object: 'Object Repository/HomePage_Commission/Commission_Plandata/Link_Plan' is clicked on

2019-02-27 18:11:08 - [MESSAGE][PASSED] - Object: 'Object Repository/HomePage_Commission/Commission_Plandata/Link_Plan' is clicked on

2019-02-27 18:11:08 - [TEST_STEP][PASSED] - println("User Naviagted to Plans screen"): null

2019-02-27 18:11:08 - [TEST_STEP][PASSED] - callTestCase(findTestCase("Script_For_Advancesearch/AdvanceSearch"), ["SerachString":"Plan_Raj"], STOP_ON_FAILURE): Call Test Case 'Test Cases/Script_For_Advancesearch/AdvanceSearch' successfully

2019-02-27 18:11:08 - [TEST_CASE][PASSED] - Test Cases/Script_For_Advancesearch/AdvanceSearch: Test Cases/Script_For_Advancesearch/AdvanceSearch

2019-02-27 18:11:08 - [TEST_STEP][PASSED] - waitForPageLoad(5): Wait for page load successfully

2019-02-27 18:11:09 - [MESSAGE][PASSED] - Wait for page load successfully

2019-02-27 18:11:09 - [TEST_STEP][PASSED] - scrollToPosition(0, 0): Browser is scrolled to position x = 0, y = 0

2019-02-27 18:11:10 - [MESSAGE][PASSED] - Browser is scrolled to position x = 0, y = 0

2019-02-27 18:11:10 - [TEST_STEP][PASSED] - click(findTestObject("AdvanceSearch_Page/Icon_Advanced Search")): Object: 'Object Repository/AdvanceSearch_Page/Icon_Advanced Search' is clicked on

2019-02-27 18:11:12 - [MESSAGE][PASSED] - Object: 'Object Repository/AdvanceSearch_Page/Icon_Advanced Search' is clicked on

2019-02-27 18:11:12 - [TEST_STEP][PASSED] - waitForElementVisible(findTestObject("AdvanceSearch_Page/FieldName_DropDown"), 2): Object 'Object Repository/AdvanceSearch_Page/FieldName_DropDown' is visible

2019-02-27 18:11:14 - [MESSAGE][PASSED] - Object 'Object Repository/AdvanceSearch_Page/FieldName_DropDown' is visible

2019-02-27 18:11:14 - [TEST_STEP][PASSED] - click(findTestObject("AdvanceSearch_Page/FieldName_DropDown")): Object: 'Object Repository/AdvanceSearch_Page/FieldName_DropDown' is clicked on

2019-02-27 18:11:16 - [MESSAGE][PASSED] - Object: 'Object Repository/AdvanceSearch_Page/FieldName_DropDown' is clicked on

2019-02-27 18:11:16 - [TEST_STEP][PASSED] - scrollToElement(findTestObject("AdvanceSearch_Page/option_Value"), 4): Scroll to object 'Object Repository/AdvanceSearch_Page/option_Value' successfully

2019-02-27 18:11:19 - [MESSAGE][PASSED] - Scroll to object 'Object Repository/AdvanceSearch_Page/option_Value' successfully

2019-02-27 18:11:19 - [TEST_STEP][PASSED] - waitForElementClickable(findTestObject("AdvanceSearch_Page/option_Value"), 2): Object 'Object Repository/AdvanceSearch_Page/option_Value' is clickable

2019-02-27 18:11:21 - [MESSAGE][PASSED] - Object 'Object Repository/AdvanceSearch_Page/option_Value' is clickable

2019-02-27 18:11:21 - [TEST_STEP][PASSED] - click(findTestObject("AdvanceSearch_Page/option_Value")): Object: 'Object Repository/AdvanceSearch_Page/option_Value' is clicked on

2019-02-27 18:11:23 - [MESSAGE][PASSED] - Object: 'Object Repository/AdvanceSearch_Page/option_Value' is clicked on

2019-02-27 18:11:23 - [TEST_STEP][PASSED] - click(findTestObject("AdvanceSearch_Page/td_Comparision")): Object: 'Object Repository/AdvanceSearch_Page/td_Comparision' is clicked on

2019-02-27 18:11:25 - [MESSAGE][PASSED] - Object: 'Object Repository/AdvanceSearch_Page/td_Comparision' is clicked on

2019-02-27 18:11:25 - [TEST_STEP][PASSED] - waitForElementVisible(findTestObject("AdvanceSearch_Page/option_Equals"), 2): Object 'Object Repository/AdvanceSearch_Page/option_Equals' is visible

2019-02-27 18:11:27 - [MESSAGE][PASSED] - Object 'Object Repository/AdvanceSearch_Page/option_Equals' is visible

2019-02-27 18:11:27 - [TEST_STEP][PASSED] - scrollToElement(findTestObject("AdvanceSearch_Page/option_Equals"), 2): Scroll to object 'Object Repository/AdvanceSearch_Page/option_Equals' successfully

2019-02-27 18:11:29 - [MESSAGE][PASSED] - Scroll to object 'Object Repository/AdvanceSearch_Page/option_Equals' successfully

2019-02-27 18:11:29 - [TEST_STEP][PASSED] - waitForElementClickable(findTestObject("AdvanceSearch_Page/option_Equals"), 2): Object 'Object Repository/AdvanceSearch_Page/option_Equals' is clickable

2019-02-27 18:11:31 - [MESSAGE][PASSED] - Object 'Object Repository/AdvanceSearch_Page/option_Equals' is clickable

2019-02-27 18:11:31 - [TEST_STEP][PASSED] - click(findTestObject("AdvanceSearch_Page/option_Equals")): Object: 'Object Repository/AdvanceSearch_Page/option_Equals' is clicked on

2019-02-27 18:11:33 - [MESSAGE][PASSED] - Object: 'Object Repository/AdvanceSearch_Page/option_Equals' is clicked on

2019-02-27 18:11:33 - [TEST_STEP][PASSED] - waitForElementClickable(findTestObject("AdvanceSearch_Page/td_Value"), 5): Object 'Object Repository/AdvanceSearch_Page/td_Value' is clickable

2019-02-27 18:11:35 - [MESSAGE][PASSED] - Object 'Object Repository/AdvanceSearch_Page/td_Value' is clickable

2019-02-27 18:11:35 - [TEST_STEP][PASSED] - click(findTestObject("AdvanceSearch_Page/td_Value")): Object: 'Object Repository/AdvanceSearch_Page/td_Value' is clicked on

2019-02-27 18:11:38 - [MESSAGE][PASSED] - Object: 'Object Repository/AdvanceSearch_Page/td_Value' is clicked on

2019-02-27 18:11:38 - [TEST_STEP][PASSED] - setText(findTestObject("AdvanceSearch_Page/td_Value"), SerachString): Text 'Plan_Raj' is set on object 'Object Repository/AdvanceSearch_Page/td_Value'

2019-02-27 18:11:42 - [MESSAGE][PASSED] - Text 'Plan_Raj' is set on object 'Object Repository/AdvanceSearch_Page/td_Value'

2019-02-27 18:11:42 - [TEST_STEP][PASSED] - waitForElementClickable(findTestObject("AdvanceSearch_Page/AppySearch_button"), 2): Object 'Object Repository/AdvanceSearch_Page/AppySearch_button' is clickable

2019-02-27 18:11:44 - [MESSAGE][PASSED] - Object 'Object Repository/AdvanceSearch_Page/AppySearch_button' is clickable

2019-02-27 18:11:44 - [TEST_STEP][PASSED] - click(findTestObject("AdvanceSearch_Page/AppySearch_button")): Object: 'Object Repository/AdvanceSearch_Page/AppySearch_button' is clicked on

2019-02-27 18:11:46 - [MESSAGE][PASSED] - Object: 'Object Repository/AdvanceSearch_Page/AppySearch_button' is clicked on

2019-02-27 18:11:46 - [TEST_STEP][PASSED] - globalkeywords.record.RecordNotFound(): globalkeywords.record.RecordNotFound is PASSED

2019-02-27 18:11:57 - [MESSAGE][INFO] - Unable to find the element located by 'By.xpath: //td[@class='dataTables_empty']'. Please recheck the objects properties to make sure the desired element is located. 

2019-02-27 18:11:57 - [MESSAGE][WARNING] - Object 'Object Repository/Page_Callidus Cloud Commissions Man/NoRecordsFound' is not present after 10 second(s)

2019-02-27 18:11:57 - [MESSAGE][PASSED] - globalkeywords.record.RecordNotFound is PASSED

2019-02-27 18:11:57 - [MESSAGE][PASSED] - Call Test Case 'Test Cases/Script_For_Advancesearch/AdvanceSearch' successfully]]></system-out>
         <system-err><![CDATA[]]></system-err>
      </testcase>
      <testcase name="Test Cases/Security_workspace/Users exists in the system" classname="Test Cases/Security_workspace/Users exists in the system" status="PASSED">
         <system-out><![CDATA[2019-02-27 18:11:57 - [TEST_CASE][PASSED] - Test Cases/Security_workspace/Users exists in the system: Test Cases/Security_workspace/Users exists in the system

2019-02-27 18:11:57 - [TEST_STEP][PASSED] - Start listener action : sampleBeforeTestCase: null

2019-02-27 18:11:57 - [TEST_STEP][PASSED] - println(testCaseContext.getTestCaseId()): null

2019-02-27 18:11:57 - [TEST_STEP][PASSED] - println(testCaseContext.getTestCaseVariables()): null

2019-02-27 18:11:57 - [TEST_STEP][PASSED] - callTestCase(findTestCase("Commission Login_Logout/Commission Login"), [:], STOP_ON_FAILURE): Call Test Case 'Test Cases/Commission Login_Logout/Commission Login' successfully

2019-02-27 18:11:57 - [TEST_CASE][PASSED] - Test Cases/Commission Login_Logout/Commission Login: Test Cases/Commission Login_Logout/Commission Login

2019-02-27 18:11:57 - [TEST_STEP][PASSED] - openBrowser(""): Browser is opened with url: ''

2019-02-27 18:11:57 - [MESSAGE][WARNING] - A browser is already opened. Closing browser and opening a new one

2019-02-27 18:11:59 - [MESSAGE][INFO] - Starting 'Chrome' driver

2019-02-27 18:12:05 - [MESSAGE][PASSED] - Browser is opened with url: ''

2019-02-27 18:12:05 - [TEST_STEP][PASSED] - navigateToUrl(BecURL): Navigate to 'https://biz3-tst.callidusondemand.com/SalesPortal/#!/' successfully

2019-02-27 18:12:22 - [MESSAGE][PASSED] - Navigate to 'https://biz3-tst.callidusondemand.com/SalesPortal/#!/' successfully

2019-02-27 18:12:22 - [TEST_STEP][PASSED] - maximizeWindow(): Current window maximized

2019-02-27 18:12:24 - [MESSAGE][PASSED] - Current window maximized

2019-02-27 18:12:24 - [TEST_STEP][PASSED] - setText(findTestObject("LoginPage/input_Username_username"), Bec_UserName): Text 'rkulkarn@calliduscloud.com' is set on object 'Object Repository/LoginPage/input_Username_username'

2019-02-27 18:12:29 - [MESSAGE][PASSED] - Text 'rkulkarn@calliduscloud.com' is set on object 'Object Repository/LoginPage/input_Username_username'

2019-02-27 18:12:29 - [TEST_STEP][PASSED] - setText(findTestObject("LoginPage/input_Password_password"), Bec_Password): Text 'Augg@1234' is set on object 'Object Repository/LoginPage/input_Password_password'

2019-02-27 18:12:33 - [MESSAGE][PASSED] - Text 'Augg@1234' is set on object 'Object Repository/LoginPage/input_Password_password'

2019-02-27 18:12:33 - [TEST_STEP][PASSED] - waitForElementClickable(findTestObject("LoginPage/Login_Button"), 2): Object 'Object Repository/LoginPage/Login_Button' is clickable

2019-02-27 18:12:35 - [MESSAGE][PASSED] - Object 'Object Repository/LoginPage/Login_Button' is clickable

2019-02-27 18:12:35 - [TEST_STEP][PASSED] - click(findTestObject("LoginPage/Login_Button")): Object: 'Object Repository/LoginPage/Login_Button' is clicked on

2019-02-27 18:12:37 - [MESSAGE][PASSED] - Object: 'Object Repository/LoginPage/Login_Button' is clicked on

2019-02-27 18:12:37 - [TEST_STEP][PASSED] - waitForPageLoad(2): Wait for page load successfully

2019-02-27 18:12:38 - [MESSAGE][PASSED] - Wait for page load successfully

2019-02-27 18:12:38 - [TEST_STEP][PASSED] - click(findTestObject("MessagesPage/Icon_Apps")): Object: 'Object Repository/MessagesPage/Icon_Apps' is clicked on

2019-02-27 18:12:42 - [MESSAGE][PASSED] - Object: 'Object Repository/MessagesPage/Icon_Apps' is clicked on

2019-02-27 18:12:42 - [TEST_STEP][PASSED] - mouseOver(findTestObject("MessagesPage/Link_Commissions")): Object: 'Object Repository/MessagesPage/Link_Commissions' is hovered

2019-02-27 18:12:45 - [MESSAGE][PASSED] - Object: 'Object Repository/MessagesPage/Link_Commissions' is hovered

2019-02-27 18:12:45 - [TEST_STEP][PASSED] - scrollToElement(findTestObject("MessagesPage/Link_Commissions"), 1): Scroll to object 'Object Repository/MessagesPage/Link_Commissions' successfully

2019-02-27 18:12:47 - [MESSAGE][PASSED] - Scroll to object 'Object Repository/MessagesPage/Link_Commissions' successfully

2019-02-27 18:12:47 - [TEST_STEP][PASSED] - click(findTestObject("MessagesPage/Link_Commissions")): Object: 'Object Repository/MessagesPage/Link_Commissions' is clicked on

2019-02-27 18:13:09 - [MESSAGE][PASSED] - Object: 'Object Repository/MessagesPage/Link_Commissions' is clicked on

2019-02-27 18:13:09 - [TEST_STEP][PASSED] - waitForPageLoad(3): Wait for page load successfully

2019-02-27 18:13:10 - [MESSAGE][PASSED] - Wait for page load successfully

2019-02-27 18:13:10 - [MESSAGE][PASSED] - Call Test Case 'Test Cases/Commission Login_Logout/Commission Login' successfully

2019-02-27 18:13:10 - [TEST_STEP][PASSED] - mouseOver(findTestObject("HomePage_Commission/Commission_Security/Icon_security")): Object: 'Object Repository/HomePage_Commission/Commission_Security/Icon_security' is hovered

2019-02-27 18:13:13 - [MESSAGE][PASSED] - Object: 'Object Repository/HomePage_Commission/Commission_Security/Icon_security' is hovered

2019-02-27 18:13:13 - [TEST_STEP][PASSED] - waitForElementPresent(findTestObject("HomePage_Commission/Commission_Security/Icon_security"), 8): Object 'Object Repository/HomePage_Commission/Commission_Security/Icon_security' is present

2019-02-27 18:13:14 - [MESSAGE][PASSED] - Object 'Object Repository/HomePage_Commission/Commission_Security/Icon_security' is present

2019-02-27 18:13:14 - [TEST_STEP][PASSED] - click(findTestObject("HomePage_Commission/Commission_Security/Icon_security")): Object: 'Object Repository/HomePage_Commission/Commission_Security/Icon_security' is clicked on

2019-02-27 18:13:16 - [MESSAGE][PASSED] - Object: 'Object Repository/HomePage_Commission/Commission_Security/Icon_security' is clicked on

2019-02-27 18:13:16 - [TEST_STEP][PASSED] - println("User is able to naviagte to Administration tab"): null

2019-02-27 18:13:16 - [TEST_STEP][PASSED] - waitForElementVisible(findTestObject("HomePage_Commission/Commission_Security/Link_Users"), 3): Object 'Object Repository/HomePage_Commission/Commission_Security/Link_Users' is visible

2019-02-27 18:13:18 - [MESSAGE][PASSED] - Object 'Object Repository/HomePage_Commission/Commission_Security/Link_Users' is visible

2019-02-27 18:13:18 - [TEST_STEP][PASSED] - mouseOver(findTestObject("HomePage_Commission/Commission_Security/Link_Users"), STOP_ON_FAILURE): Object: 'Object Repository/HomePage_Commission/Commission_Security/Link_Users' is hovered

2019-02-27 18:13:21 - [MESSAGE][PASSED] - Object: 'Object Repository/HomePage_Commission/Commission_Security/Link_Users' is hovered

2019-02-27 18:13:21 - [TEST_STEP][PASSED] - click(findTestObject("HomePage_Commission/Commission_Security/Link_Users")): Object: 'Object Repository/HomePage_Commission/Commission_Security/Link_Users' is clicked on

2019-02-27 18:13:37 - [MESSAGE][PASSED] - Object: 'Object Repository/HomePage_Commission/Commission_Security/Link_Users' is clicked on

2019-02-27 18:13:37 - [TEST_STEP][PASSED] - println("User Naviagted to Users screen"): null

2019-02-27 18:13:37 - [TEST_STEP][PASSED] - scrollToPosition(0, 0): Browser is scrolled to position x = 0, y = 0

2019-02-27 18:13:39 - [MESSAGE][PASSED] - Browser is scrolled to position x = 0, y = 0

2019-02-27 18:13:39 - [TEST_STEP][PASSED] - click(findTestObject("AdvanceSearch_Page/Icon_Advanced Search")): Object: 'Object Repository/AdvanceSearch_Page/Icon_Advanced Search' is clicked on

2019-02-27 18:13:41 - [MESSAGE][PASSED] - Object: 'Object Repository/AdvanceSearch_Page/Icon_Advanced Search' is clicked on

2019-02-27 18:13:41 - [TEST_STEP][PASSED] - click(findTestObject("AdvanceSearch_Page/FieldName_DropDown")): Object: 'Object Repository/AdvanceSearch_Page/FieldName_DropDown' is clicked on

2019-02-27 18:13:43 - [MESSAGE][PASSED] - Object: 'Object Repository/AdvanceSearch_Page/FieldName_DropDown' is clicked on

2019-02-27 18:13:43 - [TEST_STEP][PASSED] - scrollToElement(findTestObject("AdvanceSearch_Page/option_UserName"), 7): Scroll to object 'Object Repository/AdvanceSearch_Page/option_UserName' successfully

2019-02-27 18:13:46 - [MESSAGE][PASSED] - Scroll to object 'Object Repository/AdvanceSearch_Page/option_UserName' successfully

2019-02-27 18:13:46 - [TEST_STEP][PASSED] - click(findTestObject("AdvanceSearch_Page/option_UserName")): Object: 'Object Repository/AdvanceSearch_Page/option_UserName' is clicked on

2019-02-27 18:13:48 - [MESSAGE][PASSED] - Object: 'Object Repository/AdvanceSearch_Page/option_UserName' is clicked on

2019-02-27 18:13:48 - [TEST_STEP][PASSED] - click(findTestObject("AdvanceSearch_Page/td_Comparision")): Object: 'Object Repository/AdvanceSearch_Page/td_Comparision' is clicked on

2019-02-27 18:13:50 - [MESSAGE][PASSED] - Object: 'Object Repository/AdvanceSearch_Page/td_Comparision' is clicked on

2019-02-27 18:13:50 - [TEST_STEP][PASSED] - scrollToElement(findTestObject("AdvanceSearch_Page/option_Equals"), 2): Scroll to object 'Object Repository/AdvanceSearch_Page/option_Equals' successfully

2019-02-27 18:13:52 - [MESSAGE][PASSED] - Scroll to object 'Object Repository/AdvanceSearch_Page/option_Equals' successfully

2019-02-27 18:13:52 - [TEST_STEP][PASSED] - click(findTestObject("AdvanceSearch_Page/option_Equals")): Object: 'Object Repository/AdvanceSearch_Page/option_Equals' is clicked on

2019-02-27 18:13:54 - [MESSAGE][PASSED] - Object: 'Object Repository/AdvanceSearch_Page/option_Equals' is clicked on

2019-02-27 18:13:54 - [TEST_STEP][PASSED] - setText(findTestObject("AdvanceSearch_Page/td_Value"), UserName): Text 'skadhulu@calliduscloud.com' is set on object 'Object Repository/AdvanceSearch_Page/td_Value'

2019-02-27 18:13:59 - [MESSAGE][PASSED] - Text 'skadhulu@calliduscloud.com' is set on object 'Object Repository/AdvanceSearch_Page/td_Value'

2019-02-27 18:13:59 - [TEST_STEP][PASSED] - click(findTestObject("AdvanceSearch_Page/AppySearch_button")): Object: 'Object Repository/AdvanceSearch_Page/AppySearch_button' is clicked on

2019-02-27 18:14:01 - [MESSAGE][PASSED] - Object: 'Object Repository/AdvanceSearch_Page/AppySearch_button' is clicked on

2019-02-27 18:14:01 - [TEST_STEP][PASSED] - globalkeywords.record.RecordNotFound(): globalkeywords.record.RecordNotFound is PASSED

2019-02-27 18:14:12 - [MESSAGE][INFO] - Unable to find the element located by 'By.xpath: //td[@class='dataTables_empty']'. Please recheck the objects properties to make sure the desired element is located. 

2019-02-27 18:14:12 - [MESSAGE][WARNING] - Object 'Object Repository/Page_Callidus Cloud Commissions Man/NoRecordsFound' is not present after 10 second(s)

2019-02-27 18:14:12 - [MESSAGE][PASSED] - globalkeywords.record.RecordNotFound is PASSED]]></system-out>
         <system-err><![CDATA[]]></system-err>
      </testcase>
      <system-out><![CDATA[2019-02-27 17:08:09 - [TEST_SUITE][PASSED] - Report testing: Test Cases/Security_workspace/Users exists in the system]]></system-out>
      <system-err><![CDATA[]]></system-err>
   </testsuite>
</testsuites>
